Symlinking /home/jean-pascal/YDAYS_Bras_robot/ws_moveit/devel/share/moveit_ros_occupancy_map_monitor/cmake/moveit_ros_occupancy_map_monitorConfig.cmake
Symlinking /home/jean-pascal/YDAYS_Bras_robot/ws_moveit/devel/share/moveit_ros_occupancy_map_monitor/cmake/moveit_ros_occupancy_map_monitorConfig-version.cmake
Symlinking /home/jean-pascal/YDAYS_Bras_robot/ws_moveit/devel/lib/libmoveit_ros_occupancy_map_monitor.so
Symlinking /home/jean-pascal/YDAYS_Bras_robot/ws_moveit/devel/lib/libmoveit_ros_occupancy_map_monitor.so.1.1.9
Symlinking /home/jean-pascal/YDAYS_Bras_robot/ws_moveit/devel/lib/pkgconfig/moveit_ros_occupancy_map_monitor.pc
Symlinking /home/jean-pascal/YDAYS_Bras_robot/ws_moveit/devel/lib/moveit_ros_occupancy_map_monitor/moveit_ros_occupancy_map_server
Cleaning: (/home/jean-pascal/ws_moveit/devel/.private/moveit_ros_occupancy_map_monitor/cmake.lock, /home/jean-pascal/ws_moveit/devel/./cmake.lock)
Cleaning: (/home/jean-pascal/ws_moveit/devel/.private/moveit_ros_occupancy_map_monitor/share/moveit_ros_occupancy_map_monitor/cmake/moveit_ros_occupancy_map_monitorConfig.cmake, /home/jean-pascal/ws_moveit/devel/share/moveit_ros_occupancy_map_monitor/cmake/moveit_ros_occupancy_map_monitorConfig.cmake)
Cleaning: (/home/jean-pascal/ws_moveit/devel/.private/moveit_ros_occupancy_map_monitor/share/moveit_ros_occupancy_map_monitor/cmake/moveit_ros_occupancy_map_monitorConfig-version.cmake, /home/jean-pascal/ws_moveit/devel/share/moveit_ros_occupancy_map_monitor/cmake/moveit_ros_occupancy_map_monitorConfig-version.cmake)
Cleaning: (/home/jean-pascal/ws_moveit/devel/.private/moveit_ros_occupancy_map_monitor/lib/libmoveit_ros_occupancy_map_monitor.so, /home/jean-pascal/ws_moveit/devel/lib/libmoveit_ros_occupancy_map_monitor.so)
Cleaning: (/home/jean-pascal/ws_moveit/devel/.private/moveit_ros_occupancy_map_monitor/lib/libmoveit_ros_occupancy_map_monitor.so.1.1.9, /home/jean-pascal/ws_moveit/devel/lib/libmoveit_ros_occupancy_map_monitor.so.1.1.9)
Cleaning: (/home/jean-pascal/ws_moveit/devel/.private/moveit_ros_occupancy_map_monitor/lib/pkgconfig/moveit_ros_occupancy_map_monitor.pc, /home/jean-pascal/ws_moveit/devel/lib/pkgconfig/moveit_ros_occupancy_map_monitor.pc)
Cleaning: (/home/jean-pascal/ws_moveit/devel/.private/moveit_ros_occupancy_map_monitor/lib/moveit_ros_occupancy_map_monitor/moveit_ros_occupancy_map_server, /home/jean-pascal/ws_moveit/devel/lib/moveit_ros_occupancy_map_monitor/moveit_ros_occupancy_map_server)
Unlinking: /home/jean-pascal/ws_moveit/devel/share/moveit_ros_occupancy_map_monitor/cmake/moveit_ros_occupancy_map_monitorConfig.cmake
Already unlinked: {}
Unlinking: /home/jean-pascal/ws_moveit/devel/share/moveit_ros_occupancy_map_monitor/cmake/moveit_ros_occupancy_map_monitorConfig-version.cmake
Already unlinked: {}
Unlinking: /home/jean-pascal/ws_moveit/devel/lib/libmoveit_ros_occupancy_map_monitor.so
Already unlinked: {}
Unlinking: /home/jean-pascal/ws_moveit/devel/lib/libmoveit_ros_occupancy_map_monitor.so.1.1.9
Already unlinked: {}
Unlinking: /home/jean-pascal/ws_moveit/devel/lib/pkgconfig/moveit_ros_occupancy_map_monitor.pc
Already unlinked: {}
Unlinking: /home/jean-pascal/ws_moveit/devel/lib/moveit_ros_occupancy_map_monitor/moveit_ros_occupancy_map_server
Already unlinked: {}
