Symlinking /home/jean-pascal/YDAYS_Bras_robot/ws_moveit/devel/share/moveit_ros_planning_interface/cmake/moveit_ros_planning_interfaceConfig.cmake
Symlinking /home/jean-pascal/YDAYS_Bras_robot/ws_moveit/devel/share/moveit_ros_planning_interface/cmake/moveit_ros_planning_interfaceConfig-version.cmake
Symlinking /home/jean-pascal/YDAYS_Bras_robot/ws_moveit/devel/lib/libmoveit_py_bindings_tools.so
Symlinking /home/jean-pascal/YDAYS_Bras_robot/ws_moveit/devel/lib/libmoveit_py_bindings_tools.so.1.1.9
Symlinking /home/jean-pascal/YDAYS_Bras_robot/ws_moveit/devel/lib/libmoveit_planning_scene_interface.so
Symlinking /home/jean-pascal/YDAYS_Bras_robot/ws_moveit/devel/lib/libmoveit_move_group_interface.so
Symlinking /home/jean-pascal/YDAYS_Bras_robot/ws_moveit/devel/lib/libmoveit_planning_scene_interface.so.1.1.9
Symlinking /home/jean-pascal/YDAYS_Bras_robot/ws_moveit/devel/lib/libmoveit_move_group_interface.so.1.1.9
Symlinking /home/jean-pascal/YDAYS_Bras_robot/ws_moveit/devel/lib/libmoveit_common_planning_interface_objects.so
Symlinking /home/jean-pascal/YDAYS_Bras_robot/ws_moveit/devel/lib/libmoveit_common_planning_interface_objects.so.1.1.9
Symlinking /home/jean-pascal/YDAYS_Bras_robot/ws_moveit/devel/lib/moveit_ros_planning_interface/test_cleanup
Symlinking /home/jean-pascal/YDAYS_Bras_robot/ws_moveit/devel/lib/moveit_ros_planning_interface/demo
Symlinking /home/jean-pascal/YDAYS_Bras_robot/ws_moveit/devel/lib/python3/dist-packages/moveit_ros_planning_interface/_moveit_planning_interface_test_serialize_msg_cpp_helper.so
Symlinking /home/jean-pascal/YDAYS_Bras_robot/ws_moveit/devel/lib/python3/dist-packages/moveit_ros_planning_interface/_moveit_planning_interface_test_serialize_msg_cpp_helper.so.1.1.9
Symlinking /home/jean-pascal/YDAYS_Bras_robot/ws_moveit/devel/lib/python3/dist-packages/moveit_ros_planning_interface/_moveit_roscpp_initializer.so.1.1.9
Symlinking /home/jean-pascal/YDAYS_Bras_robot/ws_moveit/devel/lib/python3/dist-packages/moveit_ros_planning_interface/_moveit_move_group_interface.so
Symlinking /home/jean-pascal/YDAYS_Bras_robot/ws_moveit/devel/lib/python3/dist-packages/moveit_ros_planning_interface/_moveit_roscpp_initializer.so
Symlinking /home/jean-pascal/YDAYS_Bras_robot/ws_moveit/devel/lib/python3/dist-packages/moveit_ros_planning_interface/_moveit_robot_interface.so.1.1.9
Symlinking /home/jean-pascal/YDAYS_Bras_robot/ws_moveit/devel/lib/python3/dist-packages/moveit_ros_planning_interface/__init__.py
Symlinking /home/jean-pascal/YDAYS_Bras_robot/ws_moveit/devel/lib/python3/dist-packages/moveit_ros_planning_interface/_moveit_robot_interface.so
Symlinking /home/jean-pascal/YDAYS_Bras_robot/ws_moveit/devel/lib/python3/dist-packages/moveit_ros_planning_interface/_moveit_planning_scene_interface.so.1.1.9
Symlinking /home/jean-pascal/YDAYS_Bras_robot/ws_moveit/devel/lib/python3/dist-packages/moveit_ros_planning_interface/_moveit_planning_scene_interface.so
Symlinking /home/jean-pascal/YDAYS_Bras_robot/ws_moveit/devel/lib/python3/dist-packages/moveit_ros_planning_interface/_moveit_move_group_interface.so.1.1.9
Symlinking /home/jean-pascal/YDAYS_Bras_robot/ws_moveit/devel/lib/pkgconfig/moveit_ros_planning_interface.pc
Cleaning: (/home/jean-pascal/ws_moveit/devel/.private/moveit_ros_planning_interface/cmake.lock, /home/jean-pascal/ws_moveit/devel/./cmake.lock)
Cleaning: (/home/jean-pascal/ws_moveit/devel/.private/moveit_ros_planning_interface/share/moveit_ros_planning_interface/cmake/moveit_ros_planning_interfaceConfig.cmake, /home/jean-pascal/ws_moveit/devel/share/moveit_ros_planning_interface/cmake/moveit_ros_planning_interfaceConfig.cmake)
Cleaning: (/home/jean-pascal/ws_moveit/devel/.private/moveit_ros_planning_interface/share/moveit_ros_planning_interface/cmake/moveit_ros_planning_interfaceConfig-version.cmake, /home/jean-pascal/ws_moveit/devel/share/moveit_ros_planning_interface/cmake/moveit_ros_planning_interfaceConfig-version.cmake)
Cleaning: (/home/jean-pascal/ws_moveit/devel/.private/moveit_ros_planning_interface/lib/libmoveit_py_bindings_tools.so, /home/jean-pascal/ws_moveit/devel/lib/libmoveit_py_bindings_tools.so)
Cleaning: (/home/jean-pascal/ws_moveit/devel/.private/moveit_ros_planning_interface/lib/libmoveit_py_bindings_tools.so.1.1.9, /home/jean-pascal/ws_moveit/devel/lib/libmoveit_py_bindings_tools.so.1.1.9)
Cleaning: (/home/jean-pascal/ws_moveit/devel/.private/moveit_ros_planning_interface/lib/libmoveit_planning_scene_interface.so, /home/jean-pascal/ws_moveit/devel/lib/libmoveit_planning_scene_interface.so)
Cleaning: (/home/jean-pascal/ws_moveit/devel/.private/moveit_ros_planning_interface/lib/libmoveit_move_group_interface.so, /home/jean-pascal/ws_moveit/devel/lib/libmoveit_move_group_interface.so)
Cleaning: (/home/jean-pascal/ws_moveit/devel/.private/moveit_ros_planning_interface/lib/libmoveit_planning_scene_interface.so.1.1.9, /home/jean-pascal/ws_moveit/devel/lib/libmoveit_planning_scene_interface.so.1.1.9)
Cleaning: (/home/jean-pascal/ws_moveit/devel/.private/moveit_ros_planning_interface/lib/libmoveit_move_group_interface.so.1.1.9, /home/jean-pascal/ws_moveit/devel/lib/libmoveit_move_group_interface.so.1.1.9)
Cleaning: (/home/jean-pascal/ws_moveit/devel/.private/moveit_ros_planning_interface/lib/libmoveit_common_planning_interface_objects.so, /home/jean-pascal/ws_moveit/devel/lib/libmoveit_common_planning_interface_objects.so)
Cleaning: (/home/jean-pascal/ws_moveit/devel/.private/moveit_ros_planning_interface/lib/libmoveit_common_planning_interface_objects.so.1.1.9, /home/jean-pascal/ws_moveit/devel/lib/libmoveit_common_planning_interface_objects.so.1.1.9)
Cleaning: (/home/jean-pascal/ws_moveit/devel/.private/moveit_ros_planning_interface/lib/moveit_ros_planning_interface/test_cleanup, /home/jean-pascal/ws_moveit/devel/lib/moveit_ros_planning_interface/test_cleanup)
Cleaning: (/home/jean-pascal/ws_moveit/devel/.private/moveit_ros_planning_interface/lib/moveit_ros_planning_interface/demo, /home/jean-pascal/ws_moveit/devel/lib/moveit_ros_planning_interface/demo)
Cleaning: (/home/jean-pascal/ws_moveit/devel/.private/moveit_ros_planning_interface/lib/python3/dist-packages/moveit_ros_planning_interface/_moveit_planning_interface_test_serialize_msg_cpp_helper.so, /home/jean-pascal/ws_moveit/devel/lib/python3/dist-packages/moveit_ros_planning_interface/_moveit_planning_interface_test_serialize_msg_cpp_helper.so)
Cleaning: (/home/jean-pascal/ws_moveit/devel/.private/moveit_ros_planning_interface/lib/python3/dist-packages/moveit_ros_planning_interface/_moveit_planning_interface_test_serialize_msg_cpp_helper.so.1.1.9, /home/jean-pascal/ws_moveit/devel/lib/python3/dist-packages/moveit_ros_planning_interface/_moveit_planning_interface_test_serialize_msg_cpp_helper.so.1.1.9)
Cleaning: (/home/jean-pascal/ws_moveit/devel/.private/moveit_ros_planning_interface/lib/python3/dist-packages/moveit_ros_planning_interface/_moveit_roscpp_initializer.so.1.1.9, /home/jean-pascal/ws_moveit/devel/lib/python3/dist-packages/moveit_ros_planning_interface/_moveit_roscpp_initializer.so.1.1.9)
Cleaning: (/home/jean-pascal/ws_moveit/devel/.private/moveit_ros_planning_interface/lib/python3/dist-packages/moveit_ros_planning_interface/_moveit_move_group_interface.so, /home/jean-pascal/ws_moveit/devel/lib/python3/dist-packages/moveit_ros_planning_interface/_moveit_move_group_interface.so)
Cleaning: (/home/jean-pascal/ws_moveit/devel/.private/moveit_ros_planning_interface/lib/python3/dist-packages/moveit_ros_planning_interface/_moveit_roscpp_initializer.so, /home/jean-pascal/ws_moveit/devel/lib/python3/dist-packages/moveit_ros_planning_interface/_moveit_roscpp_initializer.so)
Cleaning: (/home/jean-pascal/ws_moveit/devel/.private/moveit_ros_planning_interface/lib/python3/dist-packages/moveit_ros_planning_interface/_moveit_robot_interface.so.1.1.9, /home/jean-pascal/ws_moveit/devel/lib/python3/dist-packages/moveit_ros_planning_interface/_moveit_robot_interface.so.1.1.9)
Cleaning: (/home/jean-pascal/ws_moveit/devel/.private/moveit_ros_planning_interface/lib/python3/dist-packages/moveit_ros_planning_interface/__init__.py, /home/jean-pascal/ws_moveit/devel/lib/python3/dist-packages/moveit_ros_planning_interface/__init__.py)
Cleaning: (/home/jean-pascal/ws_moveit/devel/.private/moveit_ros_planning_interface/lib/python3/dist-packages/moveit_ros_planning_interface/_moveit_robot_interface.so, /home/jean-pascal/ws_moveit/devel/lib/python3/dist-packages/moveit_ros_planning_interface/_moveit_robot_interface.so)
Cleaning: (/home/jean-pascal/ws_moveit/devel/.private/moveit_ros_planning_interface/lib/python3/dist-packages/moveit_ros_planning_interface/_moveit_planning_scene_interface.so.1.1.9, /home/jean-pascal/ws_moveit/devel/lib/python3/dist-packages/moveit_ros_planning_interface/_moveit_planning_scene_interface.so.1.1.9)
Cleaning: (/home/jean-pascal/ws_moveit/devel/.private/moveit_ros_planning_interface/lib/python3/dist-packages/moveit_ros_planning_interface/_moveit_planning_scene_interface.so, /home/jean-pascal/ws_moveit/devel/lib/python3/dist-packages/moveit_ros_planning_interface/_moveit_planning_scene_interface.so)
Cleaning: (/home/jean-pascal/ws_moveit/devel/.private/moveit_ros_planning_interface/lib/python3/dist-packages/moveit_ros_planning_interface/_moveit_move_group_interface.so.1.1.9, /home/jean-pascal/ws_moveit/devel/lib/python3/dist-packages/moveit_ros_planning_interface/_moveit_move_group_interface.so.1.1.9)
Cleaning: (/home/jean-pascal/ws_moveit/devel/.private/moveit_ros_planning_interface/lib/pkgconfig/moveit_ros_planning_interface.pc, /home/jean-pascal/ws_moveit/devel/lib/pkgconfig/moveit_ros_planning_interface.pc)
Unlinking: /home/jean-pascal/ws_moveit/devel/share/moveit_ros_planning_interface/cmake/moveit_ros_planning_interfaceConfig.cmake
Already unlinked: {}
Unlinking: /home/jean-pascal/ws_moveit/devel/share/moveit_ros_planning_interface/cmake/moveit_ros_planning_interfaceConfig-version.cmake
Already unlinked: {}
Unlinking: /home/jean-pascal/ws_moveit/devel/lib/libmoveit_py_bindings_tools.so
Already unlinked: {}
Unlinking: /home/jean-pascal/ws_moveit/devel/lib/libmoveit_py_bindings_tools.so.1.1.9
Already unlinked: {}
Unlinking: /home/jean-pascal/ws_moveit/devel/lib/libmoveit_planning_scene_interface.so
Already unlinked: {}
Unlinking: /home/jean-pascal/ws_moveit/devel/lib/libmoveit_move_group_interface.so
Already unlinked: {}
Unlinking: /home/jean-pascal/ws_moveit/devel/lib/libmoveit_planning_scene_interface.so.1.1.9
Already unlinked: {}
Unlinking: /home/jean-pascal/ws_moveit/devel/lib/libmoveit_move_group_interface.so.1.1.9
Already unlinked: {}
Unlinking: /home/jean-pascal/ws_moveit/devel/lib/libmoveit_common_planning_interface_objects.so
Already unlinked: {}
Unlinking: /home/jean-pascal/ws_moveit/devel/lib/libmoveit_common_planning_interface_objects.so.1.1.9
Already unlinked: {}
Unlinking: /home/jean-pascal/ws_moveit/devel/lib/moveit_ros_planning_interface/test_cleanup
Already unlinked: {}
Unlinking: /home/jean-pascal/ws_moveit/devel/lib/moveit_ros_planning_interface/demo
Already unlinked: {}
Unlinking: /home/jean-pascal/ws_moveit/devel/lib/python3/dist-packages/moveit_ros_planning_interface/_moveit_planning_interface_test_serialize_msg_cpp_helper.so
Already unlinked: {}
Unlinking: /home/jean-pascal/ws_moveit/devel/lib/python3/dist-packages/moveit_ros_planning_interface/_moveit_planning_interface_test_serialize_msg_cpp_helper.so.1.1.9
Already unlinked: {}
Unlinking: /home/jean-pascal/ws_moveit/devel/lib/python3/dist-packages/moveit_ros_planning_interface/_moveit_roscpp_initializer.so.1.1.9
Already unlinked: {}
Unlinking: /home/jean-pascal/ws_moveit/devel/lib/python3/dist-packages/moveit_ros_planning_interface/_moveit_move_group_interface.so
Already unlinked: {}
Unlinking: /home/jean-pascal/ws_moveit/devel/lib/python3/dist-packages/moveit_ros_planning_interface/_moveit_roscpp_initializer.so
Already unlinked: {}
Unlinking: /home/jean-pascal/ws_moveit/devel/lib/python3/dist-packages/moveit_ros_planning_interface/_moveit_robot_interface.so.1.1.9
Already unlinked: {}
Unlinking: /home/jean-pascal/ws_moveit/devel/lib/python3/dist-packages/moveit_ros_planning_interface/__init__.py
Already unlinked: {}
Unlinking: /home/jean-pascal/ws_moveit/devel/lib/python3/dist-packages/moveit_ros_planning_interface/_moveit_robot_interface.so
Already unlinked: {}
Unlinking: /home/jean-pascal/ws_moveit/devel/lib/python3/dist-packages/moveit_ros_planning_interface/_moveit_planning_scene_interface.so.1.1.9
Already unlinked: {}
Unlinking: /home/jean-pascal/ws_moveit/devel/lib/python3/dist-packages/moveit_ros_planning_interface/_moveit_planning_scene_interface.so
Already unlinked: {}
Unlinking: /home/jean-pascal/ws_moveit/devel/lib/python3/dist-packages/moveit_ros_planning_interface/_moveit_move_group_interface.so.1.1.9
Already unlinked: {}
Unlinking: /home/jean-pascal/ws_moveit/devel/lib/pkgconfig/moveit_ros_planning_interface.pc
Already unlinked: {}
