[35m[1mScanning dependencies of target _moveit_msgs_generate_messages_check_deps_PickupActionGoal[0m
[  0%] Built target _moveit_msgs_generate_messages_check_deps_PickupActionGoal
[35m[1mScanning dependencies of target _moveit_msgs_generate_messages_check_deps_MoveGroupSequenceAction[0m
[  0%] Built target _moveit_msgs_generate_messages_check_deps_MoveGroupSequenceAction
[35m[1mScanning dependencies of target geometry_msgs_generate_messages_nodejs[0m
[  0%] Built target geometry_msgs_generate_messages_nodejs
[35m[1mScanning dependencies of target _moveit_msgs_generate_messages_check_deps_Constraints[0m
[  0%] Built target _moveit_msgs_generate_messages_check_deps_Constraints
[35m[1mScanning dependencies of target object_recognition_msgs_generate_messages_nodejs[0m
[  0%] Built target object_recognition_msgs_generate_messages_nodejs
[35m[1mScanning dependencies of target _moveit_msgs_generate_messages_check_deps_MotionPlanRequest[0m
[  0%] Built target _moveit_msgs_generate_messages_check_deps_MotionPlanRequest
[35m[1mScanning dependencies of target _moveit_msgs_generate_messages_check_deps_GetPlanningScene[0m
[  0%] Built target _moveit_msgs_generate_messages_check_deps_GetPlanningScene
[35m[1mScanning dependencies of target _moveit_msgs_generate_messages_check_deps_PlannerParams[0m
[  0%] Built target _moveit_msgs_generate_messages_check_deps_PlannerParams
[35m[1mScanning dependencies of target _moveit_msgs_generate_messages_check_deps_PlanningScene[0m
[  0%] Built target _moveit_msgs_generate_messages_check_deps_PlanningScene
[35m[1mScanning dependencies of target _moveit_msgs_generate_messages_check_deps_MoveGroupSequenceActionGoal[0m
[  0%] Built target _moveit_msgs_generate_messages_check_deps_MoveGroupSequenceActionGoal
[35m[1mScanning dependencies of target _moveit_msgs_generate_messages_check_deps_MotionSequenceResponse[0m
[  0%] Built target _moveit_msgs_generate_messages_check_deps_MotionSequenceResponse
[35m[1mScanning dependencies of target _moveit_msgs_generate_messages_check_deps_OrientedBoundingBox[0m
[  0%] Built target _moveit_msgs_generate_messages_check_deps_OrientedBoundingBox
[35m[1mScanning dependencies of target trajectory_msgs_generate_messages_nodejs[0m
[  0%] Built target trajectory_msgs_generate_messages_nodejs
[35m[1mScanning dependencies of target _moveit_msgs_generate_messages_check_deps_MotionSequenceItem[0m
[35m[1mScanning dependencies of target _moveit_msgs_generate_messages_check_deps_CartesianTrajectoryPoint[0m
[35m[1mScanning dependencies of target _moveit_msgs_generate_messages_check_deps_MoveGroupActionFeedback[0m
[  0%] Built target _moveit_msgs_generate_messages_check_deps_MotionSequenceItem
[35m[1mScanning dependencies of target _moveit_msgs_generate_messages_check_deps_GetMotionSequence[0m
[  0%] Built target _moveit_msgs_generate_messages_check_deps_CartesianTrajectoryPoint
[35m[1mScanning dependencies of target _moveit_msgs_generate_messages_check_deps_MoveItErrorCodes[0m
[  0%] Built target _moveit_msgs_generate_messages_check_deps_MoveGroupActionFeedback
[35m[1mScanning dependencies of target _moveit_msgs_generate_messages_check_deps_RobotTrajectory[0m
[  0%] Built target _moveit_msgs_generate_messages_check_deps_GetMotionSequence
[35m[1mScanning dependencies of target _moveit_msgs_generate_messages_check_deps_QueryPlannerInterfaces[0m
[  0%] Built target _moveit_msgs_generate_messages_check_deps_MoveItErrorCodes
[35m[1mScanning dependencies of target _moveit_msgs_generate_messages_check_deps_GraspPlanning[0m
[  0%] Built target _moveit_msgs_generate_messages_check_deps_RobotTrajectory
[  0%] Built target _moveit_msgs_generate_messages_check_deps_QueryPlannerInterfaces
[35m[1mScanning dependencies of target _moveit_msgs_generate_messages_check_deps_GetStateValidity[0m
[35m[1mScanning dependencies of target _moveit_msgs_generate_messages_check_deps_ExecuteKnownTrajectory[0m
[  0%] Built target _moveit_msgs_generate_messages_check_deps_GraspPlanning
[35m[1mScanning dependencies of target _moveit_msgs_generate_messages_check_deps_GetMotionPlan[0m
[  0%] Built target _moveit_msgs_generate_messages_check_deps_GetStateValidity
[  0%] Built target _moveit_msgs_generate_messages_check_deps_ExecuteKnownTrajectory
[35m[1mScanning dependencies of target _moveit_msgs_generate_messages_check_deps_GetPositionFK[0m
[35m[1mScanning dependencies of target _moveit_msgs_generate_messages_check_deps_MoveGroupActionResult[0m
[  0%] Built target _moveit_msgs_generate_messages_check_deps_GetMotionPlan
[35m[1mScanning dependencies of target _moveit_msgs_generate_messages_check_deps_MoveGroupSequenceGoal[0m
[  0%] Built target _moveit_msgs_generate_messages_check_deps_GetPositionFK
[  0%] Built target _moveit_msgs_generate_messages_check_deps_MoveGroupActionResult
[35m[1mScanning dependencies of target _moveit_msgs_generate_messages_check_deps_MoveGroupAction[0m
[35m[1mScanning dependencies of target _moveit_msgs_generate_messages_check_deps_ExecuteTrajectoryGoal[0m
[  0%] Built target _moveit_msgs_generate_messages_check_deps_MoveGroupSequenceGoal
[35m[1mScanning dependencies of target _moveit_msgs_generate_messages_check_deps_ExecuteTrajectoryActionResult[0m
[  0%] Built target _moveit_msgs_generate_messages_check_deps_ExecuteTrajectoryGoal
[  0%] Built target _moveit_msgs_generate_messages_check_deps_MoveGroupAction
[35m[1mScanning dependencies of target _moveit_msgs_generate_messages_check_deps_ExecuteTrajectoryActionGoal[0m
[35m[1mScanning dependencies of target actionlib_msgs_generate_messages_nodejs[0m
[  0%] Built target actionlib_msgs_generate_messages_nodejs
[  0%] Built target _moveit_msgs_generate_messages_check_deps_ExecuteTrajectoryActionResult
[35m[1mScanning dependencies of target octomap_msgs_generate_messages_nodejs[0m
[  0%] Built target octomap_msgs_generate_messages_nodejs
[  0%] Built target _moveit_msgs_generate_messages_check_deps_ExecuteTrajectoryActionGoal
[35m[1mScanning dependencies of target _moveit_msgs_generate_messages_check_deps_ExecuteTrajectoryFeedback[0m
[35m[1mScanning dependencies of target _moveit_msgs_generate_messages_check_deps_ListRobotStatesInWarehouse[0m
[  0%] Built target _moveit_msgs_generate_messages_check_deps_ExecuteTrajectoryFeedback
[35m[1mScanning dependencies of target _moveit_msgs_generate_messages_check_deps_PickupFeedback[0m
[  0%] Built target _moveit_msgs_generate_messages_check_deps_ListRobotStatesInWarehouse
[35m[1mScanning dependencies of target _moveit_msgs_generate_messages_check_deps_KinematicSolverInfo[0m
[  0%] Built target _moveit_msgs_generate_messages_check_deps_PickupFeedback
[35m[1mScanning dependencies of target _moveit_msgs_generate_messages_check_deps_MoveGroupGoal[0m
[  0%] Built target _moveit_msgs_generate_messages_check_deps_MoveGroupGoal
[  0%] Built target _moveit_msgs_generate_messages_check_deps_KinematicSolverInfo
[35m[1mScanning dependencies of target _moveit_msgs_generate_messages_check_deps_PickupResult[0m
[35m[1mScanning dependencies of target _moveit_msgs_generate_messages_check_deps_MoveGroupFeedback[0m
[  0%] Built target _moveit_msgs_generate_messages_check_deps_PickupResult
[  0%] Built target _moveit_msgs_generate_messages_check_deps_MoveGroupFeedback
[35m[1mScanning dependencies of target std_msgs_generate_messages_nodejs[0m
[  0%] Built target std_msgs_generate_messages_nodejs
[35m[1mScanning dependencies of target _moveit_msgs_generate_messages_check_deps_ChangeDriftDimensions[0m
[  0%] Built target _moveit_msgs_generate_messages_check_deps_ChangeDriftDimensions
[35m[1mScanning dependencies of target _moveit_msgs_generate_messages_check_deps_ChangeControlDimensions[0m
[  0%] Built target _moveit_msgs_generate_messages_check_deps_ChangeControlDimensions
[35m[1mScanning dependencies of target _moveit_msgs_generate_messages_check_deps_DeleteRobotStateFromWarehouse[0m
[  0%] Built target _moveit_msgs_generate_messages_check_deps_DeleteRobotStateFromWarehouse
[35m[1mScanning dependencies of target _moveit_msgs_generate_messages_check_deps_CheckIfRobotStateExistsInWarehouse[0m
[  0%] Built target _moveit_msgs_generate_messages_check_deps_CheckIfRobotStateExistsInWarehouse
[35m[1mScanning dependencies of target _moveit_msgs_generate_messages_check_deps_SaveRobotStateToWarehouse[0m
[  0%] Built target _moveit_msgs_generate_messages_check_deps_SaveRobotStateToWarehouse
[35m[1mScanning dependencies of target _moveit_msgs_generate_messages_check_deps_SaveMap[0m
[  0%] Built target _moveit_msgs_generate_messages_check_deps_SaveMap
[35m[1mScanning dependencies of target _moveit_msgs_generate_messages_check_deps_GetPlannerParams[0m
[  0%] Built target _moveit_msgs_generate_messages_check_deps_GetPlannerParams
[35m[1mScanning dependencies of target _moveit_msgs_generate_messages_check_deps_GetPositionIK[0m
[  0%] Built target _moveit_msgs_generate_messages_check_deps_GetPositionIK
[35m[1mScanning dependencies of target _moveit_msgs_generate_messages_check_deps_AllowedCollisionEntry[0m
[  0%] Built target _moveit_msgs_generate_messages_check_deps_AllowedCollisionEntry
[35m[1mScanning dependencies of target _moveit_msgs_generate_messages_check_deps_VisibilityConstraint[0m
[  0%] Built target _moveit_msgs_generate_messages_check_deps_VisibilityConstraint
[35m[1mScanning dependencies of target _moveit_msgs_generate_messages_check_deps_AllowedCollisionMatrix[0m
[  0%] Built target _moveit_msgs_generate_messages_check_deps_AllowedCollisionMatrix
[35m[1mScanning dependencies of target _moveit_msgs_generate_messages_check_deps_Grasp[0m
[  0%] Built target _moveit_msgs_generate_messages_check_deps_Grasp
[35m[1mScanning dependencies of target _moveit_msgs_generate_messages_check_deps_AttachedCollisionObject[0m
[  0%] Built target _moveit_msgs_generate_messages_check_deps_AttachedCollisionObject
[35m[1mScanning dependencies of target _moveit_msgs_generate_messages_check_deps_BoundingVolume[0m
[  0%] Built target _moveit_msgs_generate_messages_check_deps_BoundingVolume
[35m[1mScanning dependencies of target _moveit_msgs_generate_messages_check_deps_CartesianTrajectory[0m
[  0%] Built target _moveit_msgs_generate_messages_check_deps_CartesianTrajectory
[35m[1mScanning dependencies of target _moveit_msgs_generate_messages_check_deps_LoadMap[0m
[  0%] Built target _moveit_msgs_generate_messages_check_deps_LoadMap
[35m[1mScanning dependencies of target _moveit_msgs_generate_messages_check_deps_PositionConstraint[0m
[  0%] Built target _moveit_msgs_generate_messages_check_deps_PositionConstraint
[35m[1mScanning dependencies of target _moveit_msgs_generate_messages_check_deps_PickupAction[0m
[  0%] Built target _moveit_msgs_generate_messages_check_deps_PickupAction
[35m[1mScanning dependencies of target _moveit_msgs_generate_messages_check_deps_ConstraintEvalResult[0m
[  0%] Built target _moveit_msgs_generate_messages_check_deps_ConstraintEvalResult
[35m[1mScanning dependencies of target _moveit_msgs_generate_messages_check_deps_PlaceActionResult[0m
[  0%] Built target _moveit_msgs_generate_messages_check_deps_PlaceActionResult
[35m[1mScanning dependencies of target _moveit_msgs_generate_messages_check_deps_GripperTranslation[0m
[  0%] Built target _moveit_msgs_generate_messages_check_deps_GripperTranslation
[35m[1mScanning dependencies of target _moveit_msgs_generate_messages_check_deps_JointConstraint[0m
[  0%] Built target _moveit_msgs_generate_messages_check_deps_JointConstraint
[35m[1mScanning dependencies of target _moveit_msgs_generate_messages_check_deps_JointLimits[0m
[  0%] Built target _moveit_msgs_generate_messages_check_deps_JointLimits
[35m[1mScanning dependencies of target _moveit_msgs_generate_messages_check_deps_PlaceLocation[0m
[  0%] Built target _moveit_msgs_generate_messages_check_deps_PlaceLocation
[35m[1mScanning dependencies of target _moveit_msgs_generate_messages_check_deps_ExecuteTrajectoryAction[0m
[  0%] Built target _moveit_msgs_generate_messages_check_deps_ExecuteTrajectoryAction
[35m[1mScanning dependencies of target _moveit_msgs_generate_messages_check_deps_LinkScale[0m
[  0%] Built target _moveit_msgs_generate_messages_check_deps_LinkScale
[35m[1mScanning dependencies of target _moveit_msgs_generate_messages_check_deps_ApplyPlanningScene[0m
[  0%] Built target _moveit_msgs_generate_messages_check_deps_ApplyPlanningScene
[35m[1mScanning dependencies of target _moveit_msgs_generate_messages_check_deps_MotionPlanResponse[0m
[  0%] Built target _moveit_msgs_generate_messages_check_deps_MotionPlanResponse
[35m[1mScanning dependencies of target _moveit_msgs_generate_messages_check_deps_TrajectoryConstraints[0m
[  0%] Built target _moveit_msgs_generate_messages_check_deps_TrajectoryConstraints
[35m[1mScanning dependencies of target _moveit_msgs_generate_messages_check_deps_ObjectColor[0m
[  0%] Built target _moveit_msgs_generate_messages_check_deps_ObjectColor
[35m[1mScanning dependencies of target _moveit_msgs_generate_messages_check_deps_OrientationConstraint[0m
[  0%] Built target _moveit_msgs_generate_messages_check_deps_OrientationConstraint
[35m[1mScanning dependencies of target _moveit_msgs_generate_messages_check_deps_PlanningOptions[0m
[  0%] Built target _moveit_msgs_generate_messages_check_deps_PlanningOptions
[35m[1mScanning dependencies of target sensor_msgs_generate_messages_nodejs[0m
[  0%] Built target sensor_msgs_generate_messages_nodejs
[35m[1mScanning dependencies of target _moveit_msgs_generate_messages_check_deps_CollisionObject[0m
[  0%] Built target _moveit_msgs_generate_messages_check_deps_CollisionObject
[35m[1mScanning dependencies of target _moveit_msgs_generate_messages_check_deps_PlaceAction[0m
[  0%] Built target _moveit_msgs_generate_messages_check_deps_PlaceAction
[35m[1mScanning dependencies of target _moveit_msgs_generate_messages_check_deps_WorkspaceParameters[0m
[  0%] Built target _moveit_msgs_generate_messages_check_deps_WorkspaceParameters
[35m[1mScanning dependencies of target _moveit_msgs_generate_messages_check_deps_MoveGroupResult[0m
[  0%] Built target _moveit_msgs_generate_messages_check_deps_MoveGroupResult
[35m[1mScanning dependencies of target _moveit_msgs_generate_messages_check_deps_PositionIKRequest[0m
[  0%] Built target _moveit_msgs_generate_messages_check_deps_PositionIKRequest
[35m[1mScanning dependencies of target _moveit_msgs_generate_messages_check_deps_LinkPadding[0m
[  0%] Built target _moveit_msgs_generate_messages_check_deps_LinkPadding
[35m[1mScanning dependencies of target _moveit_msgs_generate_messages_check_deps_MoveGroupSequenceActionResult[0m
[  0%] Built target _moveit_msgs_generate_messages_check_deps_MoveGroupSequenceActionResult
[35m[1mScanning dependencies of target _moveit_msgs_generate_messages_check_deps_GetCartesianPath[0m
[  0%] Built target _moveit_msgs_generate_messages_check_deps_GetCartesianPath
[35m[1mScanning dependencies of target _moveit_msgs_generate_messages_check_deps_GenericTrajectory[0m
[  0%] Built target _moveit_msgs_generate_messages_check_deps_GenericTrajectory
[35m[1mScanning dependencies of target _moveit_msgs_generate_messages_check_deps_DisplayRobotState[0m
[  0%] Built target _moveit_msgs_generate_messages_check_deps_DisplayRobotState
[35m[1mScanning dependencies of target _moveit_msgs_generate_messages_check_deps_MoveGroupActionGoal[0m
[  0%] Built target _moveit_msgs_generate_messages_check_deps_MoveGroupActionGoal
[35m[1mScanning dependencies of target _moveit_msgs_generate_messages_check_deps_CostSource[0m
[  0%] Built target _moveit_msgs_generate_messages_check_deps_CostSource
[35m[1mScanning dependencies of target _moveit_msgs_generate_messages_check_deps_MoveGroupSequenceResult[0m
[  0%] Built target _moveit_msgs_generate_messages_check_deps_MoveGroupSequenceResult
[35m[1mScanning dependencies of target _moveit_msgs_generate_messages_check_deps_PlannerInterfaceDescription[0m
[  0%] Built target _moveit_msgs_generate_messages_check_deps_PlannerInterfaceDescription
[35m[1mScanning dependencies of target _moveit_msgs_generate_messages_check_deps_MoveGroupSequenceFeedback[0m
[  0%] Built target _moveit_msgs_generate_messages_check_deps_MoveGroupSequenceFeedback
[35m[1mScanning dependencies of target _moveit_msgs_generate_messages_check_deps_GetRobotStateFromWarehouse[0m
[  0%] Built target _moveit_msgs_generate_messages_check_deps_GetRobotStateFromWarehouse
[35m[1mScanning dependencies of target _moveit_msgs_generate_messages_check_deps_PlaceActionFeedback[0m
[  0%] Built target _moveit_msgs_generate_messages_check_deps_PlaceActionFeedback
[35m[1mScanning dependencies of target _moveit_msgs_generate_messages_check_deps_PickupActionResult[0m
[  0%] Built target _moveit_msgs_generate_messages_check_deps_PickupActionResult
[35m[1mScanning dependencies of target _moveit_msgs_generate_messages_check_deps_CartesianPoint[0m
[  0%] Built target _moveit_msgs_generate_messages_check_deps_CartesianPoint
[35m[1mScanning dependencies of target _moveit_msgs_generate_messages_check_deps_PickupActionFeedback[0m
[  0%] Built target _moveit_msgs_generate_messages_check_deps_PickupActionFeedback
[35m[1mScanning dependencies of target _moveit_msgs_generate_messages_check_deps_PickupGoal[0m
[  0%] Built target _moveit_msgs_generate_messages_check_deps_PickupGoal
[35m[1mScanning dependencies of target _moveit_msgs_generate_messages_check_deps_PlaceActionGoal[0m
[  0%] Built target _moveit_msgs_generate_messages_check_deps_PlaceActionGoal
[35m[1mScanning dependencies of target _moveit_msgs_generate_messages_check_deps_UpdatePointcloudOctomap[0m
[  0%] Built target _moveit_msgs_generate_messages_check_deps_UpdatePointcloudOctomap
[35m[1mScanning dependencies of target _moveit_msgs_generate_messages_check_deps_MoveGroupSequenceActionFeedback[0m
[  0%] Built target _moveit_msgs_generate_messages_check_deps_MoveGroupSequenceActionFeedback
[35m[1mScanning dependencies of target _moveit_msgs_generate_messages_check_deps_ContactInformation[0m
[  0%] Built target _moveit_msgs_generate_messages_check_deps_ContactInformation
[35m[1mScanning dependencies of target _moveit_msgs_generate_messages_check_deps_RenameRobotStateInWarehouse[0m
[  0%] Built target _moveit_msgs_generate_messages_check_deps_RenameRobotStateInWarehouse
[35m[1mScanning dependencies of target _moveit_msgs_generate_messages_check_deps_MotionPlanDetailedResponse[0m
[  0%] Built target _moveit_msgs_generate_messages_check_deps_MotionPlanDetailedResponse
[35m[1mScanning dependencies of target _moveit_msgs_generate_messages_check_deps_PlaceGoal[0m
[  0%] Built target _moveit_msgs_generate_messages_check_deps_PlaceGoal
[35m[1mScanning dependencies of target _moveit_msgs_generate_messages_check_deps_PlaceFeedback[0m
[  0%] Built target _moveit_msgs_generate_messages_check_deps_PlaceFeedback
[35m[1mScanning dependencies of target _moveit_msgs_generate_messages_check_deps_PlanningSceneWorld[0m
[  0%] Built target _moveit_msgs_generate_messages_check_deps_PlanningSceneWorld
[35m[1mScanning dependencies of target shape_msgs_generate_messages_nodejs[0m
[  0%] Built target shape_msgs_generate_messages_nodejs
[35m[1mScanning dependencies of target _moveit_msgs_generate_messages_check_deps_PlaceResult[0m
[  0%] Built target _moveit_msgs_generate_messages_check_deps_PlaceResult
[35m[1mScanning dependencies of target _moveit_msgs_generate_messages_check_deps_ExecuteTrajectoryResult[0m
[  0%] Built target _moveit_msgs_generate_messages_check_deps_ExecuteTrajectoryResult
[35m[1mScanning dependencies of target _moveit_msgs_generate_messages_check_deps_PlanningSceneComponents[0m
[  0%] Built target _moveit_msgs_generate_messages_check_deps_PlanningSceneComponents
[35m[1mScanning dependencies of target _moveit_msgs_generate_messages_check_deps_MotionSequenceRequest[0m
[  0%] Built target _moveit_msgs_generate_messages_check_deps_MotionSequenceRequest
[35m[1mScanning dependencies of target _moveit_msgs_generate_messages_check_deps_ExecuteTrajectoryActionFeedback[0m
[  0%] Built target _moveit_msgs_generate_messages_check_deps_ExecuteTrajectoryActionFeedback
[35m[1mScanning dependencies of target _moveit_msgs_generate_messages_check_deps_RobotState[0m
[  0%] Built target _moveit_msgs_generate_messages_check_deps_RobotState
[35m[1mScanning dependencies of target _moveit_msgs_generate_messages_check_deps_SetPlannerParams[0m
[  0%] Built target _moveit_msgs_generate_messages_check_deps_SetPlannerParams
[35m[1mScanning dependencies of target _moveit_msgs_generate_messages_check_deps_DisplayTrajectory[0m
[  0%] Built target _moveit_msgs_generate_messages_check_deps_DisplayTrajectory
[35m[1mScanning dependencies of target shape_msgs_generate_messages_lisp[0m
[  0%] Built target shape_msgs_generate_messages_lisp
[35m[1mScanning dependencies of target trajectory_msgs_generate_messages_lisp[0m
[  0%] Built target trajectory_msgs_generate_messages_lisp
[35m[1mScanning dependencies of target sensor_msgs_generate_messages_lisp[0m
[  0%] Built target sensor_msgs_generate_messages_lisp
[35m[1mScanning dependencies of target octomap_msgs_generate_messages_lisp[0m
[  0%] Built target octomap_msgs_generate_messages_lisp
[35m[1mScanning dependencies of target std_msgs_generate_messages_lisp[0m
[  0%] Built target std_msgs_generate_messages_lisp
[35m[1mScanning dependencies of target geometry_msgs_generate_messages_lisp[0m
[  0%] Built target geometry_msgs_generate_messages_lisp
[35m[1mScanning dependencies of target actionlib_msgs_generate_messages_lisp[0m
[  0%] Built target actionlib_msgs_generate_messages_lisp
[35m[1mScanning dependencies of target object_recognition_msgs_generate_messages_lisp[0m
[  0%] Built target object_recognition_msgs_generate_messages_lisp
[35m[1mScanning dependencies of target actionlib_msgs_generate_messages_py[0m
[  0%] Built target actionlib_msgs_generate_messages_py
[35m[1mScanning dependencies of target octomap_msgs_generate_messages_py[0m
[  0%] Built target octomap_msgs_generate_messages_py
[35m[1mScanning dependencies of target shape_msgs_generate_messages_py[0m
[  0%] Built target shape_msgs_generate_messages_py
[35m[1mScanning dependencies of target object_recognition_msgs_generate_messages_py[0m
[  0%] Built target object_recognition_msgs_generate_messages_py
[35m[1mScanning dependencies of target sensor_msgs_generate_messages_py[0m
[  0%] Built target sensor_msgs_generate_messages_py
[35m[1mScanning dependencies of target geometry_msgs_generate_messages_py[0m
[  0%] Built target geometry_msgs_generate_messages_py
[35m[1mScanning dependencies of target trajectory_msgs_generate_messages_py[0m
[  0%] Built target trajectory_msgs_generate_messages_py
[35m[1mScanning dependencies of target std_msgs_generate_messages_py[0m
[  0%] Built target std_msgs_generate_messages_py
[35m[1mScanning dependencies of target actionlib_msgs_generate_messages_eus[0m
[  0%] Built target actionlib_msgs_generate_messages_eus
[35m[1mScanning dependencies of target trajectory_msgs_generate_messages_eus[0m
[  0%] Built target trajectory_msgs_generate_messages_eus
[35m[1mScanning dependencies of target std_msgs_generate_messages_eus[0m
[  0%] Built target std_msgs_generate_messages_eus
[35m[1mScanning dependencies of target object_recognition_msgs_generate_messages_eus[0m
[  0%] Built target object_recognition_msgs_generate_messages_eus
[35m[1mScanning dependencies of target sensor_msgs_generate_messages_eus[0m
[  0%] Built target sensor_msgs_generate_messages_eus
[35m[1mScanning dependencies of target geometry_msgs_generate_messages_eus[0m
[  0%] Built target geometry_msgs_generate_messages_eus
[35m[1mScanning dependencies of target octomap_msgs_generate_messages_eus[0m
[  0%] Built target octomap_msgs_generate_messages_eus
[35m[1mScanning dependencies of target shape_msgs_generate_messages_eus[0m
[  0%] Built target shape_msgs_generate_messages_eus
[35m[1mScanning dependencies of target geometry_msgs_generate_messages_cpp[0m
[  0%] Built target geometry_msgs_generate_messages_cpp
[35m[1mScanning dependencies of target trajectory_msgs_generate_messages_cpp[0m
[  0%] Built target trajectory_msgs_generate_messages_cpp
[35m[1mScanning dependencies of target sensor_msgs_generate_messages_cpp[0m
[  0%] Built target sensor_msgs_generate_messages_cpp
[35m[1mScanning dependencies of target shape_msgs_generate_messages_cpp[0m
[  0%] Built target shape_msgs_generate_messages_cpp
[35m[1mScanning dependencies of target actionlib_msgs_generate_messages_cpp[0m
[  0%] Built target actionlib_msgs_generate_messages_cpp
[35m[1mScanning dependencies of target octomap_msgs_generate_messages_cpp[0m
[  0%] Built target octomap_msgs_generate_messages_cpp
[35m[1mScanning dependencies of target object_recognition_msgs_generate_messages_cpp[0m
[  0%] Built target object_recognition_msgs_generate_messages_cpp
[35m[1mScanning dependencies of target std_msgs_generate_messages_cpp[0m
[  0%] Built target std_msgs_generate_messages_cpp
[35m[1mScanning dependencies of target moveit_msgs_generate_messages_nodejs[0m
[ 20%] Built target moveit_msgs_generate_messages_nodejs
[35m[1mScanning dependencies of target moveit_msgs_generate_messages_lisp[0m
[ 40%] Built target moveit_msgs_generate_messages_lisp
[35m[1mScanning dependencies of target moveit_msgs_generate_messages_py[0m
[ 60%] Built target moveit_msgs_generate_messages_py
[35m[1mScanning dependencies of target moveit_msgs_generate_messages_eus[0m
[ 79%] Built target moveit_msgs_generate_messages_eus
[35m[1mScanning dependencies of target moveit_msgs_generate_messages_cpp[0m
[100%] Built target moveit_msgs_generate_messages_cpp
[35m[1mScanning dependencies of target moveit_msgs_generate_messages[0m
[100%] Built target moveit_msgs_generate_messages
