[  6%] Built target moveit_ros_planning_gencfg
[ 10%] Built target moveit_rdf_loader
[ 13%] Built target moveit_collision_plugin_loader
[ 16%] Built target moveit_kinematics_plugin_loader
[ 20%] Built target moveit_constraint_sampler_manager_loader
[ 23%] Built target moveit_planning_pipeline
[ 26%] Built target moveit_list_request_adapter_plugins
[ 26%] Built target dynamic_reconfigure_gencfg
[ 26%] Built target dynamic_reconfigure_generate_messages_cpp
[ 43%] Built target moveit_default_planning_request_adapter_plugins
[ 43%] Built target actionlib_generate_messages_py
[ 43%] Built target actionlib_generate_messages_nodejs
[ 43%] Built target actionlib_generate_messages_cpp
[ 43%] Built target dynamic_reconfigure_generate_messages_nodejs
[ 43%] Built target tf2_msgs_generate_messages_py
[ 43%] Built target tf2_msgs_generate_messages_lisp
[ 43%] Built target dynamic_reconfigure_generate_messages_lisp
[ 43%] Built target octomap_msgs_generate_messages_py
[ 43%] Built target tf2_msgs_generate_messages_cpp
[ 43%] Built target octomap_msgs_generate_messages_nodejs
[ 43%] Built target octomap_msgs_generate_messages_cpp
[ 43%] Built target octomap_msgs_generate_messages_lisp
[ 43%] Built target object_recognition_msgs_generate_messages_nodejs
[ 43%] Built target visualization_msgs_generate_messages_nodejs
[ 43%] Built target roscpp_generate_messages_eus
[ 43%] Built target visualization_msgs_generate_messages_lisp
[ 43%] Built target dynamic_reconfigure_generate_messages_eus
[ 43%] Built target geometry_msgs_generate_messages_nodejs
[ 43%] Built target visualization_msgs_generate_messages_eus
[ 43%] Built target geometry_msgs_generate_messages_cpp
[ 43%] Built target object_recognition_msgs_generate_messages_lisp
[ 43%] Built target moveit_msgs_generate_messages_py
[ 43%] Built target actionlib_msgs_generate_messages_cpp
[ 43%] Built target octomap_msgs_generate_messages_eus
[ 43%] Built target std_msgs_generate_messages_py
[ 43%] Built target object_recognition_msgs_generate_messages_cpp
[ 43%] Built target std_msgs_generate_messages_nodejs
[ 43%] Built target geometry_msgs_generate_messages_eus
[ 43%] Built target geometry_msgs_generate_messages_py
[ 43%] Built target roscpp_generate_messages_cpp
[ 43%] Built target moveit_msgs_generate_messages_eus
[ 43%] Built target tf2_msgs_generate_messages_eus
[ 43%] Built target sensor_msgs_generate_messages_py
[ 43%] Built target roscpp_generate_messages_nodejs
[ 43%] Built target visualization_msgs_generate_messages_py
[ 43%] Built target geometry_msgs_generate_messages_lisp
[ 43%] Built target actionlib_generate_messages_lisp
[ 43%] Built target shape_msgs_generate_messages_cpp
[ 43%] Built target _catkin_empty_exported_target
[ 43%] Built target roscpp_generate_messages_lisp
[ 43%] Built target std_msgs_generate_messages_lisp
[ 43%] Built target moveit_msgs_generate_messages_lisp
[ 43%] Built target rosgraph_msgs_generate_messages_lisp
[ 43%] Built target tf2_msgs_generate_messages_nodejs
[ 43%] Built target dynamic_reconfigure_generate_messages_py
[ 43%] Built target shape_msgs_generate_messages_eus
[ 43%] Built target std_msgs_generate_messages_cpp
[ 43%] Built target actionlib_msgs_generate_messages_eus
[ 43%] Built target shape_msgs_generate_messages_nodejs
[ 43%] Built target shape_msgs_generate_messages_py
[ 43%] Built target rosgraph_msgs_generate_messages_py
[ 43%] Built target actionlib_generate_messages_eus
[ 43%] Built target rosgraph_msgs_generate_messages_eus
[ 43%] Built target rosgraph_msgs_generate_messages_cpp
[ 43%] Built target trajectory_msgs_generate_messages_py
[ 43%] Built target object_recognition_msgs_generate_messages_py
[ 43%] Built target actionlib_msgs_generate_messages_py
[ 43%] Built target moveit_msgs_generate_messages_cpp
[ 43%] Built target rosgraph_msgs_generate_messages_nodejs
[ 43%] Built target moveit_msgs_generate_messages_nodejs
[ 43%] Built target actionlib_msgs_generate_messages_nodejs
[ 43%] Built target actionlib_msgs_generate_messages_lisp
[ 43%] Built target std_msgs_generate_messages_eus
[ 43%] Built target trajectory_msgs_generate_messages_cpp
[ 43%] Built target visualization_msgs_generate_messages_cpp
[ 43%] Built target sensor_msgs_generate_messages_eus
[ 43%] Built target sensor_msgs_generate_messages_cpp
[ 43%] Built target sensor_msgs_generate_messages_lisp
[ 43%] Built target sensor_msgs_generate_messages_nodejs
[ 43%] Built target roscpp_generate_messages_py
[ 43%] Built target trajectory_msgs_generate_messages_eus
[ 43%] Built target trajectory_msgs_generate_messages_nodejs
[ 43%] Built target object_recognition_msgs_generate_messages_eus
[ 43%] Built target shape_msgs_generate_messages_lisp
[ 43%] Built target trajectory_msgs_generate_messages_lisp
[ 46%] Built target moveit_robot_model_loader
[ 56%] Built target moveit_evaluate_state_operations_speed
[ 56%] Built target moveit_kinematics_speed_and_validity_evaluator
[ 56%] Built target moveit_print_planning_model_info
[ 63%] Built target moveit_planning_scene_monitor
[ 73%] Built target moveit_display_random_state
[ 73%] Built target moveit_print_planning_scene_info
[ 73%] Built target demo_scene
[ 76%] Built target moveit_compare_collision_checking_speed_fcl_bullet
[35m[1mScanning dependencies of target moveit_trajectory_execution_manager[0m
[ 83%] Built target moveit_visualize_robot_collision_volume
[ 83%] Built target moveit_publish_scene_from_text
[ 85%] [32mBuilding CXX object planning_components_tools/CMakeFiles/moveit_evaluate_collision_checking_speed.dir/src/evaluate_collision_checking_speed.cpp.o[0m
[ 86%] [32mBuilding CXX object trajectory_execution_manager/CMakeFiles/moveit_trajectory_execution_manager.dir/src/trajectory_execution_manager.cpp.o[0m
[ 88%] [32m[1mLinking CXX executable /home/jean-pascal/YDAYS_Bras_robot/ws_moveit/devel/.private/moveit_ros_planning/lib/moveit_ros_planning/moveit_evaluate_collision_checking_speed[0m
[ 88%] Built target moveit_evaluate_collision_checking_speed
[ 90%] [32m[1mLinking CXX shared library /home/jean-pascal/YDAYS_Bras_robot/ws_moveit/devel/.private/moveit_ros_planning/lib/libmoveit_trajectory_execution_manager.so[0m
[ 90%] Built target moveit_trajectory_execution_manager
[35m[1mScanning dependencies of target moveit_cpp[0m
[35m[1mScanning dependencies of target moveit_plan_execution[0m
[ 91%] [32mBuilding CXX object plan_execution/CMakeFiles/moveit_plan_execution.dir/src/plan_execution.cpp.o[0m
[ 93%] [32mBuilding CXX object moveit_cpp/CMakeFiles/moveit_cpp.dir/src/moveit_cpp.cpp.o[0m
[ 95%] [32mBuilding CXX object moveit_cpp/CMakeFiles/moveit_cpp.dir/src/planning_component.cpp.o[0m
[ 96%] [32mBuilding CXX object plan_execution/CMakeFiles/moveit_plan_execution.dir/src/plan_with_sensing.cpp.o[0m
[01m[Kc++:[m[K [01;31m[Kfatal error: [m[KProcessus arrêté signal terminated program cc1plus
compilation terminated.
make[2]: *** [plan_execution/CMakeFiles/moveit_plan_execution.dir/build.make:63 : plan_execution/CMakeFiles/moveit_plan_execution.dir/src/plan_with_sensing.cpp.o] Erreur 1
make[2]: *** Attente des tâches non terminées....
make[1]: *** [CMakeFiles/Makefile2:3438 : plan_execution/CMakeFiles/moveit_plan_execution.dir/all] Erreur 2
make[1]: *** Attente des tâches non terminées....
[ 98%] [32m[1mLinking CXX shared library /home/jean-pascal/YDAYS_Bras_robot/ws_moveit/devel/.private/moveit_ros_planning/lib/libmoveit_cpp.so[0m
[ 98%] Built target moveit_cpp
make: *** [Makefile:141 : all] Erreur 2
