[  6%] Built target moveit_ros_planning_gencfg
[ 10%] Built target moveit_rdf_loader
[ 16%] Built target moveit_constraint_sampler_manager_loader
[ 16%] Built target moveit_collision_plugin_loader
[ 16%] Built target dynamic_reconfigure_gencfg
[ 23%] Built target moveit_list_request_adapter_plugins
[ 23%] Built target moveit_planning_pipeline
[ 23%] Built target dynamic_reconfigure_generate_messages_cpp
[ 23%] Built target actionlib_generate_messages_py
[ 23%] Built target actionlib_generate_messages_nodejs
[ 40%] Built target moveit_default_planning_request_adapter_plugins
[ 40%] Built target actionlib_generate_messages_cpp
[ 40%] Built target dynamic_reconfigure_generate_messages_nodejs
[ 40%] Built target tf2_msgs_generate_messages_py
[ 40%] Built target tf2_msgs_generate_messages_lisp
[ 40%] Built target dynamic_reconfigure_generate_messages_lisp
[ 40%] Built target tf2_msgs_generate_messages_cpp
[ 40%] Built target octomap_msgs_generate_messages_py
[ 40%] Built target octomap_msgs_generate_messages_nodejs
[ 40%] Built target octomap_msgs_generate_messages_lisp
[ 40%] Built target octomap_msgs_generate_messages_cpp
[ 40%] Built target object_recognition_msgs_generate_messages_nodejs
[ 40%] Built target roscpp_generate_messages_eus
[ 40%] Built target visualization_msgs_generate_messages_nodejs
[ 40%] Built target visualization_msgs_generate_messages_lisp
[ 40%] Built target dynamic_reconfigure_generate_messages_eus
[ 40%] Built target geometry_msgs_generate_messages_nodejs
[ 40%] Built target visualization_msgs_generate_messages_eus
[ 40%] Built target geometry_msgs_generate_messages_cpp
[ 40%] Built target moveit_msgs_generate_messages_py
[ 40%] Built target object_recognition_msgs_generate_messages_lisp
[ 40%] Built target actionlib_msgs_generate_messages_cpp
[ 40%] Built target octomap_msgs_generate_messages_eus
[ 40%] Built target object_recognition_msgs_generate_messages_cpp
[ 40%] Built target std_msgs_generate_messages_py
[ 40%] Built target std_msgs_generate_messages_nodejs
[ 40%] Built target roscpp_generate_messages_cpp
[ 40%] Built target geometry_msgs_generate_messages_eus
[ 40%] Built target geometry_msgs_generate_messages_py
[ 40%] Built target moveit_msgs_generate_messages_eus
[ 40%] Built target roscpp_generate_messages_nodejs
[ 40%] Built target sensor_msgs_generate_messages_py
[ 40%] Built target tf2_msgs_generate_messages_eus
[ 40%] Built target geometry_msgs_generate_messages_lisp
[ 40%] Built target actionlib_generate_messages_lisp
[ 40%] Built target visualization_msgs_generate_messages_py
[ 40%] Built target shape_msgs_generate_messages_cpp
[ 40%] Built target roscpp_generate_messages_lisp
[ 40%] Built target std_msgs_generate_messages_lisp
[ 40%] Built target _catkin_empty_exported_target
[ 40%] Built target tf2_msgs_generate_messages_nodejs
[ 40%] Built target moveit_msgs_generate_messages_lisp
[ 40%] Built target rosgraph_msgs_generate_messages_lisp
[ 40%] Built target dynamic_reconfigure_generate_messages_py
[ 40%] Built target actionlib_msgs_generate_messages_eus
[ 40%] Built target std_msgs_generate_messages_cpp
[ 40%] Built target shape_msgs_generate_messages_eus
[ 40%] Built target shape_msgs_generate_messages_nodejs
[ 40%] Built target rosgraph_msgs_generate_messages_py
[ 40%] Built target shape_msgs_generate_messages_py
[ 40%] Built target actionlib_generate_messages_eus
[ 40%] Built target rosgraph_msgs_generate_messages_cpp
[ 40%] Built target trajectory_msgs_generate_messages_py
[ 40%] Built target rosgraph_msgs_generate_messages_eus
[ 40%] Built target object_recognition_msgs_generate_messages_py
[ 40%] Built target rosgraph_msgs_generate_messages_nodejs
[ 40%] Built target actionlib_msgs_generate_messages_py
[ 40%] Built target moveit_msgs_generate_messages_nodejs
[ 40%] Built target moveit_msgs_generate_messages_cpp
[ 40%] Built target actionlib_msgs_generate_messages_lisp
[ 40%] Built target std_msgs_generate_messages_eus
[ 40%] Built target trajectory_msgs_generate_messages_cpp
[ 40%] Built target actionlib_msgs_generate_messages_nodejs
[ 40%] Built target visualization_msgs_generate_messages_cpp
[ 40%] Built target sensor_msgs_generate_messages_cpp
[ 40%] Built target sensor_msgs_generate_messages_eus
[ 40%] Built target sensor_msgs_generate_messages_lisp
[ 40%] Built target sensor_msgs_generate_messages_nodejs
[ 40%] Built target roscpp_generate_messages_py
[ 40%] Built target trajectory_msgs_generate_messages_eus
[ 40%] Built target trajectory_msgs_generate_messages_nodejs
[ 40%] Built target shape_msgs_generate_messages_lisp
[ 40%] Built target trajectory_msgs_generate_messages_lisp
[ 40%] Built target object_recognition_msgs_generate_messages_eus
[ 43%] Built target moveit_kinematics_plugin_loader
[ 46%] Built target moveit_robot_model_loader
[ 50%] Built target moveit_print_planning_model_info
[ 56%] Built target moveit_kinematics_speed_and_validity_evaluator
[ 56%] Built target moveit_evaluate_state_operations_speed
[ 63%] Built target moveit_planning_scene_monitor
[ 65%] [32mBuilding CXX object planning_components_tools/CMakeFiles/moveit_print_planning_scene_info.dir/src/print_planning_scene_info.cpp.o[0m
[ 68%] Built target demo_scene
[ 71%] Built target moveit_display_random_state
[35m[1mScanning dependencies of target moveit_visualize_robot_collision_volume[0m
[ 75%] Built target moveit_compare_collision_checking_speed_fcl_bullet
[35m[1mScanning dependencies of target moveit_publish_scene_from_text[0m
[35m[1mScanning dependencies of target moveit_evaluate_collision_checking_speed[0m
[ 76%] [32mBuilding CXX object planning_components_tools/CMakeFiles/moveit_visualize_robot_collision_volume.dir/src/visualize_robot_collision_volume.cpp.o[0m
[ 78%] [32mBuilding CXX object planning_components_tools/CMakeFiles/moveit_publish_scene_from_text.dir/src/publish_scene_from_text.cpp.o[0m
[ 80%] [32mBuilding CXX object planning_components_tools/CMakeFiles/moveit_evaluate_collision_checking_speed.dir/src/evaluate_collision_checking_speed.cpp.o[0m
[01m[Kc++:[m[K [01;31m[Kfatal error: [m[KProcessus arrêté signal terminated program cc1plus
compilation terminated.
make[2]: *** [planning_components_tools/CMakeFiles/moveit_evaluate_collision_checking_speed.dir/build.make:63 : planning_components_tools/CMakeFiles/moveit_evaluate_collision_checking_speed.dir/src/evaluate_collision_checking_speed.cpp.o] Erreur 1
make[1]: *** [CMakeFiles/Makefile2:3285 : planning_components_tools/CMakeFiles/moveit_evaluate_collision_checking_speed.dir/all] Erreur 2
make[1]: *** Attente des tâches non terminées....
[ 81%] [32m[1mLinking CXX executable /home/jean-pascal/YDAYS_Bras_robot/ws_moveit/devel/.private/moveit_ros_planning/lib/moveit_ros_planning/moveit_print_planning_scene_info[0m
[ 81%] Built target moveit_print_planning_scene_info
[ 83%] [32m[1mLinking CXX executable /home/jean-pascal/YDAYS_Bras_robot/ws_moveit/devel/.private/moveit_ros_planning/lib/moveit_ros_planning/moveit_publish_scene_from_text[0m
[ 85%] [32m[1mLinking CXX executable /home/jean-pascal/YDAYS_Bras_robot/ws_moveit/devel/.private/moveit_ros_planning/lib/moveit_ros_planning/moveit_visualize_robot_collision_volume[0m
[ 85%] Built target moveit_publish_scene_from_text
[ 85%] Built target moveit_visualize_robot_collision_volume
make: *** [Makefile:141 : all] Erreur 2
