Symlinking /home/jean-pascal/YDAYS_Bras_robot/ws_moveit/devel/include/moveit_ros_planning/PlanExecutionDynamicReconfigureConfig.h
Symlinking /home/jean-pascal/YDAYS_Bras_robot/ws_moveit/devel/include/moveit_ros_planning/PlanningSceneMonitorDynamicReconfigureConfig.h
Symlinking /home/jean-pascal/YDAYS_Bras_robot/ws_moveit/devel/include/moveit_ros_planning/TrajectoryExecutionDynamicReconfigureConfig.h
Symlinking /home/jean-pascal/YDAYS_Bras_robot/ws_moveit/devel/include/moveit_ros_planning/SenseForPlanDynamicReconfigureConfig.h
Symlinking /home/jean-pascal/YDAYS_Bras_robot/ws_moveit/devel/share/moveit_ros_planning/docs/PlanningSceneMonitorDynamicReconfigureConfig-usage.dox
Symlinking /home/jean-pascal/YDAYS_Bras_robot/ws_moveit/devel/share/moveit_ros_planning/docs/SenseForPlanDynamicReconfigureConfig.dox
Symlinking /home/jean-pascal/YDAYS_Bras_robot/ws_moveit/devel/share/moveit_ros_planning/docs/TrajectoryExecutionDynamicReconfigureConfig.dox
Symlinking /home/jean-pascal/YDAYS_Bras_robot/ws_moveit/devel/share/moveit_ros_planning/docs/TrajectoryExecutionDynamicReconfigureConfig-usage.dox
Symlinking /home/jean-pascal/YDAYS_Bras_robot/ws_moveit/devel/share/moveit_ros_planning/docs/PlanExecutionDynamicReconfigureConfig.wikidoc
Symlinking /home/jean-pascal/YDAYS_Bras_robot/ws_moveit/devel/share/moveit_ros_planning/docs/SenseForPlanDynamicReconfigureConfig-usage.dox
Symlinking /home/jean-pascal/YDAYS_Bras_robot/ws_moveit/devel/share/moveit_ros_planning/docs/PlanningSceneMonitorDynamicReconfigureConfig.dox
Symlinking /home/jean-pascal/YDAYS_Bras_robot/ws_moveit/devel/share/moveit_ros_planning/docs/TrajectoryExecutionDynamicReconfigureConfig.wikidoc
Symlinking /home/jean-pascal/YDAYS_Bras_robot/ws_moveit/devel/share/moveit_ros_planning/docs/SenseForPlanDynamicReconfigureConfig.wikidoc
Symlinking /home/jean-pascal/YDAYS_Bras_robot/ws_moveit/devel/share/moveit_ros_planning/docs/PlanningSceneMonitorDynamicReconfigureConfig.wikidoc
Symlinking /home/jean-pascal/YDAYS_Bras_robot/ws_moveit/devel/share/moveit_ros_planning/docs/PlanExecutionDynamicReconfigureConfig-usage.dox
Symlinking /home/jean-pascal/YDAYS_Bras_robot/ws_moveit/devel/share/moveit_ros_planning/docs/PlanExecutionDynamicReconfigureConfig.dox
Symlinking /home/jean-pascal/YDAYS_Bras_robot/ws_moveit/devel/share/moveit_ros_planning/cmake/moveit_ros_planningConfig.cmake
Symlinking /home/jean-pascal/YDAYS_Bras_robot/ws_moveit/devel/share/moveit_ros_planning/cmake/moveit_ros_planningConfig-version.cmake
Symlinking /home/jean-pascal/YDAYS_Bras_robot/ws_moveit/devel/lib/libmoveit_trajectory_execution_manager.so
Symlinking /home/jean-pascal/YDAYS_Bras_robot/ws_moveit/devel/lib/libmoveit_default_planning_request_adapter_plugins.so.1.1.9
Symlinking /home/jean-pascal/YDAYS_Bras_robot/ws_moveit/devel/lib/libmoveit_planning_scene_monitor.so.1.1.9
Symlinking /home/jean-pascal/YDAYS_Bras_robot/ws_moveit/devel/lib/libmoveit_trajectory_execution_manager.so.1.1.9
Symlinking /home/jean-pascal/YDAYS_Bras_robot/ws_moveit/devel/lib/libmoveit_default_planning_request_adapter_plugins.so
Symlinking /home/jean-pascal/YDAYS_Bras_robot/ws_moveit/devel/lib/libmoveit_plan_execution.so.1.1.9
Symlinking /home/jean-pascal/YDAYS_Bras_robot/ws_moveit/devel/lib/libmoveit_constraint_sampler_manager_loader.so
Symlinking /home/jean-pascal/YDAYS_Bras_robot/ws_moveit/devel/lib/libmoveit_constraint_sampler_manager_loader.so.1.1.9
Symlinking /home/jean-pascal/YDAYS_Bras_robot/ws_moveit/devel/lib/libmoveit_planning_scene_monitor.so
Symlinking /home/jean-pascal/YDAYS_Bras_robot/ws_moveit/devel/lib/libmoveit_cpp.so
Symlinking /home/jean-pascal/YDAYS_Bras_robot/ws_moveit/devel/lib/libmoveit_rdf_loader.so.1.1.9
Symlinking /home/jean-pascal/YDAYS_Bras_robot/ws_moveit/devel/lib/libmoveit_kinematics_plugin_loader.so
Symlinking /home/jean-pascal/YDAYS_Bras_robot/ws_moveit/devel/lib/libmoveit_robot_model_loader.so.1.1.9
Symlinking /home/jean-pascal/YDAYS_Bras_robot/ws_moveit/devel/lib/libmoveit_robot_model_loader.so
Symlinking /home/jean-pascal/YDAYS_Bras_robot/ws_moveit/devel/lib/libmoveit_planning_pipeline.so.1.1.9
Symlinking /home/jean-pascal/YDAYS_Bras_robot/ws_moveit/devel/lib/libmoveit_planning_pipeline.so
Symlinking /home/jean-pascal/YDAYS_Bras_robot/ws_moveit/devel/lib/libmoveit_plan_execution.so
Symlinking /home/jean-pascal/YDAYS_Bras_robot/ws_moveit/devel/lib/libmoveit_collision_plugin_loader.so
Symlinking /home/jean-pascal/YDAYS_Bras_robot/ws_moveit/devel/lib/libmoveit_kinematics_plugin_loader.so.1.1.9
Symlinking /home/jean-pascal/YDAYS_Bras_robot/ws_moveit/devel/lib/libmoveit_rdf_loader.so
Symlinking /home/jean-pascal/YDAYS_Bras_robot/ws_moveit/devel/lib/libmoveit_collision_plugin_loader.so.1.1.9
Symlinking /home/jean-pascal/YDAYS_Bras_robot/ws_moveit/devel/lib/libmoveit_cpp.so.1.1.9
Symlinking /home/jean-pascal/YDAYS_Bras_robot/ws_moveit/devel/lib/moveit_ros_planning/moveit_kinematics_speed_and_validity_evaluator
Symlinking /home/jean-pascal/YDAYS_Bras_robot/ws_moveit/devel/lib/moveit_ros_planning/moveit_list_request_adapter_plugins
Symlinking /home/jean-pascal/YDAYS_Bras_robot/ws_moveit/devel/lib/moveit_ros_planning/moveit_print_planning_scene_info
Symlinking /home/jean-pascal/YDAYS_Bras_robot/ws_moveit/devel/lib/moveit_ros_planning/moveit_evaluate_collision_checking_speed
Symlinking /home/jean-pascal/YDAYS_Bras_robot/ws_moveit/devel/lib/moveit_ros_planning/moveit_print_planning_model_info
Symlinking /home/jean-pascal/YDAYS_Bras_robot/ws_moveit/devel/lib/moveit_ros_planning/moveit_evaluate_state_operations_speed
Symlinking /home/jean-pascal/YDAYS_Bras_robot/ws_moveit/devel/lib/moveit_ros_planning/moveit_visualize_robot_collision_volume
Symlinking /home/jean-pascal/YDAYS_Bras_robot/ws_moveit/devel/lib/moveit_ros_planning/moveit_compare_collision_checking_speed_fcl_bullet
Symlinking /home/jean-pascal/YDAYS_Bras_robot/ws_moveit/devel/lib/moveit_ros_planning/demo_scene
Symlinking /home/jean-pascal/YDAYS_Bras_robot/ws_moveit/devel/lib/moveit_ros_planning/moveit_publish_scene_from_text
Symlinking /home/jean-pascal/YDAYS_Bras_robot/ws_moveit/devel/lib/moveit_ros_planning/moveit_display_random_state
Symlinking /home/jean-pascal/YDAYS_Bras_robot/ws_moveit/devel/lib/python3/dist-packages/moveit_ros_planning/__init__.py
Symlinking /home/jean-pascal/YDAYS_Bras_robot/ws_moveit/devel/lib/python3/dist-packages/moveit_ros_planning/cfg/PlanningSceneMonitorDynamicReconfigureConfig.py
Symlinking /home/jean-pascal/YDAYS_Bras_robot/ws_moveit/devel/lib/python3/dist-packages/moveit_ros_planning/cfg/SenseForPlanDynamicReconfigureConfig.py
Symlinking /home/jean-pascal/YDAYS_Bras_robot/ws_moveit/devel/lib/python3/dist-packages/moveit_ros_planning/cfg/TrajectoryExecutionDynamicReconfigureConfig.py
Symlinking /home/jean-pascal/YDAYS_Bras_robot/ws_moveit/devel/lib/python3/dist-packages/moveit_ros_planning/cfg/__init__.py
Symlinking /home/jean-pascal/YDAYS_Bras_robot/ws_moveit/devel/lib/python3/dist-packages/moveit_ros_planning/cfg/PlanExecutionDynamicReconfigureConfig.py
Symlinking /home/jean-pascal/YDAYS_Bras_robot/ws_moveit/devel/lib/pkgconfig/moveit_ros_planning.pc
Cleaning: (/home/jean-pascal/ws_moveit/devel/.private/moveit_ros_planning/cmake.lock, /home/jean-pascal/ws_moveit/devel/./cmake.lock)
Cleaning: (/home/jean-pascal/ws_moveit/devel/.private/moveit_ros_planning/include/moveit_ros_planning/PlanExecutionDynamicReconfigureConfig.h, /home/jean-pascal/ws_moveit/devel/include/moveit_ros_planning/PlanExecutionDynamicReconfigureConfig.h)
Cleaning: (/home/jean-pascal/ws_moveit/devel/.private/moveit_ros_planning/include/moveit_ros_planning/PlanningSceneMonitorDynamicReconfigureConfig.h, /home/jean-pascal/ws_moveit/devel/include/moveit_ros_planning/PlanningSceneMonitorDynamicReconfigureConfig.h)
Cleaning: (/home/jean-pascal/ws_moveit/devel/.private/moveit_ros_planning/include/moveit_ros_planning/TrajectoryExecutionDynamicReconfigureConfig.h, /home/jean-pascal/ws_moveit/devel/include/moveit_ros_planning/TrajectoryExecutionDynamicReconfigureConfig.h)
Cleaning: (/home/jean-pascal/ws_moveit/devel/.private/moveit_ros_planning/include/moveit_ros_planning/SenseForPlanDynamicReconfigureConfig.h, /home/jean-pascal/ws_moveit/devel/include/moveit_ros_planning/SenseForPlanDynamicReconfigureConfig.h)
Cleaning: (/home/jean-pascal/ws_moveit/devel/.private/moveit_ros_planning/share/moveit_ros_planning/docs/PlanningSceneMonitorDynamicReconfigureConfig-usage.dox, /home/jean-pascal/ws_moveit/devel/share/moveit_ros_planning/docs/PlanningSceneMonitorDynamicReconfigureConfig-usage.dox)
Cleaning: (/home/jean-pascal/ws_moveit/devel/.private/moveit_ros_planning/share/moveit_ros_planning/docs/SenseForPlanDynamicReconfigureConfig.dox, /home/jean-pascal/ws_moveit/devel/share/moveit_ros_planning/docs/SenseForPlanDynamicReconfigureConfig.dox)
Cleaning: (/home/jean-pascal/ws_moveit/devel/.private/moveit_ros_planning/share/moveit_ros_planning/docs/TrajectoryExecutionDynamicReconfigureConfig.dox, /home/jean-pascal/ws_moveit/devel/share/moveit_ros_planning/docs/TrajectoryExecutionDynamicReconfigureConfig.dox)
Cleaning: (/home/jean-pascal/ws_moveit/devel/.private/moveit_ros_planning/share/moveit_ros_planning/docs/TrajectoryExecutionDynamicReconfigureConfig-usage.dox, /home/jean-pascal/ws_moveit/devel/share/moveit_ros_planning/docs/TrajectoryExecutionDynamicReconfigureConfig-usage.dox)
Cleaning: (/home/jean-pascal/ws_moveit/devel/.private/moveit_ros_planning/share/moveit_ros_planning/docs/PlanExecutionDynamicReconfigureConfig.wikidoc, /home/jean-pascal/ws_moveit/devel/share/moveit_ros_planning/docs/PlanExecutionDynamicReconfigureConfig.wikidoc)
Cleaning: (/home/jean-pascal/ws_moveit/devel/.private/moveit_ros_planning/share/moveit_ros_planning/docs/SenseForPlanDynamicReconfigureConfig-usage.dox, /home/jean-pascal/ws_moveit/devel/share/moveit_ros_planning/docs/SenseForPlanDynamicReconfigureConfig-usage.dox)
Cleaning: (/home/jean-pascal/ws_moveit/devel/.private/moveit_ros_planning/share/moveit_ros_planning/docs/PlanningSceneMonitorDynamicReconfigureConfig.dox, /home/jean-pascal/ws_moveit/devel/share/moveit_ros_planning/docs/PlanningSceneMonitorDynamicReconfigureConfig.dox)
Cleaning: (/home/jean-pascal/ws_moveit/devel/.private/moveit_ros_planning/share/moveit_ros_planning/docs/TrajectoryExecutionDynamicReconfigureConfig.wikidoc, /home/jean-pascal/ws_moveit/devel/share/moveit_ros_planning/docs/TrajectoryExecutionDynamicReconfigureConfig.wikidoc)
Cleaning: (/home/jean-pascal/ws_moveit/devel/.private/moveit_ros_planning/share/moveit_ros_planning/docs/SenseForPlanDynamicReconfigureConfig.wikidoc, /home/jean-pascal/ws_moveit/devel/share/moveit_ros_planning/docs/SenseForPlanDynamicReconfigureConfig.wikidoc)
Cleaning: (/home/jean-pascal/ws_moveit/devel/.private/moveit_ros_planning/share/moveit_ros_planning/docs/PlanningSceneMonitorDynamicReconfigureConfig.wikidoc, /home/jean-pascal/ws_moveit/devel/share/moveit_ros_planning/docs/PlanningSceneMonitorDynamicReconfigureConfig.wikidoc)
Cleaning: (/home/jean-pascal/ws_moveit/devel/.private/moveit_ros_planning/share/moveit_ros_planning/docs/PlanExecutionDynamicReconfigureConfig-usage.dox, /home/jean-pascal/ws_moveit/devel/share/moveit_ros_planning/docs/PlanExecutionDynamicReconfigureConfig-usage.dox)
Cleaning: (/home/jean-pascal/ws_moveit/devel/.private/moveit_ros_planning/share/moveit_ros_planning/docs/PlanExecutionDynamicReconfigureConfig.dox, /home/jean-pascal/ws_moveit/devel/share/moveit_ros_planning/docs/PlanExecutionDynamicReconfigureConfig.dox)
Cleaning: (/home/jean-pascal/ws_moveit/devel/.private/moveit_ros_planning/share/moveit_ros_planning/cmake/moveit_ros_planningConfig.cmake, /home/jean-pascal/ws_moveit/devel/share/moveit_ros_planning/cmake/moveit_ros_planningConfig.cmake)
Cleaning: (/home/jean-pascal/ws_moveit/devel/.private/moveit_ros_planning/share/moveit_ros_planning/cmake/moveit_ros_planningConfig-version.cmake, /home/jean-pascal/ws_moveit/devel/share/moveit_ros_planning/cmake/moveit_ros_planningConfig-version.cmake)
Cleaning: (/home/jean-pascal/ws_moveit/devel/.private/moveit_ros_planning/lib/libmoveit_trajectory_execution_manager.so, /home/jean-pascal/ws_moveit/devel/lib/libmoveit_trajectory_execution_manager.so)
Cleaning: (/home/jean-pascal/ws_moveit/devel/.private/moveit_ros_planning/lib/libmoveit_default_planning_request_adapter_plugins.so.1.1.9, /home/jean-pascal/ws_moveit/devel/lib/libmoveit_default_planning_request_adapter_plugins.so.1.1.9)
Cleaning: (/home/jean-pascal/ws_moveit/devel/.private/moveit_ros_planning/lib/libmoveit_planning_scene_monitor.so.1.1.9, /home/jean-pascal/ws_moveit/devel/lib/libmoveit_planning_scene_monitor.so.1.1.9)
Cleaning: (/home/jean-pascal/ws_moveit/devel/.private/moveit_ros_planning/lib/libmoveit_trajectory_execution_manager.so.1.1.9, /home/jean-pascal/ws_moveit/devel/lib/libmoveit_trajectory_execution_manager.so.1.1.9)
Cleaning: (/home/jean-pascal/ws_moveit/devel/.private/moveit_ros_planning/lib/libmoveit_default_planning_request_adapter_plugins.so, /home/jean-pascal/ws_moveit/devel/lib/libmoveit_default_planning_request_adapter_plugins.so)
Cleaning: (/home/jean-pascal/ws_moveit/devel/.private/moveit_ros_planning/lib/libmoveit_plan_execution.so.1.1.9, /home/jean-pascal/ws_moveit/devel/lib/libmoveit_plan_execution.so.1.1.9)
Cleaning: (/home/jean-pascal/ws_moveit/devel/.private/moveit_ros_planning/lib/libmoveit_constraint_sampler_manager_loader.so, /home/jean-pascal/ws_moveit/devel/lib/libmoveit_constraint_sampler_manager_loader.so)
Cleaning: (/home/jean-pascal/ws_moveit/devel/.private/moveit_ros_planning/lib/libmoveit_constraint_sampler_manager_loader.so.1.1.9, /home/jean-pascal/ws_moveit/devel/lib/libmoveit_constraint_sampler_manager_loader.so.1.1.9)
Cleaning: (/home/jean-pascal/ws_moveit/devel/.private/moveit_ros_planning/lib/libmoveit_planning_scene_monitor.so, /home/jean-pascal/ws_moveit/devel/lib/libmoveit_planning_scene_monitor.so)
Cleaning: (/home/jean-pascal/ws_moveit/devel/.private/moveit_ros_planning/lib/libmoveit_cpp.so, /home/jean-pascal/ws_moveit/devel/lib/libmoveit_cpp.so)
Cleaning: (/home/jean-pascal/ws_moveit/devel/.private/moveit_ros_planning/lib/libmoveit_rdf_loader.so.1.1.9, /home/jean-pascal/ws_moveit/devel/lib/libmoveit_rdf_loader.so.1.1.9)
Cleaning: (/home/jean-pascal/ws_moveit/devel/.private/moveit_ros_planning/lib/libmoveit_kinematics_plugin_loader.so, /home/jean-pascal/ws_moveit/devel/lib/libmoveit_kinematics_plugin_loader.so)
Cleaning: (/home/jean-pascal/ws_moveit/devel/.private/moveit_ros_planning/lib/libmoveit_robot_model_loader.so.1.1.9, /home/jean-pascal/ws_moveit/devel/lib/libmoveit_robot_model_loader.so.1.1.9)
Cleaning: (/home/jean-pascal/ws_moveit/devel/.private/moveit_ros_planning/lib/libmoveit_robot_model_loader.so, /home/jean-pascal/ws_moveit/devel/lib/libmoveit_robot_model_loader.so)
Cleaning: (/home/jean-pascal/ws_moveit/devel/.private/moveit_ros_planning/lib/libmoveit_planning_pipeline.so.1.1.9, /home/jean-pascal/ws_moveit/devel/lib/libmoveit_planning_pipeline.so.1.1.9)
Cleaning: (/home/jean-pascal/ws_moveit/devel/.private/moveit_ros_planning/lib/libmoveit_planning_pipeline.so, /home/jean-pascal/ws_moveit/devel/lib/libmoveit_planning_pipeline.so)
Cleaning: (/home/jean-pascal/ws_moveit/devel/.private/moveit_ros_planning/lib/libmoveit_plan_execution.so, /home/jean-pascal/ws_moveit/devel/lib/libmoveit_plan_execution.so)
Cleaning: (/home/jean-pascal/ws_moveit/devel/.private/moveit_ros_planning/lib/libmoveit_collision_plugin_loader.so, /home/jean-pascal/ws_moveit/devel/lib/libmoveit_collision_plugin_loader.so)
Cleaning: (/home/jean-pascal/ws_moveit/devel/.private/moveit_ros_planning/lib/libmoveit_kinematics_plugin_loader.so.1.1.9, /home/jean-pascal/ws_moveit/devel/lib/libmoveit_kinematics_plugin_loader.so.1.1.9)
Cleaning: (/home/jean-pascal/ws_moveit/devel/.private/moveit_ros_planning/lib/libmoveit_rdf_loader.so, /home/jean-pascal/ws_moveit/devel/lib/libmoveit_rdf_loader.so)
Cleaning: (/home/jean-pascal/ws_moveit/devel/.private/moveit_ros_planning/lib/libmoveit_collision_plugin_loader.so.1.1.9, /home/jean-pascal/ws_moveit/devel/lib/libmoveit_collision_plugin_loader.so.1.1.9)
Cleaning: (/home/jean-pascal/ws_moveit/devel/.private/moveit_ros_planning/lib/libmoveit_cpp.so.1.1.9, /home/jean-pascal/ws_moveit/devel/lib/libmoveit_cpp.so.1.1.9)
Cleaning: (/home/jean-pascal/ws_moveit/devel/.private/moveit_ros_planning/lib/moveit_ros_planning/moveit_kinematics_speed_and_validity_evaluator, /home/jean-pascal/ws_moveit/devel/lib/moveit_ros_planning/moveit_kinematics_speed_and_validity_evaluator)
Cleaning: (/home/jean-pascal/ws_moveit/devel/.private/moveit_ros_planning/lib/moveit_ros_planning/moveit_list_request_adapter_plugins, /home/jean-pascal/ws_moveit/devel/lib/moveit_ros_planning/moveit_list_request_adapter_plugins)
Cleaning: (/home/jean-pascal/ws_moveit/devel/.private/moveit_ros_planning/lib/moveit_ros_planning/moveit_print_planning_scene_info, /home/jean-pascal/ws_moveit/devel/lib/moveit_ros_planning/moveit_print_planning_scene_info)
Cleaning: (/home/jean-pascal/ws_moveit/devel/.private/moveit_ros_planning/lib/moveit_ros_planning/moveit_evaluate_collision_checking_speed, /home/jean-pascal/ws_moveit/devel/lib/moveit_ros_planning/moveit_evaluate_collision_checking_speed)
Cleaning: (/home/jean-pascal/ws_moveit/devel/.private/moveit_ros_planning/lib/moveit_ros_planning/moveit_print_planning_model_info, /home/jean-pascal/ws_moveit/devel/lib/moveit_ros_planning/moveit_print_planning_model_info)
Cleaning: (/home/jean-pascal/ws_moveit/devel/.private/moveit_ros_planning/lib/moveit_ros_planning/moveit_evaluate_state_operations_speed, /home/jean-pascal/ws_moveit/devel/lib/moveit_ros_planning/moveit_evaluate_state_operations_speed)
Cleaning: (/home/jean-pascal/ws_moveit/devel/.private/moveit_ros_planning/lib/moveit_ros_planning/moveit_visualize_robot_collision_volume, /home/jean-pascal/ws_moveit/devel/lib/moveit_ros_planning/moveit_visualize_robot_collision_volume)
Cleaning: (/home/jean-pascal/ws_moveit/devel/.private/moveit_ros_planning/lib/moveit_ros_planning/moveit_compare_collision_checking_speed_fcl_bullet, /home/jean-pascal/ws_moveit/devel/lib/moveit_ros_planning/moveit_compare_collision_checking_speed_fcl_bullet)
Cleaning: (/home/jean-pascal/ws_moveit/devel/.private/moveit_ros_planning/lib/moveit_ros_planning/demo_scene, /home/jean-pascal/ws_moveit/devel/lib/moveit_ros_planning/demo_scene)
Cleaning: (/home/jean-pascal/ws_moveit/devel/.private/moveit_ros_planning/lib/moveit_ros_planning/moveit_publish_scene_from_text, /home/jean-pascal/ws_moveit/devel/lib/moveit_ros_planning/moveit_publish_scene_from_text)
Cleaning: (/home/jean-pascal/ws_moveit/devel/.private/moveit_ros_planning/lib/moveit_ros_planning/moveit_display_random_state, /home/jean-pascal/ws_moveit/devel/lib/moveit_ros_planning/moveit_display_random_state)
Cleaning: (/home/jean-pascal/ws_moveit/devel/.private/moveit_ros_planning/lib/python3/dist-packages/moveit_ros_planning/__init__.py, /home/jean-pascal/ws_moveit/devel/lib/python3/dist-packages/moveit_ros_planning/__init__.py)
Cleaning: (/home/jean-pascal/ws_moveit/devel/.private/moveit_ros_planning/lib/python3/dist-packages/moveit_ros_planning/cfg/PlanningSceneMonitorDynamicReconfigureConfig.py, /home/jean-pascal/ws_moveit/devel/lib/python3/dist-packages/moveit_ros_planning/cfg/PlanningSceneMonitorDynamicReconfigureConfig.py)
Cleaning: (/home/jean-pascal/ws_moveit/devel/.private/moveit_ros_planning/lib/python3/dist-packages/moveit_ros_planning/cfg/SenseForPlanDynamicReconfigureConfig.py, /home/jean-pascal/ws_moveit/devel/lib/python3/dist-packages/moveit_ros_planning/cfg/SenseForPlanDynamicReconfigureConfig.py)
Cleaning: (/home/jean-pascal/ws_moveit/devel/.private/moveit_ros_planning/lib/python3/dist-packages/moveit_ros_planning/cfg/TrajectoryExecutionDynamicReconfigureConfig.py, /home/jean-pascal/ws_moveit/devel/lib/python3/dist-packages/moveit_ros_planning/cfg/TrajectoryExecutionDynamicReconfigureConfig.py)
Cleaning: (/home/jean-pascal/ws_moveit/devel/.private/moveit_ros_planning/lib/python3/dist-packages/moveit_ros_planning/cfg/__init__.py, /home/jean-pascal/ws_moveit/devel/lib/python3/dist-packages/moveit_ros_planning/cfg/__init__.py)
Cleaning: (/home/jean-pascal/ws_moveit/devel/.private/moveit_ros_planning/lib/python3/dist-packages/moveit_ros_planning/cfg/PlanExecutionDynamicReconfigureConfig.py, /home/jean-pascal/ws_moveit/devel/lib/python3/dist-packages/moveit_ros_planning/cfg/PlanExecutionDynamicReconfigureConfig.py)
Cleaning: (/home/jean-pascal/ws_moveit/devel/.private/moveit_ros_planning/lib/pkgconfig/moveit_ros_planning.pc, /home/jean-pascal/ws_moveit/devel/lib/pkgconfig/moveit_ros_planning.pc)
Unlinking: /home/jean-pascal/ws_moveit/devel/include/moveit_ros_planning/PlanExecutionDynamicReconfigureConfig.h
Already unlinked: {}
Unlinking: /home/jean-pascal/ws_moveit/devel/include/moveit_ros_planning/PlanningSceneMonitorDynamicReconfigureConfig.h
Already unlinked: {}
Unlinking: /home/jean-pascal/ws_moveit/devel/include/moveit_ros_planning/TrajectoryExecutionDynamicReconfigureConfig.h
Already unlinked: {}
Unlinking: /home/jean-pascal/ws_moveit/devel/include/moveit_ros_planning/SenseForPlanDynamicReconfigureConfig.h
Already unlinked: {}
Unlinking: /home/jean-pascal/ws_moveit/devel/share/moveit_ros_planning/docs/PlanningSceneMonitorDynamicReconfigureConfig-usage.dox
Already unlinked: {}
Unlinking: /home/jean-pascal/ws_moveit/devel/share/moveit_ros_planning/docs/SenseForPlanDynamicReconfigureConfig.dox
Already unlinked: {}
Unlinking: /home/jean-pascal/ws_moveit/devel/share/moveit_ros_planning/docs/TrajectoryExecutionDynamicReconfigureConfig.dox
Already unlinked: {}
Unlinking: /home/jean-pascal/ws_moveit/devel/share/moveit_ros_planning/docs/TrajectoryExecutionDynamicReconfigureConfig-usage.dox
Already unlinked: {}
Unlinking: /home/jean-pascal/ws_moveit/devel/share/moveit_ros_planning/docs/PlanExecutionDynamicReconfigureConfig.wikidoc
Already unlinked: {}
Unlinking: /home/jean-pascal/ws_moveit/devel/share/moveit_ros_planning/docs/SenseForPlanDynamicReconfigureConfig-usage.dox
Already unlinked: {}
Unlinking: /home/jean-pascal/ws_moveit/devel/share/moveit_ros_planning/docs/PlanningSceneMonitorDynamicReconfigureConfig.dox
Already unlinked: {}
Unlinking: /home/jean-pascal/ws_moveit/devel/share/moveit_ros_planning/docs/TrajectoryExecutionDynamicReconfigureConfig.wikidoc
Already unlinked: {}
Unlinking: /home/jean-pascal/ws_moveit/devel/share/moveit_ros_planning/docs/SenseForPlanDynamicReconfigureConfig.wikidoc
Already unlinked: {}
Unlinking: /home/jean-pascal/ws_moveit/devel/share/moveit_ros_planning/docs/PlanningSceneMonitorDynamicReconfigureConfig.wikidoc
Already unlinked: {}
Unlinking: /home/jean-pascal/ws_moveit/devel/share/moveit_ros_planning/docs/PlanExecutionDynamicReconfigureConfig-usage.dox
Already unlinked: {}
Unlinking: /home/jean-pascal/ws_moveit/devel/share/moveit_ros_planning/docs/PlanExecutionDynamicReconfigureConfig.dox
Already unlinked: {}
Unlinking: /home/jean-pascal/ws_moveit/devel/share/moveit_ros_planning/cmake/moveit_ros_planningConfig.cmake
Already unlinked: {}
Unlinking: /home/jean-pascal/ws_moveit/devel/share/moveit_ros_planning/cmake/moveit_ros_planningConfig-version.cmake
Already unlinked: {}
Unlinking: /home/jean-pascal/ws_moveit/devel/lib/libmoveit_trajectory_execution_manager.so
Already unlinked: {}
Unlinking: /home/jean-pascal/ws_moveit/devel/lib/libmoveit_default_planning_request_adapter_plugins.so.1.1.9
Already unlinked: {}
Unlinking: /home/jean-pascal/ws_moveit/devel/lib/libmoveit_planning_scene_monitor.so.1.1.9
Already unlinked: {}
Unlinking: /home/jean-pascal/ws_moveit/devel/lib/libmoveit_trajectory_execution_manager.so.1.1.9
Already unlinked: {}
Unlinking: /home/jean-pascal/ws_moveit/devel/lib/libmoveit_default_planning_request_adapter_plugins.so
Already unlinked: {}
Unlinking: /home/jean-pascal/ws_moveit/devel/lib/libmoveit_plan_execution.so.1.1.9
Already unlinked: {}
Unlinking: /home/jean-pascal/ws_moveit/devel/lib/libmoveit_constraint_sampler_manager_loader.so
Already unlinked: {}
Unlinking: /home/jean-pascal/ws_moveit/devel/lib/libmoveit_constraint_sampler_manager_loader.so.1.1.9
Already unlinked: {}
Unlinking: /home/jean-pascal/ws_moveit/devel/lib/libmoveit_planning_scene_monitor.so
Already unlinked: {}
Unlinking: /home/jean-pascal/ws_moveit/devel/lib/libmoveit_cpp.so
Already unlinked: {}
Unlinking: /home/jean-pascal/ws_moveit/devel/lib/libmoveit_rdf_loader.so.1.1.9
Already unlinked: {}
Unlinking: /home/jean-pascal/ws_moveit/devel/lib/libmoveit_kinematics_plugin_loader.so
Already unlinked: {}
Unlinking: /home/jean-pascal/ws_moveit/devel/lib/libmoveit_robot_model_loader.so.1.1.9
Already unlinked: {}
Unlinking: /home/jean-pascal/ws_moveit/devel/lib/libmoveit_robot_model_loader.so
Already unlinked: {}
Unlinking: /home/jean-pascal/ws_moveit/devel/lib/libmoveit_planning_pipeline.so.1.1.9
Already unlinked: {}
Unlinking: /home/jean-pascal/ws_moveit/devel/lib/libmoveit_planning_pipeline.so
Already unlinked: {}
Unlinking: /home/jean-pascal/ws_moveit/devel/lib/libmoveit_plan_execution.so
Already unlinked: {}
Unlinking: /home/jean-pascal/ws_moveit/devel/lib/libmoveit_collision_plugin_loader.so
Already unlinked: {}
Unlinking: /home/jean-pascal/ws_moveit/devel/lib/libmoveit_kinematics_plugin_loader.so.1.1.9
Already unlinked: {}
Unlinking: /home/jean-pascal/ws_moveit/devel/lib/libmoveit_rdf_loader.so
Already unlinked: {}
Unlinking: /home/jean-pascal/ws_moveit/devel/lib/libmoveit_collision_plugin_loader.so.1.1.9
Already unlinked: {}
Unlinking: /home/jean-pascal/ws_moveit/devel/lib/libmoveit_cpp.so.1.1.9
Already unlinked: {}
Unlinking: /home/jean-pascal/ws_moveit/devel/lib/moveit_ros_planning/moveit_kinematics_speed_and_validity_evaluator
Already unlinked: {}
Unlinking: /home/jean-pascal/ws_moveit/devel/lib/moveit_ros_planning/moveit_list_request_adapter_plugins
Already unlinked: {}
Unlinking: /home/jean-pascal/ws_moveit/devel/lib/moveit_ros_planning/moveit_print_planning_scene_info
Already unlinked: {}
Unlinking: /home/jean-pascal/ws_moveit/devel/lib/moveit_ros_planning/moveit_evaluate_collision_checking_speed
Already unlinked: {}
Unlinking: /home/jean-pascal/ws_moveit/devel/lib/moveit_ros_planning/moveit_print_planning_model_info
Already unlinked: {}
Unlinking: /home/jean-pascal/ws_moveit/devel/lib/moveit_ros_planning/moveit_evaluate_state_operations_speed
Already unlinked: {}
Unlinking: /home/jean-pascal/ws_moveit/devel/lib/moveit_ros_planning/moveit_visualize_robot_collision_volume
Already unlinked: {}
Unlinking: /home/jean-pascal/ws_moveit/devel/lib/moveit_ros_planning/moveit_compare_collision_checking_speed_fcl_bullet
Already unlinked: {}
Unlinking: /home/jean-pascal/ws_moveit/devel/lib/moveit_ros_planning/demo_scene
Already unlinked: {}
Unlinking: /home/jean-pascal/ws_moveit/devel/lib/moveit_ros_planning/moveit_publish_scene_from_text
Already unlinked: {}
Unlinking: /home/jean-pascal/ws_moveit/devel/lib/moveit_ros_planning/moveit_display_random_state
Already unlinked: {}
Unlinking: /home/jean-pascal/ws_moveit/devel/lib/python3/dist-packages/moveit_ros_planning/__init__.py
Already unlinked: {}
Unlinking: /home/jean-pascal/ws_moveit/devel/lib/python3/dist-packages/moveit_ros_planning/cfg/PlanningSceneMonitorDynamicReconfigureConfig.py
Already unlinked: {}
Unlinking: /home/jean-pascal/ws_moveit/devel/lib/python3/dist-packages/moveit_ros_planning/cfg/SenseForPlanDynamicReconfigureConfig.py
Already unlinked: {}
Unlinking: /home/jean-pascal/ws_moveit/devel/lib/python3/dist-packages/moveit_ros_planning/cfg/TrajectoryExecutionDynamicReconfigureConfig.py
Already unlinked: {}
Unlinking: /home/jean-pascal/ws_moveit/devel/lib/python3/dist-packages/moveit_ros_planning/cfg/__init__.py
Already unlinked: {}
Unlinking: /home/jean-pascal/ws_moveit/devel/lib/python3/dist-packages/moveit_ros_planning/cfg/PlanExecutionDynamicReconfigureConfig.py
Already unlinked: {}
Unlinking: /home/jean-pascal/ws_moveit/devel/lib/pkgconfig/moveit_ros_planning.pc
Already unlinked: {}
