Symlinking /home/jean-pascal/YDAYS_Bras_robot/ws_moveit/devel/share/moveit_ros_control_interface/cmake/moveit_ros_control_interfaceConfig.cmake
Symlinking /home/jean-pascal/YDAYS_Bras_robot/ws_moveit/devel/share/moveit_ros_control_interface/cmake/moveit_ros_control_interfaceConfig-version.cmake
Symlinking /home/jean-pascal/YDAYS_Bras_robot/ws_moveit/devel/lib/libmoveit_ros_control_interface_plugin.so
Symlinking /home/jean-pascal/YDAYS_Bras_robot/ws_moveit/devel/lib/libmoveit_ros_control_interface_trajectory_plugin.so.1.1.9
Symlinking /home/jean-pascal/YDAYS_Bras_robot/ws_moveit/devel/lib/libmoveit_ros_control_interface_trajectory_plugin.so
Symlinking /home/jean-pascal/YDAYS_Bras_robot/ws_moveit/devel/lib/libmoveit_ros_control_interface_plugin.so.1.1.9
Symlinking /home/jean-pascal/YDAYS_Bras_robot/ws_moveit/devel/lib/pkgconfig/moveit_ros_control_interface.pc
Cleaning: (/home/jean-pascal/ws_moveit/devel/.private/moveit_ros_control_interface/cmake.lock, /home/jean-pascal/ws_moveit/devel/./cmake.lock)
Cleaning: (/home/jean-pascal/ws_moveit/devel/.private/moveit_ros_control_interface/share/moveit_ros_control_interface/cmake/moveit_ros_control_interfaceConfig.cmake, /home/jean-pascal/ws_moveit/devel/share/moveit_ros_control_interface/cmake/moveit_ros_control_interfaceConfig.cmake)
Cleaning: (/home/jean-pascal/ws_moveit/devel/.private/moveit_ros_control_interface/share/moveit_ros_control_interface/cmake/moveit_ros_control_interfaceConfig-version.cmake, /home/jean-pascal/ws_moveit/devel/share/moveit_ros_control_interface/cmake/moveit_ros_control_interfaceConfig-version.cmake)
Cleaning: (/home/jean-pascal/ws_moveit/devel/.private/moveit_ros_control_interface/lib/libmoveit_ros_control_interface_plugin.so, /home/jean-pascal/ws_moveit/devel/lib/libmoveit_ros_control_interface_plugin.so)
Cleaning: (/home/jean-pascal/ws_moveit/devel/.private/moveit_ros_control_interface/lib/libmoveit_ros_control_interface_trajectory_plugin.so.1.1.9, /home/jean-pascal/ws_moveit/devel/lib/libmoveit_ros_control_interface_trajectory_plugin.so.1.1.9)
Cleaning: (/home/jean-pascal/ws_moveit/devel/.private/moveit_ros_control_interface/lib/libmoveit_ros_control_interface_trajectory_plugin.so, /home/jean-pascal/ws_moveit/devel/lib/libmoveit_ros_control_interface_trajectory_plugin.so)
Cleaning: (/home/jean-pascal/ws_moveit/devel/.private/moveit_ros_control_interface/lib/libmoveit_ros_control_interface_plugin.so.1.1.9, /home/jean-pascal/ws_moveit/devel/lib/libmoveit_ros_control_interface_plugin.so.1.1.9)
Cleaning: (/home/jean-pascal/ws_moveit/devel/.private/moveit_ros_control_interface/lib/pkgconfig/moveit_ros_control_interface.pc, /home/jean-pascal/ws_moveit/devel/lib/pkgconfig/moveit_ros_control_interface.pc)
Unlinking: /home/jean-pascal/ws_moveit/devel/share/moveit_ros_control_interface/cmake/moveit_ros_control_interfaceConfig.cmake
Already unlinked: {}
Unlinking: /home/jean-pascal/ws_moveit/devel/share/moveit_ros_control_interface/cmake/moveit_ros_control_interfaceConfig-version.cmake
Already unlinked: {}
Unlinking: /home/jean-pascal/ws_moveit/devel/lib/libmoveit_ros_control_interface_plugin.so
Already unlinked: {}
Unlinking: /home/jean-pascal/ws_moveit/devel/lib/libmoveit_ros_control_interface_trajectory_plugin.so.1.1.9
Already unlinked: {}
Unlinking: /home/jean-pascal/ws_moveit/devel/lib/libmoveit_ros_control_interface_trajectory_plugin.so
Already unlinked: {}
Unlinking: /home/jean-pascal/ws_moveit/devel/lib/libmoveit_ros_control_interface_plugin.so.1.1.9
Already unlinked: {}
Unlinking: /home/jean-pascal/ws_moveit/devel/lib/pkgconfig/moveit_ros_control_interface.pc
Already unlinked: {}
