Symlinking /home/jean-pascal/YDAYS_Bras_robot/ws_moveit/devel/share/moveit_visual_tools/cmake/moveit_visual_toolsConfig.cmake
Symlinking /home/jean-pascal/YDAYS_Bras_robot/ws_moveit/devel/share/moveit_visual_tools/cmake/moveit_visual_toolsConfig-version.cmake
Symlinking /home/jean-pascal/YDAYS_Bras_robot/ws_moveit/devel/lib/libmoveit_visual_tools.so
Symlinking /home/jean-pascal/YDAYS_Bras_robot/ws_moveit/devel/lib/libmoveit_visual_tools.so.3.6.0
Symlinking /home/jean-pascal/YDAYS_Bras_robot/ws_moveit/devel/lib/moveit_visual_tools/moveit_visual_tools_demo
Symlinking /home/jean-pascal/YDAYS_Bras_robot/ws_moveit/devel/lib/pkgconfig/moveit_visual_tools.pc
Cleaning: (/home/jean-pascal/ws_moveit/devel/.private/moveit_visual_tools/cmake.lock, /home/jean-pascal/ws_moveit/devel/./cmake.lock)
Cleaning: (/home/jean-pascal/ws_moveit/devel/.private/moveit_visual_tools/share/moveit_visual_tools/cmake/moveit_visual_toolsConfig.cmake, /home/jean-pascal/ws_moveit/devel/share/moveit_visual_tools/cmake/moveit_visual_toolsConfig.cmake)
Cleaning: (/home/jean-pascal/ws_moveit/devel/.private/moveit_visual_tools/share/moveit_visual_tools/cmake/moveit_visual_toolsConfig-version.cmake, /home/jean-pascal/ws_moveit/devel/share/moveit_visual_tools/cmake/moveit_visual_toolsConfig-version.cmake)
Cleaning: (/home/jean-pascal/ws_moveit/devel/.private/moveit_visual_tools/lib/libmoveit_visual_tools.so, /home/jean-pascal/ws_moveit/devel/lib/libmoveit_visual_tools.so)
Cleaning: (/home/jean-pascal/ws_moveit/devel/.private/moveit_visual_tools/lib/libmoveit_visual_tools.so.3.6.0, /home/jean-pascal/ws_moveit/devel/lib/libmoveit_visual_tools.so.3.6.0)
Cleaning: (/home/jean-pascal/ws_moveit/devel/.private/moveit_visual_tools/lib/moveit_visual_tools/moveit_visual_tools_demo, /home/jean-pascal/ws_moveit/devel/lib/moveit_visual_tools/moveit_visual_tools_demo)
Cleaning: (/home/jean-pascal/ws_moveit/devel/.private/moveit_visual_tools/lib/pkgconfig/moveit_visual_tools.pc, /home/jean-pascal/ws_moveit/devel/lib/pkgconfig/moveit_visual_tools.pc)
Unlinking: /home/jean-pascal/ws_moveit/devel/share/moveit_visual_tools/cmake/moveit_visual_toolsConfig.cmake
Already unlinked: {}
Unlinking: /home/jean-pascal/ws_moveit/devel/share/moveit_visual_tools/cmake/moveit_visual_toolsConfig-version.cmake
Already unlinked: {}
Unlinking: /home/jean-pascal/ws_moveit/devel/lib/libmoveit_visual_tools.so
Already unlinked: {}
Unlinking: /home/jean-pascal/ws_moveit/devel/lib/libmoveit_visual_tools.so.3.6.0
Already unlinked: {}
Unlinking: /home/jean-pascal/ws_moveit/devel/lib/moveit_visual_tools/moveit_visual_tools_demo
Already unlinked: {}
Unlinking: /home/jean-pascal/ws_moveit/devel/lib/pkgconfig/moveit_visual_tools.pc
Already unlinked: {}
