Symlinking /home/jean-pascal/YDAYS_Bras_robot/ws_moveit/devel/share/moveit_planners_chomp/cmake/moveit_planners_chompConfig.cmake
Symlinking /home/jean-pascal/YDAYS_Bras_robot/ws_moveit/devel/share/moveit_planners_chomp/cmake/moveit_planners_chompConfig-version.cmake
Symlinking /home/jean-pascal/YDAYS_Bras_robot/ws_moveit/devel/lib/libmoveit_planners_chomp.so.1.1.9
Symlinking /home/jean-pascal/YDAYS_Bras_robot/ws_moveit/devel/lib/libchomp_planner_plugin.so
Symlinking /home/jean-pascal/YDAYS_Bras_robot/ws_moveit/devel/lib/libchomp_planner_plugin.so.1.1.9
Symlinking /home/jean-pascal/YDAYS_Bras_robot/ws_moveit/devel/lib/libmoveit_planners_chomp.so
Symlinking /home/jean-pascal/YDAYS_Bras_robot/ws_moveit/devel/lib/pkgconfig/moveit_planners_chomp.pc
Cleaning: (/home/jean-pascal/ws_moveit/devel/.private/moveit_planners_chomp/cmake.lock, /home/jean-pascal/ws_moveit/devel/./cmake.lock)
Cleaning: (/home/jean-pascal/ws_moveit/devel/.private/moveit_planners_chomp/share/moveit_planners_chomp/cmake/moveit_planners_chompConfig.cmake, /home/jean-pascal/ws_moveit/devel/share/moveit_planners_chomp/cmake/moveit_planners_chompConfig.cmake)
Cleaning: (/home/jean-pascal/ws_moveit/devel/.private/moveit_planners_chomp/share/moveit_planners_chomp/cmake/moveit_planners_chompConfig-version.cmake, /home/jean-pascal/ws_moveit/devel/share/moveit_planners_chomp/cmake/moveit_planners_chompConfig-version.cmake)
Cleaning: (/home/jean-pascal/ws_moveit/devel/.private/moveit_planners_chomp/lib/libmoveit_planners_chomp.so.1.1.9, /home/jean-pascal/ws_moveit/devel/lib/libmoveit_planners_chomp.so.1.1.9)
Cleaning: (/home/jean-pascal/ws_moveit/devel/.private/moveit_planners_chomp/lib/libchomp_planner_plugin.so, /home/jean-pascal/ws_moveit/devel/lib/libchomp_planner_plugin.so)
Cleaning: (/home/jean-pascal/ws_moveit/devel/.private/moveit_planners_chomp/lib/libchomp_planner_plugin.so.1.1.9, /home/jean-pascal/ws_moveit/devel/lib/libchomp_planner_plugin.so.1.1.9)
Cleaning: (/home/jean-pascal/ws_moveit/devel/.private/moveit_planners_chomp/lib/libmoveit_planners_chomp.so, /home/jean-pascal/ws_moveit/devel/lib/libmoveit_planners_chomp.so)
Cleaning: (/home/jean-pascal/ws_moveit/devel/.private/moveit_planners_chomp/lib/pkgconfig/moveit_planners_chomp.pc, /home/jean-pascal/ws_moveit/devel/lib/pkgconfig/moveit_planners_chomp.pc)
Unlinking: /home/jean-pascal/ws_moveit/devel/share/moveit_planners_chomp/cmake/moveit_planners_chompConfig.cmake
Already unlinked: {}
Unlinking: /home/jean-pascal/ws_moveit/devel/share/moveit_planners_chomp/cmake/moveit_planners_chompConfig-version.cmake
Already unlinked: {}
Unlinking: /home/jean-pascal/ws_moveit/devel/lib/libmoveit_planners_chomp.so.1.1.9
Already unlinked: {}
Unlinking: /home/jean-pascal/ws_moveit/devel/lib/libchomp_planner_plugin.so
Already unlinked: {}
Unlinking: /home/jean-pascal/ws_moveit/devel/lib/libchomp_planner_plugin.so.1.1.9
Already unlinked: {}
Unlinking: /home/jean-pascal/ws_moveit/devel/lib/libmoveit_planners_chomp.so
Already unlinked: {}
Unlinking: /home/jean-pascal/ws_moveit/devel/lib/pkgconfig/moveit_planners_chomp.pc
Already unlinked: {}
