Symlinking /home/jean-pascal/YDAYS_Bras_robot/ws_moveit/devel/./env.sh
Symlinking /home/jean-pascal/YDAYS_Bras_robot/ws_moveit/devel/./cmake.lock
Symlinking /home/jean-pascal/YDAYS_Bras_robot/ws_moveit/devel/./setup.zsh
Symlinking /home/jean-pascal/YDAYS_Bras_robot/ws_moveit/devel/./local_setup.zsh
Symlinking /home/jean-pascal/YDAYS_Bras_robot/ws_moveit/devel/./_setup_util.py
Symlinking /home/jean-pascal/YDAYS_Bras_robot/ws_moveit/devel/./local_setup.sh
Symlinking /home/jean-pascal/YDAYS_Bras_robot/ws_moveit/devel/./local_setup.bash
Symlinking /home/jean-pascal/YDAYS_Bras_robot/ws_moveit/devel/./setup.bash
Symlinking /home/jean-pascal/YDAYS_Bras_robot/ws_moveit/devel/./setup.sh
Symlinking /home/jean-pascal/YDAYS_Bras_robot/ws_moveit/devel/share/catkin_tools_prebuild/cmake/catkin_tools_prebuildConfig.cmake
Symlinking /home/jean-pascal/YDAYS_Bras_robot/ws_moveit/devel/share/catkin_tools_prebuild/cmake/catkin_tools_prebuildConfig-version.cmake
Symlinking /home/jean-pascal/YDAYS_Bras_robot/ws_moveit/devel/lib/pkgconfig/catkin_tools_prebuild.pc
Cleaning: (/home/jean-pascal/ws_moveit/devel/.private/catkin_tools_prebuild/env.sh, /home/jean-pascal/ws_moveit/devel/./env.sh)
Cleaning: (/home/jean-pascal/ws_moveit/devel/.private/catkin_tools_prebuild/cmake.lock, /home/jean-pascal/ws_moveit/devel/./cmake.lock)
Cleaning: (/home/jean-pascal/ws_moveit/devel/.private/catkin_tools_prebuild/setup.zsh, /home/jean-pascal/ws_moveit/devel/./setup.zsh)
Cleaning: (/home/jean-pascal/ws_moveit/devel/.private/catkin_tools_prebuild/local_setup.zsh, /home/jean-pascal/ws_moveit/devel/./local_setup.zsh)
Cleaning: (/home/jean-pascal/ws_moveit/devel/.private/catkin_tools_prebuild/_setup_util.py, /home/jean-pascal/ws_moveit/devel/./_setup_util.py)
Cleaning: (/home/jean-pascal/ws_moveit/devel/.private/catkin_tools_prebuild/local_setup.sh, /home/jean-pascal/ws_moveit/devel/./local_setup.sh)
Cleaning: (/home/jean-pascal/ws_moveit/devel/.private/catkin_tools_prebuild/local_setup.bash, /home/jean-pascal/ws_moveit/devel/./local_setup.bash)
Cleaning: (/home/jean-pascal/ws_moveit/devel/.private/catkin_tools_prebuild/setup.bash, /home/jean-pascal/ws_moveit/devel/./setup.bash)
Cleaning: (/home/jean-pascal/ws_moveit/devel/.private/catkin_tools_prebuild/setup.sh, /home/jean-pascal/ws_moveit/devel/./setup.sh)
Cleaning: (/home/jean-pascal/ws_moveit/devel/.private/catkin_tools_prebuild/share/catkin_tools_prebuild/cmake/catkin_tools_prebuildConfig.cmake, /home/jean-pascal/ws_moveit/devel/share/catkin_tools_prebuild/cmake/catkin_tools_prebuildConfig.cmake)
Cleaning: (/home/jean-pascal/ws_moveit/devel/.private/catkin_tools_prebuild/share/catkin_tools_prebuild/cmake/catkin_tools_prebuildConfig-version.cmake, /home/jean-pascal/ws_moveit/devel/share/catkin_tools_prebuild/cmake/catkin_tools_prebuildConfig-version.cmake)
Cleaning: (/home/jean-pascal/ws_moveit/devel/.private/catkin_tools_prebuild/lib/pkgconfig/catkin_tools_prebuild.pc, /home/jean-pascal/ws_moveit/devel/lib/pkgconfig/catkin_tools_prebuild.pc)
Unlinking: /home/jean-pascal/ws_moveit/devel/./env.sh
Already unlinked: {}
Unlinking: /home/jean-pascal/ws_moveit/devel/./setup.zsh
Already unlinked: {}
Unlinking: /home/jean-pascal/ws_moveit/devel/./local_setup.zsh
Already unlinked: {}
Unlinking: /home/jean-pascal/ws_moveit/devel/./_setup_util.py
Already unlinked: {}
Unlinking: /home/jean-pascal/ws_moveit/devel/./local_setup.sh
Already unlinked: {}
Unlinking: /home/jean-pascal/ws_moveit/devel/./local_setup.bash
Already unlinked: {}
Unlinking: /home/jean-pascal/ws_moveit/devel/./setup.bash
Already unlinked: {}
Unlinking: /home/jean-pascal/ws_moveit/devel/./setup.sh
Already unlinked: {}
Unlinking: /home/jean-pascal/ws_moveit/devel/share/catkin_tools_prebuild/cmake/catkin_tools_prebuildConfig.cmake
Already unlinked: {}
Unlinking: /home/jean-pascal/ws_moveit/devel/share/catkin_tools_prebuild/cmake/catkin_tools_prebuildConfig-version.cmake
Already unlinked: {}
Unlinking: /home/jean-pascal/ws_moveit/devel/lib/pkgconfig/catkin_tools_prebuild.pc
Already unlinked: {}
