Symlinking /home/jean-pascal/YDAYS_Bras_robot/ws_moveit/devel/share/moveit_tutorials/cmake/moveit_tutorialsConfig.cmake
Symlinking /home/jean-pascal/YDAYS_Bras_robot/ws_moveit/devel/share/moveit_tutorials/cmake/moveit_tutorialsConfig-version.cmake
Symlinking /home/jean-pascal/YDAYS_Bras_robot/ws_moveit/devel/lib/libmoveit_lerp_planner_plugin.so.0.1.0
Symlinking /home/jean-pascal/YDAYS_Bras_robot/ws_moveit/devel/lib/libmoveit_lerp_planner_plugin.so
Symlinking /home/jean-pascal/YDAYS_Bras_robot/ws_moveit/devel/lib/libinteractivity_utils.so
Symlinking /home/jean-pascal/YDAYS_Bras_robot/ws_moveit/devel/lib/libcontroller_manager_example.so
Symlinking /home/jean-pascal/YDAYS_Bras_robot/ws_moveit/devel/lib/pkgconfig/moveit_tutorials.pc
Symlinking /home/jean-pascal/YDAYS_Bras_robot/ws_moveit/devel/lib/moveit_tutorials/moveit_cpp_tutorial
Symlinking /home/jean-pascal/YDAYS_Bras_robot/ws_moveit/devel/lib/moveit_tutorials/motion_planning_pipeline_tutorial
Symlinking /home/jean-pascal/YDAYS_Bras_robot/ws_moveit/devel/lib/moveit_tutorials/bullet_collision_checker_tutorial
Symlinking /home/jean-pascal/YDAYS_Bras_robot/ws_moveit/devel/lib/moveit_tutorials/motion_planning_api_tutorial
Symlinking /home/jean-pascal/YDAYS_Bras_robot/ws_moveit/devel/lib/moveit_tutorials/planning_scene_ros_api_tutorial
Symlinking /home/jean-pascal/YDAYS_Bras_robot/ws_moveit/devel/lib/moveit_tutorials/cmake.lock
Symlinking /home/jean-pascal/YDAYS_Bras_robot/ws_moveit/devel/lib/moveit_tutorials/pick_place_tutorial
Symlinking /home/jean-pascal/YDAYS_Bras_robot/ws_moveit/devel/lib/moveit_tutorials/visualizing_collisions_tutorial
Symlinking /home/jean-pascal/YDAYS_Bras_robot/ws_moveit/devel/lib/moveit_tutorials/state_display_tutorial
Symlinking /home/jean-pascal/YDAYS_Bras_robot/ws_moveit/devel/lib/moveit_tutorials/lerp_example
Symlinking /home/jean-pascal/YDAYS_Bras_robot/ws_moveit/devel/lib/moveit_tutorials/detect_and_add_cylinder_collision_object_demo
Symlinking /home/jean-pascal/YDAYS_Bras_robot/ws_moveit/devel/lib/moveit_tutorials/trajopt_example
Symlinking /home/jean-pascal/YDAYS_Bras_robot/ws_moveit/devel/lib/moveit_tutorials/move_group_interface_tutorial
Symlinking /home/jean-pascal/YDAYS_Bras_robot/ws_moveit/devel/lib/moveit_tutorials/ros_api_tutorial
Symlinking /home/jean-pascal/YDAYS_Bras_robot/ws_moveit/devel/lib/moveit_tutorials/collision_scene_example.py
Symlinking /home/jean-pascal/YDAYS_Bras_robot/ws_moveit/devel/lib/moveit_tutorials/move_group_python_interface_tutorial.py
Symlinking /home/jean-pascal/YDAYS_Bras_robot/ws_moveit/devel/lib/moveit_tutorials/subframes_tutorial
Symlinking /home/jean-pascal/YDAYS_Bras_robot/ws_moveit/devel/lib/moveit_tutorials/planning_scene_tutorial
Symlinking /home/jean-pascal/YDAYS_Bras_robot/ws_moveit/devel/lib/moveit_tutorials/robot_model_and_robot_state_tutorial
Symlinking /home/jean-pascal/YDAYS_Bras_robot/ws_moveit/devel/lib/moveit_tutorials/bag_publisher_maintain_time
Cleaning: (/home/jean-pascal/ws_moveit/devel/.private/moveit_tutorials/cmake.lock, /home/jean-pascal/ws_moveit/devel/./cmake.lock)
Cleaning: (/home/jean-pascal/ws_moveit/devel/.private/moveit_tutorials/share/moveit_tutorials/cmake/moveit_tutorialsConfig.cmake, /home/jean-pascal/ws_moveit/devel/share/moveit_tutorials/cmake/moveit_tutorialsConfig.cmake)
Cleaning: (/home/jean-pascal/ws_moveit/devel/.private/moveit_tutorials/share/moveit_tutorials/cmake/moveit_tutorialsConfig-version.cmake, /home/jean-pascal/ws_moveit/devel/share/moveit_tutorials/cmake/moveit_tutorialsConfig-version.cmake)
Cleaning: (/home/jean-pascal/ws_moveit/devel/.private/moveit_tutorials/lib/libmoveit_lerp_planner_plugin.so.0.1.0, /home/jean-pascal/ws_moveit/devel/lib/libmoveit_lerp_planner_plugin.so.0.1.0)
Cleaning: (/home/jean-pascal/ws_moveit/devel/.private/moveit_tutorials/lib/libmoveit_lerp_planner_plugin.so, /home/jean-pascal/ws_moveit/devel/lib/libmoveit_lerp_planner_plugin.so)
Cleaning: (/home/jean-pascal/ws_moveit/devel/.private/moveit_tutorials/lib/libinteractivity_utils.so, /home/jean-pascal/ws_moveit/devel/lib/libinteractivity_utils.so)
Cleaning: (/home/jean-pascal/ws_moveit/devel/.private/moveit_tutorials/lib/libcontroller_manager_example.so, /home/jean-pascal/ws_moveit/devel/lib/libcontroller_manager_example.so)
Cleaning: (/home/jean-pascal/ws_moveit/devel/.private/moveit_tutorials/lib/pkgconfig/moveit_tutorials.pc, /home/jean-pascal/ws_moveit/devel/lib/pkgconfig/moveit_tutorials.pc)
Cleaning: (/home/jean-pascal/ws_moveit/devel/.private/moveit_tutorials/lib/moveit_tutorials/moveit_cpp_tutorial, /home/jean-pascal/ws_moveit/devel/lib/moveit_tutorials/moveit_cpp_tutorial)
Cleaning: (/home/jean-pascal/ws_moveit/devel/.private/moveit_tutorials/lib/moveit_tutorials/motion_planning_pipeline_tutorial, /home/jean-pascal/ws_moveit/devel/lib/moveit_tutorials/motion_planning_pipeline_tutorial)
Cleaning: (/home/jean-pascal/ws_moveit/devel/.private/moveit_tutorials/lib/moveit_tutorials/bullet_collision_checker_tutorial, /home/jean-pascal/ws_moveit/devel/lib/moveit_tutorials/bullet_collision_checker_tutorial)
Cleaning: (/home/jean-pascal/ws_moveit/devel/.private/moveit_tutorials/lib/moveit_tutorials/motion_planning_api_tutorial, /home/jean-pascal/ws_moveit/devel/lib/moveit_tutorials/motion_planning_api_tutorial)
Cleaning: (/home/jean-pascal/ws_moveit/devel/.private/moveit_tutorials/lib/moveit_tutorials/planning_scene_ros_api_tutorial, /home/jean-pascal/ws_moveit/devel/lib/moveit_tutorials/planning_scene_ros_api_tutorial)
Cleaning: (/home/jean-pascal/ws_moveit/devel/.private/moveit_tutorials/lib/moveit_tutorials/cmake.lock, /home/jean-pascal/ws_moveit/devel/lib/moveit_tutorials/cmake.lock)
Cleaning: (/home/jean-pascal/ws_moveit/devel/.private/moveit_tutorials/lib/moveit_tutorials/pick_place_tutorial, /home/jean-pascal/ws_moveit/devel/lib/moveit_tutorials/pick_place_tutorial)
Cleaning: (/home/jean-pascal/ws_moveit/devel/.private/moveit_tutorials/lib/moveit_tutorials/visualizing_collisions_tutorial, /home/jean-pascal/ws_moveit/devel/lib/moveit_tutorials/visualizing_collisions_tutorial)
Cleaning: (/home/jean-pascal/ws_moveit/devel/.private/moveit_tutorials/lib/moveit_tutorials/state_display_tutorial, /home/jean-pascal/ws_moveit/devel/lib/moveit_tutorials/state_display_tutorial)
Cleaning: (/home/jean-pascal/ws_moveit/devel/.private/moveit_tutorials/lib/moveit_tutorials/lerp_example, /home/jean-pascal/ws_moveit/devel/lib/moveit_tutorials/lerp_example)
Cleaning: (/home/jean-pascal/ws_moveit/devel/.private/moveit_tutorials/lib/moveit_tutorials/detect_and_add_cylinder_collision_object_demo, /home/jean-pascal/ws_moveit/devel/lib/moveit_tutorials/detect_and_add_cylinder_collision_object_demo)
Cleaning: (/home/jean-pascal/ws_moveit/devel/.private/moveit_tutorials/lib/moveit_tutorials/trajopt_example, /home/jean-pascal/ws_moveit/devel/lib/moveit_tutorials/trajopt_example)
Cleaning: (/home/jean-pascal/ws_moveit/devel/.private/moveit_tutorials/lib/moveit_tutorials/move_group_interface_tutorial, /home/jean-pascal/ws_moveit/devel/lib/moveit_tutorials/move_group_interface_tutorial)
Cleaning: (/home/jean-pascal/ws_moveit/devel/.private/moveit_tutorials/lib/moveit_tutorials/ros_api_tutorial, /home/jean-pascal/ws_moveit/devel/lib/moveit_tutorials/ros_api_tutorial)
Cleaning: (/home/jean-pascal/ws_moveit/devel/.private/moveit_tutorials/lib/moveit_tutorials/collision_scene_example.py, /home/jean-pascal/ws_moveit/devel/lib/moveit_tutorials/collision_scene_example.py)
Cleaning: (/home/jean-pascal/ws_moveit/devel/.private/moveit_tutorials/lib/moveit_tutorials/move_group_python_interface_tutorial.py, /home/jean-pascal/ws_moveit/devel/lib/moveit_tutorials/move_group_python_interface_tutorial.py)
Cleaning: (/home/jean-pascal/ws_moveit/devel/.private/moveit_tutorials/lib/moveit_tutorials/subframes_tutorial, /home/jean-pascal/ws_moveit/devel/lib/moveit_tutorials/subframes_tutorial)
Cleaning: (/home/jean-pascal/ws_moveit/devel/.private/moveit_tutorials/lib/moveit_tutorials/planning_scene_tutorial, /home/jean-pascal/ws_moveit/devel/lib/moveit_tutorials/planning_scene_tutorial)
Cleaning: (/home/jean-pascal/ws_moveit/devel/.private/moveit_tutorials/lib/moveit_tutorials/robot_model_and_robot_state_tutorial, /home/jean-pascal/ws_moveit/devel/lib/moveit_tutorials/robot_model_and_robot_state_tutorial)
Cleaning: (/home/jean-pascal/ws_moveit/devel/.private/moveit_tutorials/lib/moveit_tutorials/bag_publisher_maintain_time, /home/jean-pascal/ws_moveit/devel/lib/moveit_tutorials/bag_publisher_maintain_time)
Unlinking: /home/jean-pascal/ws_moveit/devel/share/moveit_tutorials/cmake/moveit_tutorialsConfig.cmake
Already unlinked: {}
Unlinking: /home/jean-pascal/ws_moveit/devel/share/moveit_tutorials/cmake/moveit_tutorialsConfig-version.cmake
Already unlinked: {}
Unlinking: /home/jean-pascal/ws_moveit/devel/lib/libmoveit_lerp_planner_plugin.so.0.1.0
Already unlinked: {}
Unlinking: /home/jean-pascal/ws_moveit/devel/lib/libmoveit_lerp_planner_plugin.so
Already unlinked: {}
Unlinking: /home/jean-pascal/ws_moveit/devel/lib/libinteractivity_utils.so
Already unlinked: {}
Unlinking: /home/jean-pascal/ws_moveit/devel/lib/libcontroller_manager_example.so
Already unlinked: {}
Unlinking: /home/jean-pascal/ws_moveit/devel/lib/pkgconfig/moveit_tutorials.pc
Already unlinked: {}
Unlinking: /home/jean-pascal/ws_moveit/devel/lib/moveit_tutorials/moveit_cpp_tutorial
Already unlinked: {}
Unlinking: /home/jean-pascal/ws_moveit/devel/lib/moveit_tutorials/motion_planning_pipeline_tutorial
Already unlinked: {}
Unlinking: /home/jean-pascal/ws_moveit/devel/lib/moveit_tutorials/bullet_collision_checker_tutorial
Already unlinked: {}
Unlinking: /home/jean-pascal/ws_moveit/devel/lib/moveit_tutorials/motion_planning_api_tutorial
Already unlinked: {}
Unlinking: /home/jean-pascal/ws_moveit/devel/lib/moveit_tutorials/planning_scene_ros_api_tutorial
Already unlinked: {}
Unlinking: /home/jean-pascal/ws_moveit/devel/lib/moveit_tutorials/cmake.lock
Already unlinked: {}
Unlinking: /home/jean-pascal/ws_moveit/devel/lib/moveit_tutorials/pick_place_tutorial
Already unlinked: {}
Unlinking: /home/jean-pascal/ws_moveit/devel/lib/moveit_tutorials/visualizing_collisions_tutorial
Already unlinked: {}
Unlinking: /home/jean-pascal/ws_moveit/devel/lib/moveit_tutorials/state_display_tutorial
Already unlinked: {}
Unlinking: /home/jean-pascal/ws_moveit/devel/lib/moveit_tutorials/lerp_example
Already unlinked: {}
Unlinking: /home/jean-pascal/ws_moveit/devel/lib/moveit_tutorials/detect_and_add_cylinder_collision_object_demo
Already unlinked: {}
Unlinking: /home/jean-pascal/ws_moveit/devel/lib/moveit_tutorials/trajopt_example
Already unlinked: {}
Unlinking: /home/jean-pascal/ws_moveit/devel/lib/moveit_tutorials/move_group_interface_tutorial
Already unlinked: {}
Unlinking: /home/jean-pascal/ws_moveit/devel/lib/moveit_tutorials/ros_api_tutorial
Already unlinked: {}
Unlinking: /home/jean-pascal/ws_moveit/devel/lib/moveit_tutorials/collision_scene_example.py
Already unlinked: {}
Unlinking: /home/jean-pascal/ws_moveit/devel/lib/moveit_tutorials/move_group_python_interface_tutorial.py
Already unlinked: {}
Unlinking: /home/jean-pascal/ws_moveit/devel/lib/moveit_tutorials/subframes_tutorial
Already unlinked: {}
Unlinking: /home/jean-pascal/ws_moveit/devel/lib/moveit_tutorials/planning_scene_tutorial
Already unlinked: {}
Unlinking: /home/jean-pascal/ws_moveit/devel/lib/moveit_tutorials/robot_model_and_robot_state_tutorial
Already unlinked: {}
Unlinking: /home/jean-pascal/ws_moveit/devel/lib/moveit_tutorials/bag_publisher_maintain_time
Already unlinked: {}
