Symlinking /home/jean-pascal/YDAYS_Bras_robot/ws_moveit/devel/share/moveit_ros_warehouse/cmake/moveit_ros_warehouseConfig-version.cmake
Symlinking /home/jean-pascal/YDAYS_Bras_robot/ws_moveit/devel/share/moveit_ros_warehouse/cmake/moveit_ros_warehouseConfig.cmake
Symlinking /home/jean-pascal/YDAYS_Bras_robot/ws_moveit/devel/lib/libmoveit_warehouse.so
Symlinking /home/jean-pascal/YDAYS_Bras_robot/ws_moveit/devel/lib/libmoveit_warehouse.so.1.1.9
Symlinking /home/jean-pascal/YDAYS_Bras_robot/ws_moveit/devel/lib/pkgconfig/moveit_ros_warehouse.pc
Symlinking /home/jean-pascal/YDAYS_Bras_robot/ws_moveit/devel/lib/moveit_ros_warehouse/moveit_warehouse_save_as_text
Symlinking /home/jean-pascal/YDAYS_Bras_robot/ws_moveit/devel/lib/moveit_ros_warehouse/moveit_init_demo_warehouse
Symlinking /home/jean-pascal/YDAYS_Bras_robot/ws_moveit/devel/lib/moveit_ros_warehouse/moveit_warehouse_broadcast
Symlinking /home/jean-pascal/YDAYS_Bras_robot/ws_moveit/devel/lib/moveit_ros_warehouse/moveit_save_to_warehouse
Symlinking /home/jean-pascal/YDAYS_Bras_robot/ws_moveit/devel/lib/moveit_ros_warehouse/moveit_warehouse_services
Symlinking /home/jean-pascal/YDAYS_Bras_robot/ws_moveit/devel/lib/moveit_ros_warehouse/moveit_warehouse_import_from_text
Cleaning: (/home/jean-pascal/ws_moveit/devel/.private/moveit_ros_warehouse/cmake.lock, /home/jean-pascal/ws_moveit/devel/./cmake.lock)
Cleaning: (/home/jean-pascal/ws_moveit/devel/.private/moveit_ros_warehouse/share/moveit_ros_warehouse/cmake/moveit_ros_warehouseConfig-version.cmake, /home/jean-pascal/ws_moveit/devel/share/moveit_ros_warehouse/cmake/moveit_ros_warehouseConfig-version.cmake)
Cleaning: (/home/jean-pascal/ws_moveit/devel/.private/moveit_ros_warehouse/share/moveit_ros_warehouse/cmake/moveit_ros_warehouseConfig.cmake, /home/jean-pascal/ws_moveit/devel/share/moveit_ros_warehouse/cmake/moveit_ros_warehouseConfig.cmake)
Cleaning: (/home/jean-pascal/ws_moveit/devel/.private/moveit_ros_warehouse/lib/libmoveit_warehouse.so, /home/jean-pascal/ws_moveit/devel/lib/libmoveit_warehouse.so)
Cleaning: (/home/jean-pascal/ws_moveit/devel/.private/moveit_ros_warehouse/lib/libmoveit_warehouse.so.1.1.9, /home/jean-pascal/ws_moveit/devel/lib/libmoveit_warehouse.so.1.1.9)
Cleaning: (/home/jean-pascal/ws_moveit/devel/.private/moveit_ros_warehouse/lib/pkgconfig/moveit_ros_warehouse.pc, /home/jean-pascal/ws_moveit/devel/lib/pkgconfig/moveit_ros_warehouse.pc)
Cleaning: (/home/jean-pascal/ws_moveit/devel/.private/moveit_ros_warehouse/lib/moveit_ros_warehouse/moveit_warehouse_save_as_text, /home/jean-pascal/ws_moveit/devel/lib/moveit_ros_warehouse/moveit_warehouse_save_as_text)
Cleaning: (/home/jean-pascal/ws_moveit/devel/.private/moveit_ros_warehouse/lib/moveit_ros_warehouse/moveit_init_demo_warehouse, /home/jean-pascal/ws_moveit/devel/lib/moveit_ros_warehouse/moveit_init_demo_warehouse)
Cleaning: (/home/jean-pascal/ws_moveit/devel/.private/moveit_ros_warehouse/lib/moveit_ros_warehouse/moveit_warehouse_broadcast, /home/jean-pascal/ws_moveit/devel/lib/moveit_ros_warehouse/moveit_warehouse_broadcast)
Cleaning: (/home/jean-pascal/ws_moveit/devel/.private/moveit_ros_warehouse/lib/moveit_ros_warehouse/moveit_save_to_warehouse, /home/jean-pascal/ws_moveit/devel/lib/moveit_ros_warehouse/moveit_save_to_warehouse)
Cleaning: (/home/jean-pascal/ws_moveit/devel/.private/moveit_ros_warehouse/lib/moveit_ros_warehouse/moveit_warehouse_services, /home/jean-pascal/ws_moveit/devel/lib/moveit_ros_warehouse/moveit_warehouse_services)
Cleaning: (/home/jean-pascal/ws_moveit/devel/.private/moveit_ros_warehouse/lib/moveit_ros_warehouse/moveit_warehouse_import_from_text, /home/jean-pascal/ws_moveit/devel/lib/moveit_ros_warehouse/moveit_warehouse_import_from_text)
Unlinking: /home/jean-pascal/ws_moveit/devel/share/moveit_ros_warehouse/cmake/moveit_ros_warehouseConfig-version.cmake
Already unlinked: {}
Unlinking: /home/jean-pascal/ws_moveit/devel/share/moveit_ros_warehouse/cmake/moveit_ros_warehouseConfig.cmake
Already unlinked: {}
Unlinking: /home/jean-pascal/ws_moveit/devel/lib/libmoveit_warehouse.so
Already unlinked: {}
Unlinking: /home/jean-pascal/ws_moveit/devel/lib/libmoveit_warehouse.so.1.1.9
Already unlinked: {}
Unlinking: /home/jean-pascal/ws_moveit/devel/lib/pkgconfig/moveit_ros_warehouse.pc
Already unlinked: {}
Unlinking: /home/jean-pascal/ws_moveit/devel/lib/moveit_ros_warehouse/moveit_warehouse_save_as_text
Already unlinked: {}
Unlinking: /home/jean-pascal/ws_moveit/devel/lib/moveit_ros_warehouse/moveit_init_demo_warehouse
Already unlinked: {}
Unlinking: /home/jean-pascal/ws_moveit/devel/lib/moveit_ros_warehouse/moveit_warehouse_broadcast
Already unlinked: {}
Unlinking: /home/jean-pascal/ws_moveit/devel/lib/moveit_ros_warehouse/moveit_save_to_warehouse
Already unlinked: {}
Unlinking: /home/jean-pascal/ws_moveit/devel/lib/moveit_ros_warehouse/moveit_warehouse_services
Already unlinked: {}
Unlinking: /home/jean-pascal/ws_moveit/devel/lib/moveit_ros_warehouse/moveit_warehouse_import_from_text
Already unlinked: {}
