Symlinking /home/jean-pascal/YDAYS_Bras_robot/ws_moveit/devel/share/moveit_ros_move_group/cmake/moveit_ros_move_groupConfig.cmake
Symlinking /home/jean-pascal/YDAYS_Bras_robot/ws_moveit/devel/share/moveit_ros_move_group/cmake/moveit_ros_move_groupConfig-version.cmake
Symlinking /home/jean-pascal/YDAYS_Bras_robot/ws_moveit/devel/lib/libmoveit_move_group_default_capabilities.so.1.1.9
Symlinking /home/jean-pascal/YDAYS_Bras_robot/ws_moveit/devel/lib/libmoveit_move_group_capabilities_base.so.1.1.9
Symlinking /home/jean-pascal/YDAYS_Bras_robot/ws_moveit/devel/lib/libmoveit_move_group_capabilities_base.so
Symlinking /home/jean-pascal/YDAYS_Bras_robot/ws_moveit/devel/lib/libmoveit_move_group_default_capabilities.so
Symlinking /home/jean-pascal/YDAYS_Bras_robot/ws_moveit/devel/lib/moveit_ros_move_group/move_group
Symlinking /home/jean-pascal/YDAYS_Bras_robot/ws_moveit/devel/lib/moveit_ros_move_group/list_move_group_capabilities
Symlinking /home/jean-pascal/YDAYS_Bras_robot/ws_moveit/devel/lib/pkgconfig/moveit_ros_move_group.pc
Cleaning: (/home/jean-pascal/ws_moveit/devel/.private/moveit_ros_move_group/cmake.lock, /home/jean-pascal/ws_moveit/devel/./cmake.lock)
Cleaning: (/home/jean-pascal/ws_moveit/devel/.private/moveit_ros_move_group/share/moveit_ros_move_group/cmake/moveit_ros_move_groupConfig.cmake, /home/jean-pascal/ws_moveit/devel/share/moveit_ros_move_group/cmake/moveit_ros_move_groupConfig.cmake)
Cleaning: (/home/jean-pascal/ws_moveit/devel/.private/moveit_ros_move_group/share/moveit_ros_move_group/cmake/moveit_ros_move_groupConfig-version.cmake, /home/jean-pascal/ws_moveit/devel/share/moveit_ros_move_group/cmake/moveit_ros_move_groupConfig-version.cmake)
Cleaning: (/home/jean-pascal/ws_moveit/devel/.private/moveit_ros_move_group/lib/libmoveit_move_group_default_capabilities.so.1.1.9, /home/jean-pascal/ws_moveit/devel/lib/libmoveit_move_group_default_capabilities.so.1.1.9)
Cleaning: (/home/jean-pascal/ws_moveit/devel/.private/moveit_ros_move_group/lib/libmoveit_move_group_capabilities_base.so.1.1.9, /home/jean-pascal/ws_moveit/devel/lib/libmoveit_move_group_capabilities_base.so.1.1.9)
Cleaning: (/home/jean-pascal/ws_moveit/devel/.private/moveit_ros_move_group/lib/libmoveit_move_group_capabilities_base.so, /home/jean-pascal/ws_moveit/devel/lib/libmoveit_move_group_capabilities_base.so)
Cleaning: (/home/jean-pascal/ws_moveit/devel/.private/moveit_ros_move_group/lib/libmoveit_move_group_default_capabilities.so, /home/jean-pascal/ws_moveit/devel/lib/libmoveit_move_group_default_capabilities.so)
Cleaning: (/home/jean-pascal/ws_moveit/devel/.private/moveit_ros_move_group/lib/moveit_ros_move_group/move_group, /home/jean-pascal/ws_moveit/devel/lib/moveit_ros_move_group/move_group)
Cleaning: (/home/jean-pascal/ws_moveit/devel/.private/moveit_ros_move_group/lib/moveit_ros_move_group/list_move_group_capabilities, /home/jean-pascal/ws_moveit/devel/lib/moveit_ros_move_group/list_move_group_capabilities)
Cleaning: (/home/jean-pascal/ws_moveit/devel/.private/moveit_ros_move_group/lib/pkgconfig/moveit_ros_move_group.pc, /home/jean-pascal/ws_moveit/devel/lib/pkgconfig/moveit_ros_move_group.pc)
Unlinking: /home/jean-pascal/ws_moveit/devel/share/moveit_ros_move_group/cmake/moveit_ros_move_groupConfig.cmake
Already unlinked: {}
Unlinking: /home/jean-pascal/ws_moveit/devel/share/moveit_ros_move_group/cmake/moveit_ros_move_groupConfig-version.cmake
Already unlinked: {}
Unlinking: /home/jean-pascal/ws_moveit/devel/lib/libmoveit_move_group_default_capabilities.so.1.1.9
Already unlinked: {}
Unlinking: /home/jean-pascal/ws_moveit/devel/lib/libmoveit_move_group_capabilities_base.so.1.1.9
Already unlinked: {}
Unlinking: /home/jean-pascal/ws_moveit/devel/lib/libmoveit_move_group_capabilities_base.so
Already unlinked: {}
Unlinking: /home/jean-pascal/ws_moveit/devel/lib/libmoveit_move_group_default_capabilities.so
Already unlinked: {}
Unlinking: /home/jean-pascal/ws_moveit/devel/lib/moveit_ros_move_group/move_group
Already unlinked: {}
Unlinking: /home/jean-pascal/ws_moveit/devel/lib/moveit_ros_move_group/list_move_group_capabilities
Already unlinked: {}
Unlinking: /home/jean-pascal/ws_moveit/devel/lib/pkgconfig/moveit_ros_move_group.pc
Already unlinked: {}
