Symlinking /home/jean-pascal/YDAYS_Bras_robot/ws_moveit/devel/share/moveit_fake_controller_manager/cmake/moveit_fake_controller_managerConfig.cmake
Symlinking /home/jean-pascal/YDAYS_Bras_robot/ws_moveit/devel/share/moveit_fake_controller_manager/cmake/moveit_fake_controller_managerConfig-version.cmake
Symlinking /home/jean-pascal/YDAYS_Bras_robot/ws_moveit/devel/lib/libmoveit_fake_controller_manager.so
Symlinking /home/jean-pascal/YDAYS_Bras_robot/ws_moveit/devel/lib/libmoveit_fake_controller_manager.so.1.1.9
Symlinking /home/jean-pascal/YDAYS_Bras_robot/ws_moveit/devel/lib/pkgconfig/moveit_fake_controller_manager.pc
Cleaning: (/home/jean-pascal/ws_moveit/devel/.private/moveit_fake_controller_manager/cmake.lock, /home/jean-pascal/ws_moveit/devel/./cmake.lock)
Cleaning: (/home/jean-pascal/ws_moveit/devel/.private/moveit_fake_controller_manager/share/moveit_fake_controller_manager/cmake/moveit_fake_controller_managerConfig.cmake, /home/jean-pascal/ws_moveit/devel/share/moveit_fake_controller_manager/cmake/moveit_fake_controller_managerConfig.cmake)
Cleaning: (/home/jean-pascal/ws_moveit/devel/.private/moveit_fake_controller_manager/share/moveit_fake_controller_manager/cmake/moveit_fake_controller_managerConfig-version.cmake, /home/jean-pascal/ws_moveit/devel/share/moveit_fake_controller_manager/cmake/moveit_fake_controller_managerConfig-version.cmake)
Cleaning: (/home/jean-pascal/ws_moveit/devel/.private/moveit_fake_controller_manager/lib/libmoveit_fake_controller_manager.so, /home/jean-pascal/ws_moveit/devel/lib/libmoveit_fake_controller_manager.so)
Cleaning: (/home/jean-pascal/ws_moveit/devel/.private/moveit_fake_controller_manager/lib/libmoveit_fake_controller_manager.so.1.1.9, /home/jean-pascal/ws_moveit/devel/lib/libmoveit_fake_controller_manager.so.1.1.9)
Cleaning: (/home/jean-pascal/ws_moveit/devel/.private/moveit_fake_controller_manager/lib/pkgconfig/moveit_fake_controller_manager.pc, /home/jean-pascal/ws_moveit/devel/lib/pkgconfig/moveit_fake_controller_manager.pc)
Unlinking: /home/jean-pascal/ws_moveit/devel/share/moveit_fake_controller_manager/cmake/moveit_fake_controller_managerConfig.cmake
Already unlinked: {}
Unlinking: /home/jean-pascal/ws_moveit/devel/share/moveit_fake_controller_manager/cmake/moveit_fake_controller_managerConfig-version.cmake
Already unlinked: {}
Unlinking: /home/jean-pascal/ws_moveit/devel/lib/libmoveit_fake_controller_manager.so
Already unlinked: {}
Unlinking: /home/jean-pascal/ws_moveit/devel/lib/libmoveit_fake_controller_manager.so.1.1.9
Already unlinked: {}
Unlinking: /home/jean-pascal/ws_moveit/devel/lib/pkgconfig/moveit_fake_controller_manager.pc
Already unlinked: {}
