Symlinking /home/jean-pascal/YDAYS_Bras_robot/ws_moveit/devel/include/moveit_ros_manipulation/PickPlaceDynamicReconfigureConfig.h
Symlinking /home/jean-pascal/YDAYS_Bras_robot/ws_moveit/devel/share/moveit_ros_manipulation/docs/PickPlaceDynamicReconfigureConfig.dox
Symlinking /home/jean-pascal/YDAYS_Bras_robot/ws_moveit/devel/share/moveit_ros_manipulation/docs/PickPlaceDynamicReconfigureConfig-usage.dox
Symlinking /home/jean-pascal/YDAYS_Bras_robot/ws_moveit/devel/share/moveit_ros_manipulation/docs/PickPlaceDynamicReconfigureConfig.wikidoc
Symlinking /home/jean-pascal/YDAYS_Bras_robot/ws_moveit/devel/share/moveit_ros_manipulation/cmake/moveit_ros_manipulationConfig.cmake
Symlinking /home/jean-pascal/YDAYS_Bras_robot/ws_moveit/devel/share/moveit_ros_manipulation/cmake/moveit_ros_manipulationConfig-version.cmake
Symlinking /home/jean-pascal/YDAYS_Bras_robot/ws_moveit/devel/lib/libmoveit_pick_place_planner.so
Symlinking /home/jean-pascal/YDAYS_Bras_robot/ws_moveit/devel/lib/libmoveit_move_group_pick_place_capability.so.1.1.9
Symlinking /home/jean-pascal/YDAYS_Bras_robot/ws_moveit/devel/lib/libmoveit_pick_place_planner.so.1.1.9
Symlinking /home/jean-pascal/YDAYS_Bras_robot/ws_moveit/devel/lib/libmoveit_move_group_pick_place_capability.so
Symlinking /home/jean-pascal/YDAYS_Bras_robot/ws_moveit/devel/lib/python3/dist-packages/moveit_ros_manipulation/__init__.py
Symlinking /home/jean-pascal/YDAYS_Bras_robot/ws_moveit/devel/lib/python3/dist-packages/moveit_ros_manipulation/cfg/PickPlaceDynamicReconfigureConfig.py
Symlinking /home/jean-pascal/YDAYS_Bras_robot/ws_moveit/devel/lib/python3/dist-packages/moveit_ros_manipulation/cfg/__init__.py
Symlinking /home/jean-pascal/YDAYS_Bras_robot/ws_moveit/devel/lib/pkgconfig/moveit_ros_manipulation.pc
Cleaning: (/home/jean-pascal/ws_moveit/devel/.private/moveit_ros_manipulation/cmake.lock, /home/jean-pascal/ws_moveit/devel/./cmake.lock)
Cleaning: (/home/jean-pascal/ws_moveit/devel/.private/moveit_ros_manipulation/include/moveit_ros_manipulation/PickPlaceDynamicReconfigureConfig.h, /home/jean-pascal/ws_moveit/devel/include/moveit_ros_manipulation/PickPlaceDynamicReconfigureConfig.h)
Cleaning: (/home/jean-pascal/ws_moveit/devel/.private/moveit_ros_manipulation/share/moveit_ros_manipulation/docs/PickPlaceDynamicReconfigureConfig.dox, /home/jean-pascal/ws_moveit/devel/share/moveit_ros_manipulation/docs/PickPlaceDynamicReconfigureConfig.dox)
Cleaning: (/home/jean-pascal/ws_moveit/devel/.private/moveit_ros_manipulation/share/moveit_ros_manipulation/docs/PickPlaceDynamicReconfigureConfig-usage.dox, /home/jean-pascal/ws_moveit/devel/share/moveit_ros_manipulation/docs/PickPlaceDynamicReconfigureConfig-usage.dox)
Cleaning: (/home/jean-pascal/ws_moveit/devel/.private/moveit_ros_manipulation/share/moveit_ros_manipulation/docs/PickPlaceDynamicReconfigureConfig.wikidoc, /home/jean-pascal/ws_moveit/devel/share/moveit_ros_manipulation/docs/PickPlaceDynamicReconfigureConfig.wikidoc)
Cleaning: (/home/jean-pascal/ws_moveit/devel/.private/moveit_ros_manipulation/share/moveit_ros_manipulation/cmake/moveit_ros_manipulationConfig.cmake, /home/jean-pascal/ws_moveit/devel/share/moveit_ros_manipulation/cmake/moveit_ros_manipulationConfig.cmake)
Cleaning: (/home/jean-pascal/ws_moveit/devel/.private/moveit_ros_manipulation/share/moveit_ros_manipulation/cmake/moveit_ros_manipulationConfig-version.cmake, /home/jean-pascal/ws_moveit/devel/share/moveit_ros_manipulation/cmake/moveit_ros_manipulationConfig-version.cmake)
Cleaning: (/home/jean-pascal/ws_moveit/devel/.private/moveit_ros_manipulation/lib/libmoveit_pick_place_planner.so, /home/jean-pascal/ws_moveit/devel/lib/libmoveit_pick_place_planner.so)
Cleaning: (/home/jean-pascal/ws_moveit/devel/.private/moveit_ros_manipulation/lib/libmoveit_move_group_pick_place_capability.so.1.1.9, /home/jean-pascal/ws_moveit/devel/lib/libmoveit_move_group_pick_place_capability.so.1.1.9)
Cleaning: (/home/jean-pascal/ws_moveit/devel/.private/moveit_ros_manipulation/lib/libmoveit_pick_place_planner.so.1.1.9, /home/jean-pascal/ws_moveit/devel/lib/libmoveit_pick_place_planner.so.1.1.9)
Cleaning: (/home/jean-pascal/ws_moveit/devel/.private/moveit_ros_manipulation/lib/libmoveit_move_group_pick_place_capability.so, /home/jean-pascal/ws_moveit/devel/lib/libmoveit_move_group_pick_place_capability.so)
Cleaning: (/home/jean-pascal/ws_moveit/devel/.private/moveit_ros_manipulation/lib/python3/dist-packages/moveit_ros_manipulation/__init__.py, /home/jean-pascal/ws_moveit/devel/lib/python3/dist-packages/moveit_ros_manipulation/__init__.py)
Cleaning: (/home/jean-pascal/ws_moveit/devel/.private/moveit_ros_manipulation/lib/python3/dist-packages/moveit_ros_manipulation/cfg/PickPlaceDynamicReconfigureConfig.py, /home/jean-pascal/ws_moveit/devel/lib/python3/dist-packages/moveit_ros_manipulation/cfg/PickPlaceDynamicReconfigureConfig.py)
Cleaning: (/home/jean-pascal/ws_moveit/devel/.private/moveit_ros_manipulation/lib/python3/dist-packages/moveit_ros_manipulation/cfg/__init__.py, /home/jean-pascal/ws_moveit/devel/lib/python3/dist-packages/moveit_ros_manipulation/cfg/__init__.py)
Cleaning: (/home/jean-pascal/ws_moveit/devel/.private/moveit_ros_manipulation/lib/pkgconfig/moveit_ros_manipulation.pc, /home/jean-pascal/ws_moveit/devel/lib/pkgconfig/moveit_ros_manipulation.pc)
Unlinking: /home/jean-pascal/ws_moveit/devel/include/moveit_ros_manipulation/PickPlaceDynamicReconfigureConfig.h
Already unlinked: {}
Unlinking: /home/jean-pascal/ws_moveit/devel/share/moveit_ros_manipulation/docs/PickPlaceDynamicReconfigureConfig.dox
Already unlinked: {}
Unlinking: /home/jean-pascal/ws_moveit/devel/share/moveit_ros_manipulation/docs/PickPlaceDynamicReconfigureConfig-usage.dox
Already unlinked: {}
Unlinking: /home/jean-pascal/ws_moveit/devel/share/moveit_ros_manipulation/docs/PickPlaceDynamicReconfigureConfig.wikidoc
Already unlinked: {}
Unlinking: /home/jean-pascal/ws_moveit/devel/share/moveit_ros_manipulation/cmake/moveit_ros_manipulationConfig.cmake
Already unlinked: {}
Unlinking: /home/jean-pascal/ws_moveit/devel/share/moveit_ros_manipulation/cmake/moveit_ros_manipulationConfig-version.cmake
Already unlinked: {}
Unlinking: /home/jean-pascal/ws_moveit/devel/lib/libmoveit_pick_place_planner.so
Already unlinked: {}
Unlinking: /home/jean-pascal/ws_moveit/devel/lib/libmoveit_move_group_pick_place_capability.so.1.1.9
Already unlinked: {}
Unlinking: /home/jean-pascal/ws_moveit/devel/lib/libmoveit_pick_place_planner.so.1.1.9
Already unlinked: {}
Unlinking: /home/jean-pascal/ws_moveit/devel/lib/libmoveit_move_group_pick_place_capability.so
Already unlinked: {}
Unlinking: /home/jean-pascal/ws_moveit/devel/lib/python3/dist-packages/moveit_ros_manipulation/__init__.py
Already unlinked: {}
Unlinking: /home/jean-pascal/ws_moveit/devel/lib/python3/dist-packages/moveit_ros_manipulation/cfg/PickPlaceDynamicReconfigureConfig.py
Already unlinked: {}
Unlinking: /home/jean-pascal/ws_moveit/devel/lib/python3/dist-packages/moveit_ros_manipulation/cfg/__init__.py
Already unlinked: {}
Unlinking: /home/jean-pascal/ws_moveit/devel/lib/pkgconfig/moveit_ros_manipulation.pc
Already unlinked: {}
