Symlinking /home/jean-pascal/YDAYS_Bras_robot/ws_moveit/devel/share/moveit_ros_perception/cmake/moveit_ros_perceptionConfig-version.cmake
Symlinking /home/jean-pascal/YDAYS_Bras_robot/ws_moveit/devel/share/moveit_ros_perception/cmake/moveit_ros_perceptionConfig.cmake
Symlinking /home/jean-pascal/YDAYS_Bras_robot/ws_moveit/devel/lib/libmoveit_lazy_free_space_updater.so
Symlinking /home/jean-pascal/YDAYS_Bras_robot/ws_moveit/devel/lib/libmoveit_point_containment_filter.so
Symlinking /home/jean-pascal/YDAYS_Bras_robot/ws_moveit/devel/lib/libmoveit_depth_self_filter.so
Symlinking /home/jean-pascal/YDAYS_Bras_robot/ws_moveit/devel/lib/libmoveit_depth_image_octomap_updater_core.so.1.1.9
Symlinking /home/jean-pascal/YDAYS_Bras_robot/ws_moveit/devel/lib/libmoveit_pointcloud_octomap_updater_core.so.1.1.9
Symlinking /home/jean-pascal/YDAYS_Bras_robot/ws_moveit/devel/lib/libmoveit_semantic_world.so
Symlinking /home/jean-pascal/YDAYS_Bras_robot/ws_moveit/devel/lib/libmoveit_mesh_filter.so
Symlinking /home/jean-pascal/YDAYS_Bras_robot/ws_moveit/devel/lib/libmoveit_mesh_filter.so.1.1.9
Symlinking /home/jean-pascal/YDAYS_Bras_robot/ws_moveit/devel/lib/libmoveit_point_containment_filter.so.1.1.9
Symlinking /home/jean-pascal/YDAYS_Bras_robot/ws_moveit/devel/lib/libmoveit_depth_image_octomap_updater.so.1.1.9
Symlinking /home/jean-pascal/YDAYS_Bras_robot/ws_moveit/devel/lib/libmoveit_pointcloud_octomap_updater_core.so
Symlinking /home/jean-pascal/YDAYS_Bras_robot/ws_moveit/devel/lib/libmoveit_depth_image_octomap_updater_core.so
Symlinking /home/jean-pascal/YDAYS_Bras_robot/ws_moveit/devel/lib/libmoveit_lazy_free_space_updater.so.1.1.9
Symlinking /home/jean-pascal/YDAYS_Bras_robot/ws_moveit/devel/lib/libmoveit_depth_self_filter.so.1.1.9
Symlinking /home/jean-pascal/YDAYS_Bras_robot/ws_moveit/devel/lib/libmoveit_pointcloud_octomap_updater.so.1.1.9
Symlinking /home/jean-pascal/YDAYS_Bras_robot/ws_moveit/devel/lib/libmoveit_depth_image_octomap_updater.so
Symlinking /home/jean-pascal/YDAYS_Bras_robot/ws_moveit/devel/lib/libmoveit_semantic_world.so.1.1.9
Symlinking /home/jean-pascal/YDAYS_Bras_robot/ws_moveit/devel/lib/libmoveit_pointcloud_octomap_updater.so
Symlinking /home/jean-pascal/YDAYS_Bras_robot/ws_moveit/devel/lib/pkgconfig/moveit_ros_perception.pc
Cleaning: (/home/jean-pascal/ws_moveit/devel/.private/moveit_ros_perception/cmake.lock, /home/jean-pascal/ws_moveit/devel/./cmake.lock)
Cleaning: (/home/jean-pascal/ws_moveit/devel/.private/moveit_ros_perception/share/moveit_ros_perception/cmake/moveit_ros_perceptionConfig-version.cmake, /home/jean-pascal/ws_moveit/devel/share/moveit_ros_perception/cmake/moveit_ros_perceptionConfig-version.cmake)
Cleaning: (/home/jean-pascal/ws_moveit/devel/.private/moveit_ros_perception/share/moveit_ros_perception/cmake/moveit_ros_perceptionConfig.cmake, /home/jean-pascal/ws_moveit/devel/share/moveit_ros_perception/cmake/moveit_ros_perceptionConfig.cmake)
Cleaning: (/home/jean-pascal/ws_moveit/devel/.private/moveit_ros_perception/lib/libmoveit_lazy_free_space_updater.so, /home/jean-pascal/ws_moveit/devel/lib/libmoveit_lazy_free_space_updater.so)
Cleaning: (/home/jean-pascal/ws_moveit/devel/.private/moveit_ros_perception/lib/libmoveit_point_containment_filter.so, /home/jean-pascal/ws_moveit/devel/lib/libmoveit_point_containment_filter.so)
Cleaning: (/home/jean-pascal/ws_moveit/devel/.private/moveit_ros_perception/lib/libmoveit_depth_self_filter.so, /home/jean-pascal/ws_moveit/devel/lib/libmoveit_depth_self_filter.so)
Cleaning: (/home/jean-pascal/ws_moveit/devel/.private/moveit_ros_perception/lib/libmoveit_depth_image_octomap_updater_core.so.1.1.9, /home/jean-pascal/ws_moveit/devel/lib/libmoveit_depth_image_octomap_updater_core.so.1.1.9)
Cleaning: (/home/jean-pascal/ws_moveit/devel/.private/moveit_ros_perception/lib/libmoveit_pointcloud_octomap_updater_core.so.1.1.9, /home/jean-pascal/ws_moveit/devel/lib/libmoveit_pointcloud_octomap_updater_core.so.1.1.9)
Cleaning: (/home/jean-pascal/ws_moveit/devel/.private/moveit_ros_perception/lib/libmoveit_semantic_world.so, /home/jean-pascal/ws_moveit/devel/lib/libmoveit_semantic_world.so)
Cleaning: (/home/jean-pascal/ws_moveit/devel/.private/moveit_ros_perception/lib/libmoveit_mesh_filter.so, /home/jean-pascal/ws_moveit/devel/lib/libmoveit_mesh_filter.so)
Cleaning: (/home/jean-pascal/ws_moveit/devel/.private/moveit_ros_perception/lib/libmoveit_mesh_filter.so.1.1.9, /home/jean-pascal/ws_moveit/devel/lib/libmoveit_mesh_filter.so.1.1.9)
Cleaning: (/home/jean-pascal/ws_moveit/devel/.private/moveit_ros_perception/lib/libmoveit_point_containment_filter.so.1.1.9, /home/jean-pascal/ws_moveit/devel/lib/libmoveit_point_containment_filter.so.1.1.9)
Cleaning: (/home/jean-pascal/ws_moveit/devel/.private/moveit_ros_perception/lib/libmoveit_depth_image_octomap_updater.so.1.1.9, /home/jean-pascal/ws_moveit/devel/lib/libmoveit_depth_image_octomap_updater.so.1.1.9)
Cleaning: (/home/jean-pascal/ws_moveit/devel/.private/moveit_ros_perception/lib/libmoveit_pointcloud_octomap_updater_core.so, /home/jean-pascal/ws_moveit/devel/lib/libmoveit_pointcloud_octomap_updater_core.so)
Cleaning: (/home/jean-pascal/ws_moveit/devel/.private/moveit_ros_perception/lib/libmoveit_depth_image_octomap_updater_core.so, /home/jean-pascal/ws_moveit/devel/lib/libmoveit_depth_image_octomap_updater_core.so)
Cleaning: (/home/jean-pascal/ws_moveit/devel/.private/moveit_ros_perception/lib/libmoveit_lazy_free_space_updater.so.1.1.9, /home/jean-pascal/ws_moveit/devel/lib/libmoveit_lazy_free_space_updater.so.1.1.9)
Cleaning: (/home/jean-pascal/ws_moveit/devel/.private/moveit_ros_perception/lib/libmoveit_depth_self_filter.so.1.1.9, /home/jean-pascal/ws_moveit/devel/lib/libmoveit_depth_self_filter.so.1.1.9)
Cleaning: (/home/jean-pascal/ws_moveit/devel/.private/moveit_ros_perception/lib/libmoveit_pointcloud_octomap_updater.so.1.1.9, /home/jean-pascal/ws_moveit/devel/lib/libmoveit_pointcloud_octomap_updater.so.1.1.9)
Cleaning: (/home/jean-pascal/ws_moveit/devel/.private/moveit_ros_perception/lib/libmoveit_depth_image_octomap_updater.so, /home/jean-pascal/ws_moveit/devel/lib/libmoveit_depth_image_octomap_updater.so)
Cleaning: (/home/jean-pascal/ws_moveit/devel/.private/moveit_ros_perception/lib/libmoveit_semantic_world.so.1.1.9, /home/jean-pascal/ws_moveit/devel/lib/libmoveit_semantic_world.so.1.1.9)
Cleaning: (/home/jean-pascal/ws_moveit/devel/.private/moveit_ros_perception/lib/libmoveit_pointcloud_octomap_updater.so, /home/jean-pascal/ws_moveit/devel/lib/libmoveit_pointcloud_octomap_updater.so)
Cleaning: (/home/jean-pascal/ws_moveit/devel/.private/moveit_ros_perception/lib/pkgconfig/moveit_ros_perception.pc, /home/jean-pascal/ws_moveit/devel/lib/pkgconfig/moveit_ros_perception.pc)
Unlinking: /home/jean-pascal/ws_moveit/devel/share/moveit_ros_perception/cmake/moveit_ros_perceptionConfig-version.cmake
Already unlinked: {}
Unlinking: /home/jean-pascal/ws_moveit/devel/share/moveit_ros_perception/cmake/moveit_ros_perceptionConfig.cmake
Already unlinked: {}
Unlinking: /home/jean-pascal/ws_moveit/devel/lib/libmoveit_lazy_free_space_updater.so
Already unlinked: {}
Unlinking: /home/jean-pascal/ws_moveit/devel/lib/libmoveit_point_containment_filter.so
Already unlinked: {}
Unlinking: /home/jean-pascal/ws_moveit/devel/lib/libmoveit_depth_self_filter.so
Already unlinked: {}
Unlinking: /home/jean-pascal/ws_moveit/devel/lib/libmoveit_depth_image_octomap_updater_core.so.1.1.9
Already unlinked: {}
Unlinking: /home/jean-pascal/ws_moveit/devel/lib/libmoveit_pointcloud_octomap_updater_core.so.1.1.9
Already unlinked: {}
Unlinking: /home/jean-pascal/ws_moveit/devel/lib/libmoveit_semantic_world.so
Already unlinked: {}
Unlinking: /home/jean-pascal/ws_moveit/devel/lib/libmoveit_mesh_filter.so
Already unlinked: {}
Unlinking: /home/jean-pascal/ws_moveit/devel/lib/libmoveit_mesh_filter.so.1.1.9
Already unlinked: {}
Unlinking: /home/jean-pascal/ws_moveit/devel/lib/libmoveit_point_containment_filter.so.1.1.9
Already unlinked: {}
Unlinking: /home/jean-pascal/ws_moveit/devel/lib/libmoveit_depth_image_octomap_updater.so.1.1.9
Already unlinked: {}
Unlinking: /home/jean-pascal/ws_moveit/devel/lib/libmoveit_pointcloud_octomap_updater_core.so
Already unlinked: {}
Unlinking: /home/jean-pascal/ws_moveit/devel/lib/libmoveit_depth_image_octomap_updater_core.so
Already unlinked: {}
Unlinking: /home/jean-pascal/ws_moveit/devel/lib/libmoveit_lazy_free_space_updater.so.1.1.9
Already unlinked: {}
Unlinking: /home/jean-pascal/ws_moveit/devel/lib/libmoveit_depth_self_filter.so.1.1.9
Already unlinked: {}
Unlinking: /home/jean-pascal/ws_moveit/devel/lib/libmoveit_pointcloud_octomap_updater.so.1.1.9
Already unlinked: {}
Unlinking: /home/jean-pascal/ws_moveit/devel/lib/libmoveit_depth_image_octomap_updater.so
Already unlinked: {}
Unlinking: /home/jean-pascal/ws_moveit/devel/lib/libmoveit_semantic_world.so.1.1.9
Already unlinked: {}
Unlinking: /home/jean-pascal/ws_moveit/devel/lib/libmoveit_pointcloud_octomap_updater.so
Already unlinked: {}
Unlinking: /home/jean-pascal/ws_moveit/devel/lib/pkgconfig/moveit_ros_perception.pc
Already unlinked: {}
