Symlinking /home/jean-pascal/YDAYS_Bras_robot/ws_moveit/devel/share/pilz_industrial_motion_planner/cmake/pilz_industrial_motion_plannerConfig-version.cmake
Symlinking /home/jean-pascal/YDAYS_Bras_robot/ws_moveit/devel/share/pilz_industrial_motion_planner/cmake/pilz_industrial_motion_plannerConfig.cmake
Symlinking /home/jean-pascal/YDAYS_Bras_robot/ws_moveit/devel/lib/libplanning_context_loader_lin.so
Symlinking /home/jean-pascal/YDAYS_Bras_robot/ws_moveit/devel/lib/libpilz_industrial_motion_planner_testhelpers.so
Symlinking /home/jean-pascal/YDAYS_Bras_robot/ws_moveit/devel/lib/libpilz_industrial_motion_planner_lib.so
Symlinking /home/jean-pascal/YDAYS_Bras_robot/ws_moveit/devel/lib/libplanning_context_loader_ptp.so
Symlinking /home/jean-pascal/YDAYS_Bras_robot/ws_moveit/devel/lib/libpilz_industrial_motion_planner.so
Symlinking /home/jean-pascal/YDAYS_Bras_robot/ws_moveit/devel/lib/libsequence_capability.so
Symlinking /home/jean-pascal/YDAYS_Bras_robot/ws_moveit/devel/lib/libplanning_context_loader_circ.so
Symlinking /home/jean-pascal/YDAYS_Bras_robot/ws_moveit/devel/lib/libcommand_list_manager.so
Symlinking /home/jean-pascal/YDAYS_Bras_robot/ws_moveit/devel/lib/pkgconfig/pilz_industrial_motion_planner.pc
Cleaning: (/home/jean-pascal/ws_moveit/devel/.private/pilz_industrial_motion_planner/cmake.lock, /home/jean-pascal/ws_moveit/devel/./cmake.lock)
Cleaning: (/home/jean-pascal/ws_moveit/devel/.private/pilz_industrial_motion_planner/share/pilz_industrial_motion_planner/cmake/pilz_industrial_motion_plannerConfig-version.cmake, /home/jean-pascal/ws_moveit/devel/share/pilz_industrial_motion_planner/cmake/pilz_industrial_motion_plannerConfig-version.cmake)
Cleaning: (/home/jean-pascal/ws_moveit/devel/.private/pilz_industrial_motion_planner/share/pilz_industrial_motion_planner/cmake/pilz_industrial_motion_plannerConfig.cmake, /home/jean-pascal/ws_moveit/devel/share/pilz_industrial_motion_planner/cmake/pilz_industrial_motion_plannerConfig.cmake)
Cleaning: (/home/jean-pascal/ws_moveit/devel/.private/pilz_industrial_motion_planner/lib/libplanning_context_loader_lin.so, /home/jean-pascal/ws_moveit/devel/lib/libplanning_context_loader_lin.so)
Cleaning: (/home/jean-pascal/ws_moveit/devel/.private/pilz_industrial_motion_planner/lib/libpilz_industrial_motion_planner_testhelpers.so, /home/jean-pascal/ws_moveit/devel/lib/libpilz_industrial_motion_planner_testhelpers.so)
Cleaning: (/home/jean-pascal/ws_moveit/devel/.private/pilz_industrial_motion_planner/lib/libpilz_industrial_motion_planner_lib.so, /home/jean-pascal/ws_moveit/devel/lib/libpilz_industrial_motion_planner_lib.so)
Cleaning: (/home/jean-pascal/ws_moveit/devel/.private/pilz_industrial_motion_planner/lib/libplanning_context_loader_ptp.so, /home/jean-pascal/ws_moveit/devel/lib/libplanning_context_loader_ptp.so)
Cleaning: (/home/jean-pascal/ws_moveit/devel/.private/pilz_industrial_motion_planner/lib/libpilz_industrial_motion_planner.so, /home/jean-pascal/ws_moveit/devel/lib/libpilz_industrial_motion_planner.so)
Cleaning: (/home/jean-pascal/ws_moveit/devel/.private/pilz_industrial_motion_planner/lib/libsequence_capability.so, /home/jean-pascal/ws_moveit/devel/lib/libsequence_capability.so)
Cleaning: (/home/jean-pascal/ws_moveit/devel/.private/pilz_industrial_motion_planner/lib/libplanning_context_loader_circ.so, /home/jean-pascal/ws_moveit/devel/lib/libplanning_context_loader_circ.so)
Cleaning: (/home/jean-pascal/ws_moveit/devel/.private/pilz_industrial_motion_planner/lib/libcommand_list_manager.so, /home/jean-pascal/ws_moveit/devel/lib/libcommand_list_manager.so)
Cleaning: (/home/jean-pascal/ws_moveit/devel/.private/pilz_industrial_motion_planner/lib/pkgconfig/pilz_industrial_motion_planner.pc, /home/jean-pascal/ws_moveit/devel/lib/pkgconfig/pilz_industrial_motion_planner.pc)
Unlinking: /home/jean-pascal/ws_moveit/devel/share/pilz_industrial_motion_planner/cmake/pilz_industrial_motion_plannerConfig-version.cmake
Already unlinked: {}
Unlinking: /home/jean-pascal/ws_moveit/devel/share/pilz_industrial_motion_planner/cmake/pilz_industrial_motion_plannerConfig.cmake
Already unlinked: {}
Unlinking: /home/jean-pascal/ws_moveit/devel/lib/libplanning_context_loader_lin.so
Already unlinked: {}
Unlinking: /home/jean-pascal/ws_moveit/devel/lib/libpilz_industrial_motion_planner_testhelpers.so
Already unlinked: {}
Unlinking: /home/jean-pascal/ws_moveit/devel/lib/libpilz_industrial_motion_planner_lib.so
Already unlinked: {}
Unlinking: /home/jean-pascal/ws_moveit/devel/lib/libplanning_context_loader_ptp.so
Already unlinked: {}
Unlinking: /home/jean-pascal/ws_moveit/devel/lib/libpilz_industrial_motion_planner.so
Already unlinked: {}
Unlinking: /home/jean-pascal/ws_moveit/devel/lib/libsequence_capability.so
Already unlinked: {}
Unlinking: /home/jean-pascal/ws_moveit/devel/lib/libplanning_context_loader_circ.so
Already unlinked: {}
Unlinking: /home/jean-pascal/ws_moveit/devel/lib/libcommand_list_manager.so
Already unlinked: {}
Unlinking: /home/jean-pascal/ws_moveit/devel/lib/pkgconfig/pilz_industrial_motion_planner.pc
Already unlinked: {}
