Symlinking /home/jean-pascal/YDAYS_Bras_robot/ws_moveit/devel/share/moveit_ros_robot_interaction/cmake/moveit_ros_robot_interactionConfig.cmake
Symlinking /home/jean-pascal/YDAYS_Bras_robot/ws_moveit/devel/share/moveit_ros_robot_interaction/cmake/moveit_ros_robot_interactionConfig-version.cmake
Symlinking /home/jean-pascal/YDAYS_Bras_robot/ws_moveit/devel/lib/libmoveit_robot_interaction.so
Symlinking /home/jean-pascal/YDAYS_Bras_robot/ws_moveit/devel/lib/libmoveit_robot_interaction.so.1.1.9
Symlinking /home/jean-pascal/YDAYS_Bras_robot/ws_moveit/devel/lib/pkgconfig/moveit_ros_robot_interaction.pc
Cleaning: (/home/jean-pascal/ws_moveit/devel/.private/moveit_ros_robot_interaction/cmake.lock, /home/jean-pascal/ws_moveit/devel/./cmake.lock)
Cleaning: (/home/jean-pascal/ws_moveit/devel/.private/moveit_ros_robot_interaction/share/moveit_ros_robot_interaction/cmake/moveit_ros_robot_interactionConfig.cmake, /home/jean-pascal/ws_moveit/devel/share/moveit_ros_robot_interaction/cmake/moveit_ros_robot_interactionConfig.cmake)
Cleaning: (/home/jean-pascal/ws_moveit/devel/.private/moveit_ros_robot_interaction/share/moveit_ros_robot_interaction/cmake/moveit_ros_robot_interactionConfig-version.cmake, /home/jean-pascal/ws_moveit/devel/share/moveit_ros_robot_interaction/cmake/moveit_ros_robot_interactionConfig-version.cmake)
Cleaning: (/home/jean-pascal/ws_moveit/devel/.private/moveit_ros_robot_interaction/lib/libmoveit_robot_interaction.so, /home/jean-pascal/ws_moveit/devel/lib/libmoveit_robot_interaction.so)
Cleaning: (/home/jean-pascal/ws_moveit/devel/.private/moveit_ros_robot_interaction/lib/libmoveit_robot_interaction.so.1.1.9, /home/jean-pascal/ws_moveit/devel/lib/libmoveit_robot_interaction.so.1.1.9)
Cleaning: (/home/jean-pascal/ws_moveit/devel/.private/moveit_ros_robot_interaction/lib/pkgconfig/moveit_ros_robot_interaction.pc, /home/jean-pascal/ws_moveit/devel/lib/pkgconfig/moveit_ros_robot_interaction.pc)
Unlinking: /home/jean-pascal/ws_moveit/devel/share/moveit_ros_robot_interaction/cmake/moveit_ros_robot_interactionConfig.cmake
Already unlinked: {}
Unlinking: /home/jean-pascal/ws_moveit/devel/share/moveit_ros_robot_interaction/cmake/moveit_ros_robot_interactionConfig-version.cmake
Already unlinked: {}
Unlinking: /home/jean-pascal/ws_moveit/devel/lib/libmoveit_robot_interaction.so
Already unlinked: {}
Unlinking: /home/jean-pascal/ws_moveit/devel/lib/libmoveit_robot_interaction.so.1.1.9
Already unlinked: {}
Unlinking: /home/jean-pascal/ws_moveit/devel/lib/pkgconfig/moveit_ros_robot_interaction.pc
Already unlinked: {}
