Symlinking /home/jean-pascal/YDAYS_Bras_robot/ws_moveit/devel/share/moveit_setup_assistant/cmake/moveit_setup_assistantConfig-version.cmake
Symlinking /home/jean-pascal/YDAYS_Bras_robot/ws_moveit/devel/share/moveit_setup_assistant/cmake/moveit_setup_assistantConfig.cmake
Symlinking /home/jean-pascal/YDAYS_Bras_robot/ws_moveit/devel/lib/libmoveit_setup_assistant_tools.so
Symlinking /home/jean-pascal/YDAYS_Bras_robot/ws_moveit/devel/lib/libmoveit_setup_assistant_widgets.so.1.1.9
Symlinking /home/jean-pascal/YDAYS_Bras_robot/ws_moveit/devel/lib/libmoveit_setup_assistant_widgets.so
Symlinking /home/jean-pascal/YDAYS_Bras_robot/ws_moveit/devel/lib/libmoveit_setup_assistant_tools.so.1.1.9
Symlinking /home/jean-pascal/YDAYS_Bras_robot/ws_moveit/devel/lib/pkgconfig/moveit_setup_assistant.pc
Symlinking /home/jean-pascal/YDAYS_Bras_robot/ws_moveit/devel/lib/moveit_setup_assistant/collisions_updater
Symlinking /home/jean-pascal/YDAYS_Bras_robot/ws_moveit/devel/lib/moveit_setup_assistant/moveit_setup_assistant
Cleaning: (/home/jean-pascal/ws_moveit/devel/.private/moveit_setup_assistant/cmake.lock, /home/jean-pascal/ws_moveit/devel/./cmake.lock)
Cleaning: (/home/jean-pascal/ws_moveit/devel/.private/moveit_setup_assistant/share/moveit_setup_assistant/cmake/moveit_setup_assistantConfig-version.cmake, /home/jean-pascal/ws_moveit/devel/share/moveit_setup_assistant/cmake/moveit_setup_assistantConfig-version.cmake)
Cleaning: (/home/jean-pascal/ws_moveit/devel/.private/moveit_setup_assistant/share/moveit_setup_assistant/cmake/moveit_setup_assistantConfig.cmake, /home/jean-pascal/ws_moveit/devel/share/moveit_setup_assistant/cmake/moveit_setup_assistantConfig.cmake)
Cleaning: (/home/jean-pascal/ws_moveit/devel/.private/moveit_setup_assistant/lib/libmoveit_setup_assistant_tools.so, /home/jean-pascal/ws_moveit/devel/lib/libmoveit_setup_assistant_tools.so)
Cleaning: (/home/jean-pascal/ws_moveit/devel/.private/moveit_setup_assistant/lib/libmoveit_setup_assistant_widgets.so.1.1.9, /home/jean-pascal/ws_moveit/devel/lib/libmoveit_setup_assistant_widgets.so.1.1.9)
Cleaning: (/home/jean-pascal/ws_moveit/devel/.private/moveit_setup_assistant/lib/libmoveit_setup_assistant_widgets.so, /home/jean-pascal/ws_moveit/devel/lib/libmoveit_setup_assistant_widgets.so)
Cleaning: (/home/jean-pascal/ws_moveit/devel/.private/moveit_setup_assistant/lib/libmoveit_setup_assistant_tools.so.1.1.9, /home/jean-pascal/ws_moveit/devel/lib/libmoveit_setup_assistant_tools.so.1.1.9)
Cleaning: (/home/jean-pascal/ws_moveit/devel/.private/moveit_setup_assistant/lib/pkgconfig/moveit_setup_assistant.pc, /home/jean-pascal/ws_moveit/devel/lib/pkgconfig/moveit_setup_assistant.pc)
Cleaning: (/home/jean-pascal/ws_moveit/devel/.private/moveit_setup_assistant/lib/moveit_setup_assistant/collisions_updater, /home/jean-pascal/ws_moveit/devel/lib/moveit_setup_assistant/collisions_updater)
Cleaning: (/home/jean-pascal/ws_moveit/devel/.private/moveit_setup_assistant/lib/moveit_setup_assistant/moveit_setup_assistant, /home/jean-pascal/ws_moveit/devel/lib/moveit_setup_assistant/moveit_setup_assistant)
Unlinking: /home/jean-pascal/ws_moveit/devel/share/moveit_setup_assistant/cmake/moveit_setup_assistantConfig-version.cmake
Already unlinked: {}
Unlinking: /home/jean-pascal/ws_moveit/devel/share/moveit_setup_assistant/cmake/moveit_setup_assistantConfig.cmake
Already unlinked: {}
Unlinking: /home/jean-pascal/ws_moveit/devel/lib/libmoveit_setup_assistant_tools.so
Already unlinked: {}
Unlinking: /home/jean-pascal/ws_moveit/devel/lib/libmoveit_setup_assistant_widgets.so.1.1.9
Already unlinked: {}
Unlinking: /home/jean-pascal/ws_moveit/devel/lib/libmoveit_setup_assistant_widgets.so
Already unlinked: {}
Unlinking: /home/jean-pascal/ws_moveit/devel/lib/libmoveit_setup_assistant_tools.so.1.1.9
Already unlinked: {}
Unlinking: /home/jean-pascal/ws_moveit/devel/lib/pkgconfig/moveit_setup_assistant.pc
Already unlinked: {}
Unlinking: /home/jean-pascal/ws_moveit/devel/lib/moveit_setup_assistant/collisions_updater
Already unlinked: {}
Unlinking: /home/jean-pascal/ws_moveit/devel/lib/moveit_setup_assistant/moveit_setup_assistant
Already unlinked: {}
