Symlinking /home/jean-pascal/YDAYS_Bras_robot/ws_moveit/devel/share/rviz_visual_tools/cmake/rviz_visual_toolsConfig.cmake
Symlinking /home/jean-pascal/YDAYS_Bras_robot/ws_moveit/devel/share/rviz_visual_tools/cmake/rviz_visual_toolsConfig-version.cmake
Symlinking /home/jean-pascal/YDAYS_Bras_robot/ws_moveit/devel/lib/librviz_visual_tools.so
Symlinking /home/jean-pascal/YDAYS_Bras_robot/ws_moveit/devel/lib/librviz_visual_tools_remote_control.so.3.9.1
Symlinking /home/jean-pascal/YDAYS_Bras_robot/ws_moveit/devel/lib/librviz_visual_tools_gui.so
Symlinking /home/jean-pascal/YDAYS_Bras_robot/ws_moveit/devel/lib/librviz_visual_tools_remote_control.so
Symlinking /home/jean-pascal/YDAYS_Bras_robot/ws_moveit/devel/lib/librviz_visual_tools_gui.so.3.9.1
Symlinking /home/jean-pascal/YDAYS_Bras_robot/ws_moveit/devel/lib/librviz_visual_tools_imarker_simple.so.3.9.1
Symlinking /home/jean-pascal/YDAYS_Bras_robot/ws_moveit/devel/lib/librviz_visual_tools_imarker_simple.so
Symlinking /home/jean-pascal/YDAYS_Bras_robot/ws_moveit/devel/lib/librviz_visual_tools.so.3.9.1
Symlinking /home/jean-pascal/YDAYS_Bras_robot/ws_moveit/devel/lib/rviz_visual_tools/imarker_simple_demo
Symlinking /home/jean-pascal/YDAYS_Bras_robot/ws_moveit/devel/lib/rviz_visual_tools/demo
Symlinking /home/jean-pascal/YDAYS_Bras_robot/ws_moveit/devel/lib/pkgconfig/rviz_visual_tools.pc
Cleaning: (/home/jean-pascal/ws_moveit/devel/.private/rviz_visual_tools/cmake.lock, /home/jean-pascal/ws_moveit/devel/./cmake.lock)
Cleaning: (/home/jean-pascal/ws_moveit/devel/.private/rviz_visual_tools/share/rviz_visual_tools/cmake/rviz_visual_toolsConfig.cmake, /home/jean-pascal/ws_moveit/devel/share/rviz_visual_tools/cmake/rviz_visual_toolsConfig.cmake)
Cleaning: (/home/jean-pascal/ws_moveit/devel/.private/rviz_visual_tools/share/rviz_visual_tools/cmake/rviz_visual_toolsConfig-version.cmake, /home/jean-pascal/ws_moveit/devel/share/rviz_visual_tools/cmake/rviz_visual_toolsConfig-version.cmake)
Cleaning: (/home/jean-pascal/ws_moveit/devel/.private/rviz_visual_tools/lib/librviz_visual_tools.so, /home/jean-pascal/ws_moveit/devel/lib/librviz_visual_tools.so)
Cleaning: (/home/jean-pascal/ws_moveit/devel/.private/rviz_visual_tools/lib/librviz_visual_tools_remote_control.so.3.9.1, /home/jean-pascal/ws_moveit/devel/lib/librviz_visual_tools_remote_control.so.3.9.1)
Cleaning: (/home/jean-pascal/ws_moveit/devel/.private/rviz_visual_tools/lib/librviz_visual_tools_gui.so, /home/jean-pascal/ws_moveit/devel/lib/librviz_visual_tools_gui.so)
Cleaning: (/home/jean-pascal/ws_moveit/devel/.private/rviz_visual_tools/lib/librviz_visual_tools_remote_control.so, /home/jean-pascal/ws_moveit/devel/lib/librviz_visual_tools_remote_control.so)
Cleaning: (/home/jean-pascal/ws_moveit/devel/.private/rviz_visual_tools/lib/librviz_visual_tools_gui.so.3.9.1, /home/jean-pascal/ws_moveit/devel/lib/librviz_visual_tools_gui.so.3.9.1)
Cleaning: (/home/jean-pascal/ws_moveit/devel/.private/rviz_visual_tools/lib/librviz_visual_tools_imarker_simple.so.3.9.1, /home/jean-pascal/ws_moveit/devel/lib/librviz_visual_tools_imarker_simple.so.3.9.1)
Cleaning: (/home/jean-pascal/ws_moveit/devel/.private/rviz_visual_tools/lib/librviz_visual_tools_imarker_simple.so, /home/jean-pascal/ws_moveit/devel/lib/librviz_visual_tools_imarker_simple.so)
Cleaning: (/home/jean-pascal/ws_moveit/devel/.private/rviz_visual_tools/lib/librviz_visual_tools.so.3.9.1, /home/jean-pascal/ws_moveit/devel/lib/librviz_visual_tools.so.3.9.1)
Cleaning: (/home/jean-pascal/ws_moveit/devel/.private/rviz_visual_tools/lib/rviz_visual_tools/imarker_simple_demo, /home/jean-pascal/ws_moveit/devel/lib/rviz_visual_tools/imarker_simple_demo)
Cleaning: (/home/jean-pascal/ws_moveit/devel/.private/rviz_visual_tools/lib/rviz_visual_tools/demo, /home/jean-pascal/ws_moveit/devel/lib/rviz_visual_tools/demo)
Cleaning: (/home/jean-pascal/ws_moveit/devel/.private/rviz_visual_tools/lib/pkgconfig/rviz_visual_tools.pc, /home/jean-pascal/ws_moveit/devel/lib/pkgconfig/rviz_visual_tools.pc)
Unlinking: /home/jean-pascal/ws_moveit/devel/share/rviz_visual_tools/cmake/rviz_visual_toolsConfig.cmake
Already unlinked: {}
Unlinking: /home/jean-pascal/ws_moveit/devel/share/rviz_visual_tools/cmake/rviz_visual_toolsConfig-version.cmake
Already unlinked: {}
Unlinking: /home/jean-pascal/ws_moveit/devel/lib/librviz_visual_tools.so
Already unlinked: {}
Unlinking: /home/jean-pascal/ws_moveit/devel/lib/librviz_visual_tools_remote_control.so.3.9.1
Already unlinked: {}
Unlinking: /home/jean-pascal/ws_moveit/devel/lib/librviz_visual_tools_gui.so
Already unlinked: {}
Unlinking: /home/jean-pascal/ws_moveit/devel/lib/librviz_visual_tools_remote_control.so
Already unlinked: {}
Unlinking: /home/jean-pascal/ws_moveit/devel/lib/librviz_visual_tools_gui.so.3.9.1
Already unlinked: {}
Unlinking: /home/jean-pascal/ws_moveit/devel/lib/librviz_visual_tools_imarker_simple.so.3.9.1
Already unlinked: {}
Unlinking: /home/jean-pascal/ws_moveit/devel/lib/librviz_visual_tools_imarker_simple.so
Already unlinked: {}
Unlinking: /home/jean-pascal/ws_moveit/devel/lib/librviz_visual_tools.so.3.9.1
Already unlinked: {}
Unlinking: /home/jean-pascal/ws_moveit/devel/lib/rviz_visual_tools/imarker_simple_demo
Already unlinked: {}
Unlinking: /home/jean-pascal/ws_moveit/devel/lib/rviz_visual_tools/demo
Already unlinked: {}
Unlinking: /home/jean-pascal/ws_moveit/devel/lib/pkgconfig/rviz_visual_tools.pc
Already unlinked: {}
