Symlinking /home/jean-pascal/YDAYS_Bras_robot/ws_moveit/devel/share/geometric_shapes/cmake/geometric_shapesConfig.cmake
Symlinking /home/jean-pascal/YDAYS_Bras_robot/ws_moveit/devel/share/geometric_shapes/cmake/geometric_shapesConfig-version.cmake
Symlinking /home/jean-pascal/YDAYS_Bras_robot/ws_moveit/devel/lib/libgeometric_shapes.so
Symlinking /home/jean-pascal/YDAYS_Bras_robot/ws_moveit/devel/lib/libgeometric_shapes.so.0.7.3
Symlinking /home/jean-pascal/YDAYS_Bras_robot/ws_moveit/devel/lib/pkgconfig/geometric_shapes.pc
Cleaning: (/home/jean-pascal/ws_moveit/devel/.private/geometric_shapes/cmake.lock, /home/jean-pascal/ws_moveit/devel/./cmake.lock)
Cleaning: (/home/jean-pascal/ws_moveit/devel/.private/geometric_shapes/share/geometric_shapes/cmake/geometric_shapesConfig.cmake, /home/jean-pascal/ws_moveit/devel/share/geometric_shapes/cmake/geometric_shapesConfig.cmake)
Cleaning: (/home/jean-pascal/ws_moveit/devel/.private/geometric_shapes/share/geometric_shapes/cmake/geometric_shapesConfig-version.cmake, /home/jean-pascal/ws_moveit/devel/share/geometric_shapes/cmake/geometric_shapesConfig-version.cmake)
Cleaning: (/home/jean-pascal/ws_moveit/devel/.private/geometric_shapes/lib/libgeometric_shapes.so, /home/jean-pascal/ws_moveit/devel/lib/libgeometric_shapes.so)
Cleaning: (/home/jean-pascal/ws_moveit/devel/.private/geometric_shapes/lib/libgeometric_shapes.so.0.7.3, /home/jean-pascal/ws_moveit/devel/lib/libgeometric_shapes.so.0.7.3)
Cleaning: (/home/jean-pascal/ws_moveit/devel/.private/geometric_shapes/lib/pkgconfig/geometric_shapes.pc, /home/jean-pascal/ws_moveit/devel/lib/pkgconfig/geometric_shapes.pc)
Unlinking: /home/jean-pascal/ws_moveit/devel/share/geometric_shapes/cmake/geometric_shapesConfig.cmake
Already unlinked: {}
Unlinking: /home/jean-pascal/ws_moveit/devel/share/geometric_shapes/cmake/geometric_shapesConfig-version.cmake
Already unlinked: {}
Unlinking: /home/jean-pascal/ws_moveit/devel/lib/libgeometric_shapes.so
Already unlinked: {}
Unlinking: /home/jean-pascal/ws_moveit/devel/lib/libgeometric_shapes.so.0.7.3
Already unlinked: {}
Unlinking: /home/jean-pascal/ws_moveit/devel/lib/pkgconfig/geometric_shapes.pc
Already unlinked: {}
