Symlinking /home/jean-pascal/YDAYS_Bras_robot/ws_moveit/devel/include/moveit/version.h
Symlinking /home/jean-pascal/YDAYS_Bras_robot/ws_moveit/devel/include/moveit/moveit_kinematics_base_export.h
Symlinking /home/jean-pascal/YDAYS_Bras_robot/ws_moveit/devel/include/moveit/moveit_planning_scene_export.h
Symlinking /home/jean-pascal/YDAYS_Bras_robot/ws_moveit/devel/share/moveit_core/cmake/moveit_coreConfig-version.cmake
Symlinking /home/jean-pascal/YDAYS_Bras_robot/ws_moveit/devel/share/moveit_core/cmake/moveit_coreConfig.cmake
Symlinking /home/jean-pascal/YDAYS_Bras_robot/ws_moveit/devel/lib/libmoveit_trajectory_processing.so.1.1.9
Symlinking /home/jean-pascal/YDAYS_Bras_robot/ws_moveit/devel/lib/libmoveit_test_utils.so
Symlinking /home/jean-pascal/YDAYS_Bras_robot/ws_moveit/devel/lib/libmoveit_collision_detection_fcl.so.1.1.9
Symlinking /home/jean-pascal/YDAYS_Bras_robot/ws_moveit/devel/lib/libmoveit_robot_trajectory.so.1.1.9
Symlinking /home/jean-pascal/YDAYS_Bras_robot/ws_moveit/devel/lib/libmoveit_profiler.so
Symlinking /home/jean-pascal/YDAYS_Bras_robot/ws_moveit/devel/lib/libmoveit_collision_distance_field.so
Symlinking /home/jean-pascal/YDAYS_Bras_robot/ws_moveit/devel/lib/libmoveit_kinematics_base.so
Symlinking /home/jean-pascal/YDAYS_Bras_robot/ws_moveit/devel/lib/libmoveit_constraint_samplers.so.1.1.9
Symlinking /home/jean-pascal/YDAYS_Bras_robot/ws_moveit/devel/lib/libmoveit_planning_scene.so
Symlinking /home/jean-pascal/YDAYS_Bras_robot/ws_moveit/devel/lib/libmoveit_planning_request_adapter.so
Symlinking /home/jean-pascal/YDAYS_Bras_robot/ws_moveit/devel/lib/libmoveit_exceptions.so.1.1.9
Symlinking /home/jean-pascal/YDAYS_Bras_robot/ws_moveit/devel/lib/libmoveit_distance_field.so
Symlinking /home/jean-pascal/YDAYS_Bras_robot/ws_moveit/devel/lib/libmoveit_collision_detection_fcl.so
Symlinking /home/jean-pascal/YDAYS_Bras_robot/ws_moveit/devel/lib/libmoveit_transforms.so
Symlinking /home/jean-pascal/YDAYS_Bras_robot/ws_moveit/devel/lib/libmoveit_collision_distance_field.so.1.1.9
Symlinking /home/jean-pascal/YDAYS_Bras_robot/ws_moveit/devel/lib/libmoveit_planning_scene.so.1.1.9
Symlinking /home/jean-pascal/YDAYS_Bras_robot/ws_moveit/devel/lib/libmoveit_python_tools.so.1.1.9
Symlinking /home/jean-pascal/YDAYS_Bras_robot/ws_moveit/devel/lib/libmoveit_collision_detection_bullet.so.1.1.9
Symlinking /home/jean-pascal/YDAYS_Bras_robot/ws_moveit/devel/lib/libmoveit_robot_trajectory.so
Symlinking /home/jean-pascal/YDAYS_Bras_robot/ws_moveit/devel/lib/libmoveit_dynamics_solver.so
Symlinking /home/jean-pascal/YDAYS_Bras_robot/ws_moveit/devel/lib/libmoveit_robot_state.so
Symlinking /home/jean-pascal/YDAYS_Bras_robot/ws_moveit/devel/lib/libmoveit_collision_detection.so.1.1.9
Symlinking /home/jean-pascal/YDAYS_Bras_robot/ws_moveit/devel/lib/libmoveit_collision_detection_bullet.so
Symlinking /home/jean-pascal/YDAYS_Bras_robot/ws_moveit/devel/lib/libmoveit_utils.so
Symlinking /home/jean-pascal/YDAYS_Bras_robot/ws_moveit/devel/lib/libmoveit_dynamics_solver.so.1.1.9
Symlinking /home/jean-pascal/YDAYS_Bras_robot/ws_moveit/devel/lib/libmoveit_profiler.so.1.1.9
Symlinking /home/jean-pascal/YDAYS_Bras_robot/ws_moveit/devel/lib/libmoveit_constraint_samplers.so
Symlinking /home/jean-pascal/YDAYS_Bras_robot/ws_moveit/devel/lib/libcollision_detector_bullet_plugin.so.1.1.9
Symlinking /home/jean-pascal/YDAYS_Bras_robot/ws_moveit/devel/lib/libmoveit_background_processing.so
Symlinking /home/jean-pascal/YDAYS_Bras_robot/ws_moveit/devel/lib/libmoveit_utils.so.1.1.9
Symlinking /home/jean-pascal/YDAYS_Bras_robot/ws_moveit/devel/lib/libmoveit_trajectory_processing.so
Symlinking /home/jean-pascal/YDAYS_Bras_robot/ws_moveit/devel/lib/libcollision_detector_bullet_plugin.so
Symlinking /home/jean-pascal/YDAYS_Bras_robot/ws_moveit/devel/lib/libcollision_detector_fcl_plugin.so.1.1.9
Symlinking /home/jean-pascal/YDAYS_Bras_robot/ws_moveit/devel/lib/libmoveit_transforms.so.1.1.9
Symlinking /home/jean-pascal/YDAYS_Bras_robot/ws_moveit/devel/lib/libmoveit_background_processing.so.1.1.9
Symlinking /home/jean-pascal/YDAYS_Bras_robot/ws_moveit/devel/lib/libmoveit_robot_model.so
Symlinking /home/jean-pascal/YDAYS_Bras_robot/ws_moveit/devel/lib/libmoveit_robot_state.so.1.1.9
Symlinking /home/jean-pascal/YDAYS_Bras_robot/ws_moveit/devel/lib/libmoveit_kinematics_base.so.1.1.9
Symlinking /home/jean-pascal/YDAYS_Bras_robot/ws_moveit/devel/lib/libmoveit_robot_model.so.1.1.9
Symlinking /home/jean-pascal/YDAYS_Bras_robot/ws_moveit/devel/lib/libmoveit_test_utils.so.1.1.9
Symlinking /home/jean-pascal/YDAYS_Bras_robot/ws_moveit/devel/lib/libmoveit_distance_field.so.1.1.9
Symlinking /home/jean-pascal/YDAYS_Bras_robot/ws_moveit/devel/lib/libmoveit_planning_interface.so
Symlinking /home/jean-pascal/YDAYS_Bras_robot/ws_moveit/devel/lib/libmoveit_kinematic_constraints.so
Symlinking /home/jean-pascal/YDAYS_Bras_robot/ws_moveit/devel/lib/libmoveit_exceptions.so
Symlinking /home/jean-pascal/YDAYS_Bras_robot/ws_moveit/devel/lib/libmoveit_kinematics_metrics.so.1.1.9
Symlinking /home/jean-pascal/YDAYS_Bras_robot/ws_moveit/devel/lib/libmoveit_kinematics_metrics.so
Symlinking /home/jean-pascal/YDAYS_Bras_robot/ws_moveit/devel/lib/libmoveit_kinematic_constraints.so.1.1.9
Symlinking /home/jean-pascal/YDAYS_Bras_robot/ws_moveit/devel/lib/libmoveit_planning_request_adapter.so.1.1.9
Symlinking /home/jean-pascal/YDAYS_Bras_robot/ws_moveit/devel/lib/libcollision_detector_fcl_plugin.so
Symlinking /home/jean-pascal/YDAYS_Bras_robot/ws_moveit/devel/lib/libmoveit_planning_interface.so.1.1.9
Symlinking /home/jean-pascal/YDAYS_Bras_robot/ws_moveit/devel/lib/libmoveit_collision_detection.so
Symlinking /home/jean-pascal/YDAYS_Bras_robot/ws_moveit/devel/lib/libmoveit_python_tools.so
Symlinking /home/jean-pascal/YDAYS_Bras_robot/ws_moveit/devel/lib/moveit_core/robot_state_benchmark
Symlinking /home/jean-pascal/YDAYS_Bras_robot/ws_moveit/devel/lib/moveit_core/moveit_version
Symlinking /home/jean-pascal/YDAYS_Bras_robot/ws_moveit/devel/lib/python3/dist-packages/pymoveit_core.cpython-38-x86_64-linux-gnu.so
Symlinking /home/jean-pascal/YDAYS_Bras_robot/ws_moveit/devel/lib/python3/dist-packages/moveit/__init__.py
Symlinking /home/jean-pascal/YDAYS_Bras_robot/ws_moveit/devel/lib/pkgconfig/moveit_core.pc
Cleaning: (/home/jean-pascal/ws_moveit/devel/.private/moveit_core/cmake.lock, /home/jean-pascal/ws_moveit/devel/./cmake.lock)
Cleaning: (/home/jean-pascal/ws_moveit/devel/.private/moveit_core/include/moveit/version.h, /home/jean-pascal/ws_moveit/devel/include/moveit/version.h)
Cleaning: (/home/jean-pascal/ws_moveit/devel/.private/moveit_core/include/moveit/moveit_kinematics_base_export.h, /home/jean-pascal/ws_moveit/devel/include/moveit/moveit_kinematics_base_export.h)
Cleaning: (/home/jean-pascal/ws_moveit/devel/.private/moveit_core/include/moveit/moveit_planning_scene_export.h, /home/jean-pascal/ws_moveit/devel/include/moveit/moveit_planning_scene_export.h)
Cleaning: (/home/jean-pascal/ws_moveit/devel/.private/moveit_core/share/moveit_core/cmake/moveit_coreConfig-version.cmake, /home/jean-pascal/ws_moveit/devel/share/moveit_core/cmake/moveit_coreConfig-version.cmake)
Cleaning: (/home/jean-pascal/ws_moveit/devel/.private/moveit_core/share/moveit_core/cmake/moveit_coreConfig.cmake, /home/jean-pascal/ws_moveit/devel/share/moveit_core/cmake/moveit_coreConfig.cmake)
Cleaning: (/home/jean-pascal/ws_moveit/devel/.private/moveit_core/lib/libmoveit_trajectory_processing.so.1.1.9, /home/jean-pascal/ws_moveit/devel/lib/libmoveit_trajectory_processing.so.1.1.9)
Cleaning: (/home/jean-pascal/ws_moveit/devel/.private/moveit_core/lib/libmoveit_test_utils.so, /home/jean-pascal/ws_moveit/devel/lib/libmoveit_test_utils.so)
Cleaning: (/home/jean-pascal/ws_moveit/devel/.private/moveit_core/lib/libmoveit_collision_detection_fcl.so.1.1.9, /home/jean-pascal/ws_moveit/devel/lib/libmoveit_collision_detection_fcl.so.1.1.9)
Cleaning: (/home/jean-pascal/ws_moveit/devel/.private/moveit_core/lib/libmoveit_robot_trajectory.so.1.1.9, /home/jean-pascal/ws_moveit/devel/lib/libmoveit_robot_trajectory.so.1.1.9)
Cleaning: (/home/jean-pascal/ws_moveit/devel/.private/moveit_core/lib/libmoveit_profiler.so, /home/jean-pascal/ws_moveit/devel/lib/libmoveit_profiler.so)
Cleaning: (/home/jean-pascal/ws_moveit/devel/.private/moveit_core/lib/libmoveit_collision_distance_field.so, /home/jean-pascal/ws_moveit/devel/lib/libmoveit_collision_distance_field.so)
Cleaning: (/home/jean-pascal/ws_moveit/devel/.private/moveit_core/lib/libmoveit_kinematics_base.so, /home/jean-pascal/ws_moveit/devel/lib/libmoveit_kinematics_base.so)
Cleaning: (/home/jean-pascal/ws_moveit/devel/.private/moveit_core/lib/libmoveit_constraint_samplers.so.1.1.9, /home/jean-pascal/ws_moveit/devel/lib/libmoveit_constraint_samplers.so.1.1.9)
Cleaning: (/home/jean-pascal/ws_moveit/devel/.private/moveit_core/lib/libmoveit_planning_scene.so, /home/jean-pascal/ws_moveit/devel/lib/libmoveit_planning_scene.so)
Cleaning: (/home/jean-pascal/ws_moveit/devel/.private/moveit_core/lib/libmoveit_planning_request_adapter.so, /home/jean-pascal/ws_moveit/devel/lib/libmoveit_planning_request_adapter.so)
Cleaning: (/home/jean-pascal/ws_moveit/devel/.private/moveit_core/lib/libmoveit_exceptions.so.1.1.9, /home/jean-pascal/ws_moveit/devel/lib/libmoveit_exceptions.so.1.1.9)
Cleaning: (/home/jean-pascal/ws_moveit/devel/.private/moveit_core/lib/libmoveit_distance_field.so, /home/jean-pascal/ws_moveit/devel/lib/libmoveit_distance_field.so)
Cleaning: (/home/jean-pascal/ws_moveit/devel/.private/moveit_core/lib/libmoveit_collision_detection_fcl.so, /home/jean-pascal/ws_moveit/devel/lib/libmoveit_collision_detection_fcl.so)
Cleaning: (/home/jean-pascal/ws_moveit/devel/.private/moveit_core/lib/libmoveit_transforms.so, /home/jean-pascal/ws_moveit/devel/lib/libmoveit_transforms.so)
Cleaning: (/home/jean-pascal/ws_moveit/devel/.private/moveit_core/lib/libmoveit_collision_distance_field.so.1.1.9, /home/jean-pascal/ws_moveit/devel/lib/libmoveit_collision_distance_field.so.1.1.9)
Cleaning: (/home/jean-pascal/ws_moveit/devel/.private/moveit_core/lib/libmoveit_planning_scene.so.1.1.9, /home/jean-pascal/ws_moveit/devel/lib/libmoveit_planning_scene.so.1.1.9)
Cleaning: (/home/jean-pascal/ws_moveit/devel/.private/moveit_core/lib/libmoveit_python_tools.so.1.1.9, /home/jean-pascal/ws_moveit/devel/lib/libmoveit_python_tools.so.1.1.9)
Cleaning: (/home/jean-pascal/ws_moveit/devel/.private/moveit_core/lib/libmoveit_collision_detection_bullet.so.1.1.9, /home/jean-pascal/ws_moveit/devel/lib/libmoveit_collision_detection_bullet.so.1.1.9)
Cleaning: (/home/jean-pascal/ws_moveit/devel/.private/moveit_core/lib/libmoveit_robot_trajectory.so, /home/jean-pascal/ws_moveit/devel/lib/libmoveit_robot_trajectory.so)
Cleaning: (/home/jean-pascal/ws_moveit/devel/.private/moveit_core/lib/libmoveit_dynamics_solver.so, /home/jean-pascal/ws_moveit/devel/lib/libmoveit_dynamics_solver.so)
Cleaning: (/home/jean-pascal/ws_moveit/devel/.private/moveit_core/lib/libmoveit_robot_state.so, /home/jean-pascal/ws_moveit/devel/lib/libmoveit_robot_state.so)
Cleaning: (/home/jean-pascal/ws_moveit/devel/.private/moveit_core/lib/libmoveit_collision_detection.so.1.1.9, /home/jean-pascal/ws_moveit/devel/lib/libmoveit_collision_detection.so.1.1.9)
Cleaning: (/home/jean-pascal/ws_moveit/devel/.private/moveit_core/lib/libmoveit_collision_detection_bullet.so, /home/jean-pascal/ws_moveit/devel/lib/libmoveit_collision_detection_bullet.so)
Cleaning: (/home/jean-pascal/ws_moveit/devel/.private/moveit_core/lib/libmoveit_utils.so, /home/jean-pascal/ws_moveit/devel/lib/libmoveit_utils.so)
Cleaning: (/home/jean-pascal/ws_moveit/devel/.private/moveit_core/lib/libmoveit_dynamics_solver.so.1.1.9, /home/jean-pascal/ws_moveit/devel/lib/libmoveit_dynamics_solver.so.1.1.9)
Cleaning: (/home/jean-pascal/ws_moveit/devel/.private/moveit_core/lib/libmoveit_profiler.so.1.1.9, /home/jean-pascal/ws_moveit/devel/lib/libmoveit_profiler.so.1.1.9)
Cleaning: (/home/jean-pascal/ws_moveit/devel/.private/moveit_core/lib/libmoveit_constraint_samplers.so, /home/jean-pascal/ws_moveit/devel/lib/libmoveit_constraint_samplers.so)
Cleaning: (/home/jean-pascal/ws_moveit/devel/.private/moveit_core/lib/libcollision_detector_bullet_plugin.so.1.1.9, /home/jean-pascal/ws_moveit/devel/lib/libcollision_detector_bullet_plugin.so.1.1.9)
Cleaning: (/home/jean-pascal/ws_moveit/devel/.private/moveit_core/lib/libmoveit_background_processing.so, /home/jean-pascal/ws_moveit/devel/lib/libmoveit_background_processing.so)
Cleaning: (/home/jean-pascal/ws_moveit/devel/.private/moveit_core/lib/libmoveit_utils.so.1.1.9, /home/jean-pascal/ws_moveit/devel/lib/libmoveit_utils.so.1.1.9)
Cleaning: (/home/jean-pascal/ws_moveit/devel/.private/moveit_core/lib/libmoveit_trajectory_processing.so, /home/jean-pascal/ws_moveit/devel/lib/libmoveit_trajectory_processing.so)
Cleaning: (/home/jean-pascal/ws_moveit/devel/.private/moveit_core/lib/libcollision_detector_bullet_plugin.so, /home/jean-pascal/ws_moveit/devel/lib/libcollision_detector_bullet_plugin.so)
Cleaning: (/home/jean-pascal/ws_moveit/devel/.private/moveit_core/lib/libcollision_detector_fcl_plugin.so.1.1.9, /home/jean-pascal/ws_moveit/devel/lib/libcollision_detector_fcl_plugin.so.1.1.9)
Cleaning: (/home/jean-pascal/ws_moveit/devel/.private/moveit_core/lib/libmoveit_transforms.so.1.1.9, /home/jean-pascal/ws_moveit/devel/lib/libmoveit_transforms.so.1.1.9)
Cleaning: (/home/jean-pascal/ws_moveit/devel/.private/moveit_core/lib/libmoveit_background_processing.so.1.1.9, /home/jean-pascal/ws_moveit/devel/lib/libmoveit_background_processing.so.1.1.9)
Cleaning: (/home/jean-pascal/ws_moveit/devel/.private/moveit_core/lib/libmoveit_robot_model.so, /home/jean-pascal/ws_moveit/devel/lib/libmoveit_robot_model.so)
Cleaning: (/home/jean-pascal/ws_moveit/devel/.private/moveit_core/lib/libmoveit_robot_state.so.1.1.9, /home/jean-pascal/ws_moveit/devel/lib/libmoveit_robot_state.so.1.1.9)
Cleaning: (/home/jean-pascal/ws_moveit/devel/.private/moveit_core/lib/libmoveit_kinematics_base.so.1.1.9, /home/jean-pascal/ws_moveit/devel/lib/libmoveit_kinematics_base.so.1.1.9)
Cleaning: (/home/jean-pascal/ws_moveit/devel/.private/moveit_core/lib/libmoveit_robot_model.so.1.1.9, /home/jean-pascal/ws_moveit/devel/lib/libmoveit_robot_model.so.1.1.9)
Cleaning: (/home/jean-pascal/ws_moveit/devel/.private/moveit_core/lib/libmoveit_test_utils.so.1.1.9, /home/jean-pascal/ws_moveit/devel/lib/libmoveit_test_utils.so.1.1.9)
Cleaning: (/home/jean-pascal/ws_moveit/devel/.private/moveit_core/lib/libmoveit_distance_field.so.1.1.9, /home/jean-pascal/ws_moveit/devel/lib/libmoveit_distance_field.so.1.1.9)
Cleaning: (/home/jean-pascal/ws_moveit/devel/.private/moveit_core/lib/libmoveit_planning_interface.so, /home/jean-pascal/ws_moveit/devel/lib/libmoveit_planning_interface.so)
Cleaning: (/home/jean-pascal/ws_moveit/devel/.private/moveit_core/lib/libmoveit_kinematic_constraints.so, /home/jean-pascal/ws_moveit/devel/lib/libmoveit_kinematic_constraints.so)
Cleaning: (/home/jean-pascal/ws_moveit/devel/.private/moveit_core/lib/libmoveit_exceptions.so, /home/jean-pascal/ws_moveit/devel/lib/libmoveit_exceptions.so)
Cleaning: (/home/jean-pascal/ws_moveit/devel/.private/moveit_core/lib/libmoveit_kinematics_metrics.so.1.1.9, /home/jean-pascal/ws_moveit/devel/lib/libmoveit_kinematics_metrics.so.1.1.9)
Cleaning: (/home/jean-pascal/ws_moveit/devel/.private/moveit_core/lib/libmoveit_kinematics_metrics.so, /home/jean-pascal/ws_moveit/devel/lib/libmoveit_kinematics_metrics.so)
Cleaning: (/home/jean-pascal/ws_moveit/devel/.private/moveit_core/lib/libmoveit_kinematic_constraints.so.1.1.9, /home/jean-pascal/ws_moveit/devel/lib/libmoveit_kinematic_constraints.so.1.1.9)
Cleaning: (/home/jean-pascal/ws_moveit/devel/.private/moveit_core/lib/libmoveit_planning_request_adapter.so.1.1.9, /home/jean-pascal/ws_moveit/devel/lib/libmoveit_planning_request_adapter.so.1.1.9)
Cleaning: (/home/jean-pascal/ws_moveit/devel/.private/moveit_core/lib/libcollision_detector_fcl_plugin.so, /home/jean-pascal/ws_moveit/devel/lib/libcollision_detector_fcl_plugin.so)
Cleaning: (/home/jean-pascal/ws_moveit/devel/.private/moveit_core/lib/libmoveit_planning_interface.so.1.1.9, /home/jean-pascal/ws_moveit/devel/lib/libmoveit_planning_interface.so.1.1.9)
Cleaning: (/home/jean-pascal/ws_moveit/devel/.private/moveit_core/lib/libmoveit_collision_detection.so, /home/jean-pascal/ws_moveit/devel/lib/libmoveit_collision_detection.so)
Cleaning: (/home/jean-pascal/ws_moveit/devel/.private/moveit_core/lib/libmoveit_python_tools.so, /home/jean-pascal/ws_moveit/devel/lib/libmoveit_python_tools.so)
Cleaning: (/home/jean-pascal/ws_moveit/devel/.private/moveit_core/lib/moveit_core/robot_state_benchmark, /home/jean-pascal/ws_moveit/devel/lib/moveit_core/robot_state_benchmark)
Cleaning: (/home/jean-pascal/ws_moveit/devel/.private/moveit_core/lib/moveit_core/moveit_version, /home/jean-pascal/ws_moveit/devel/lib/moveit_core/moveit_version)
Cleaning: (/home/jean-pascal/ws_moveit/devel/.private/moveit_core/lib/python3/dist-packages/pymoveit_core.cpython-38-x86_64-linux-gnu.so, /home/jean-pascal/ws_moveit/devel/lib/python3/dist-packages/pymoveit_core.cpython-38-x86_64-linux-gnu.so)
Cleaning: (/home/jean-pascal/ws_moveit/devel/.private/moveit_core/lib/python3/dist-packages/moveit/__init__.py, /home/jean-pascal/ws_moveit/devel/lib/python3/dist-packages/moveit/__init__.py)
Cleaning: (/home/jean-pascal/ws_moveit/devel/.private/moveit_core/lib/pkgconfig/moveit_core.pc, /home/jean-pascal/ws_moveit/devel/lib/pkgconfig/moveit_core.pc)
Unlinking: /home/jean-pascal/ws_moveit/devel/include/moveit/version.h
Already unlinked: {}
Unlinking: /home/jean-pascal/ws_moveit/devel/include/moveit/moveit_kinematics_base_export.h
Already unlinked: {}
Unlinking: /home/jean-pascal/ws_moveit/devel/include/moveit/moveit_planning_scene_export.h
Already unlinked: {}
Unlinking: /home/jean-pascal/ws_moveit/devel/share/moveit_core/cmake/moveit_coreConfig-version.cmake
Already unlinked: {}
Unlinking: /home/jean-pascal/ws_moveit/devel/share/moveit_core/cmake/moveit_coreConfig.cmake
Already unlinked: {}
Unlinking: /home/jean-pascal/ws_moveit/devel/lib/libmoveit_trajectory_processing.so.1.1.9
Already unlinked: {}
Unlinking: /home/jean-pascal/ws_moveit/devel/lib/libmoveit_test_utils.so
Already unlinked: {}
Unlinking: /home/jean-pascal/ws_moveit/devel/lib/libmoveit_collision_detection_fcl.so.1.1.9
Already unlinked: {}
Unlinking: /home/jean-pascal/ws_moveit/devel/lib/libmoveit_robot_trajectory.so.1.1.9
Already unlinked: {}
Unlinking: /home/jean-pascal/ws_moveit/devel/lib/libmoveit_profiler.so
Already unlinked: {}
Unlinking: /home/jean-pascal/ws_moveit/devel/lib/libmoveit_collision_distance_field.so
Already unlinked: {}
Unlinking: /home/jean-pascal/ws_moveit/devel/lib/libmoveit_kinematics_base.so
Already unlinked: {}
Unlinking: /home/jean-pascal/ws_moveit/devel/lib/libmoveit_constraint_samplers.so.1.1.9
Already unlinked: {}
Unlinking: /home/jean-pascal/ws_moveit/devel/lib/libmoveit_planning_scene.so
Already unlinked: {}
Unlinking: /home/jean-pascal/ws_moveit/devel/lib/libmoveit_planning_request_adapter.so
Already unlinked: {}
Unlinking: /home/jean-pascal/ws_moveit/devel/lib/libmoveit_exceptions.so.1.1.9
Already unlinked: {}
Unlinking: /home/jean-pascal/ws_moveit/devel/lib/libmoveit_distance_field.so
Already unlinked: {}
Unlinking: /home/jean-pascal/ws_moveit/devel/lib/libmoveit_collision_detection_fcl.so
Already unlinked: {}
Unlinking: /home/jean-pascal/ws_moveit/devel/lib/libmoveit_transforms.so
Already unlinked: {}
Unlinking: /home/jean-pascal/ws_moveit/devel/lib/libmoveit_collision_distance_field.so.1.1.9
Already unlinked: {}
Unlinking: /home/jean-pascal/ws_moveit/devel/lib/libmoveit_planning_scene.so.1.1.9
Already unlinked: {}
Unlinking: /home/jean-pascal/ws_moveit/devel/lib/libmoveit_python_tools.so.1.1.9
Already unlinked: {}
Unlinking: /home/jean-pascal/ws_moveit/devel/lib/libmoveit_collision_detection_bullet.so.1.1.9
Already unlinked: {}
Unlinking: /home/jean-pascal/ws_moveit/devel/lib/libmoveit_robot_trajectory.so
Already unlinked: {}
Unlinking: /home/jean-pascal/ws_moveit/devel/lib/libmoveit_dynamics_solver.so
Already unlinked: {}
Unlinking: /home/jean-pascal/ws_moveit/devel/lib/libmoveit_robot_state.so
Already unlinked: {}
Unlinking: /home/jean-pascal/ws_moveit/devel/lib/libmoveit_collision_detection.so.1.1.9
Already unlinked: {}
Unlinking: /home/jean-pascal/ws_moveit/devel/lib/libmoveit_collision_detection_bullet.so
Already unlinked: {}
Unlinking: /home/jean-pascal/ws_moveit/devel/lib/libmoveit_utils.so
Already unlinked: {}
Unlinking: /home/jean-pascal/ws_moveit/devel/lib/libmoveit_dynamics_solver.so.1.1.9
Already unlinked: {}
Unlinking: /home/jean-pascal/ws_moveit/devel/lib/libmoveit_profiler.so.1.1.9
Already unlinked: {}
Unlinking: /home/jean-pascal/ws_moveit/devel/lib/libmoveit_constraint_samplers.so
Already unlinked: {}
Unlinking: /home/jean-pascal/ws_moveit/devel/lib/libcollision_detector_bullet_plugin.so.1.1.9
Already unlinked: {}
Unlinking: /home/jean-pascal/ws_moveit/devel/lib/libmoveit_background_processing.so
Already unlinked: {}
Unlinking: /home/jean-pascal/ws_moveit/devel/lib/libmoveit_utils.so.1.1.9
Already unlinked: {}
Unlinking: /home/jean-pascal/ws_moveit/devel/lib/libmoveit_trajectory_processing.so
Already unlinked: {}
Unlinking: /home/jean-pascal/ws_moveit/devel/lib/libcollision_detector_bullet_plugin.so
Already unlinked: {}
Unlinking: /home/jean-pascal/ws_moveit/devel/lib/libcollision_detector_fcl_plugin.so.1.1.9
Already unlinked: {}
Unlinking: /home/jean-pascal/ws_moveit/devel/lib/libmoveit_transforms.so.1.1.9
Already unlinked: {}
Unlinking: /home/jean-pascal/ws_moveit/devel/lib/libmoveit_background_processing.so.1.1.9
Already unlinked: {}
Unlinking: /home/jean-pascal/ws_moveit/devel/lib/libmoveit_robot_model.so
Already unlinked: {}
Unlinking: /home/jean-pascal/ws_moveit/devel/lib/libmoveit_robot_state.so.1.1.9
Already unlinked: {}
Unlinking: /home/jean-pascal/ws_moveit/devel/lib/libmoveit_kinematics_base.so.1.1.9
Already unlinked: {}
Unlinking: /home/jean-pascal/ws_moveit/devel/lib/libmoveit_robot_model.so.1.1.9
Already unlinked: {}
Unlinking: /home/jean-pascal/ws_moveit/devel/lib/libmoveit_test_utils.so.1.1.9
Already unlinked: {}
Unlinking: /home/jean-pascal/ws_moveit/devel/lib/libmoveit_distance_field.so.1.1.9
Already unlinked: {}
Unlinking: /home/jean-pascal/ws_moveit/devel/lib/libmoveit_planning_interface.so
Already unlinked: {}
Unlinking: /home/jean-pascal/ws_moveit/devel/lib/libmoveit_kinematic_constraints.so
Already unlinked: {}
Unlinking: /home/jean-pascal/ws_moveit/devel/lib/libmoveit_exceptions.so
Already unlinked: {}
Unlinking: /home/jean-pascal/ws_moveit/devel/lib/libmoveit_kinematics_metrics.so.1.1.9
Already unlinked: {}
Unlinking: /home/jean-pascal/ws_moveit/devel/lib/libmoveit_kinematics_metrics.so
Already unlinked: {}
Unlinking: /home/jean-pascal/ws_moveit/devel/lib/libmoveit_kinematic_constraints.so.1.1.9
Already unlinked: {}
Unlinking: /home/jean-pascal/ws_moveit/devel/lib/libmoveit_planning_request_adapter.so.1.1.9
Already unlinked: {}
Unlinking: /home/jean-pascal/ws_moveit/devel/lib/libcollision_detector_fcl_plugin.so
Already unlinked: {}
Unlinking: /home/jean-pascal/ws_moveit/devel/lib/libmoveit_planning_interface.so.1.1.9
Already unlinked: {}
Unlinking: /home/jean-pascal/ws_moveit/devel/lib/libmoveit_collision_detection.so
Already unlinked: {}
Unlinking: /home/jean-pascal/ws_moveit/devel/lib/libmoveit_python_tools.so
Already unlinked: {}
Unlinking: /home/jean-pascal/ws_moveit/devel/lib/moveit_core/robot_state_benchmark
Already unlinked: {}
Unlinking: /home/jean-pascal/ws_moveit/devel/lib/moveit_core/moveit_version
Already unlinked: {}
Unlinking: /home/jean-pascal/ws_moveit/devel/lib/python3/dist-packages/pymoveit_core.cpython-38-x86_64-linux-gnu.so
Already unlinked: {}
Unlinking: /home/jean-pascal/ws_moveit/devel/lib/python3/dist-packages/moveit/__init__.py
Already unlinked: {}
Unlinking: /home/jean-pascal/ws_moveit/devel/lib/pkgconfig/moveit_core.pc
Already unlinked: {}
