Symlinking /home/jean-pascal/YDAYS_Bras_robot/ws_moveit/devel/include/moveit_planners_ompl/OMPLDynamicReconfigureConfig.h
Symlinking /home/jean-pascal/YDAYS_Bras_robot/ws_moveit/devel/share/moveit_planners_ompl/docs/OMPLDynamicReconfigureConfig.dox
Symlinking /home/jean-pascal/YDAYS_Bras_robot/ws_moveit/devel/share/moveit_planners_ompl/docs/OMPLDynamicReconfigureConfig.wikidoc
Symlinking /home/jean-pascal/YDAYS_Bras_robot/ws_moveit/devel/share/moveit_planners_ompl/docs/OMPLDynamicReconfigureConfig-usage.dox
Symlinking /home/jean-pascal/YDAYS_Bras_robot/ws_moveit/devel/share/moveit_planners_ompl/cmake/moveit_planners_omplConfig-version.cmake
Symlinking /home/jean-pascal/YDAYS_Bras_robot/ws_moveit/devel/share/moveit_planners_ompl/cmake/moveit_planners_omplConfig.cmake
Symlinking /home/jean-pascal/YDAYS_Bras_robot/ws_moveit/devel/lib/libmoveit_ompl_interface.so.1.1.9
Symlinking /home/jean-pascal/YDAYS_Bras_robot/ws_moveit/devel/lib/libmoveit_ompl_planner_plugin.so.1.1.9
Symlinking /home/jean-pascal/YDAYS_Bras_robot/ws_moveit/devel/lib/libmoveit_ompl_interface.so
Symlinking /home/jean-pascal/YDAYS_Bras_robot/ws_moveit/devel/lib/libmoveit_ompl_planner_plugin.so
Symlinking /home/jean-pascal/YDAYS_Bras_robot/ws_moveit/devel/lib/moveit_planners_ompl/generate_state_database
Symlinking /home/jean-pascal/YDAYS_Bras_robot/ws_moveit/devel/lib/python3/dist-packages/moveit_planners_ompl/__init__.py
Symlinking /home/jean-pascal/YDAYS_Bras_robot/ws_moveit/devel/lib/python3/dist-packages/moveit_planners_ompl/cfg/OMPLDynamicReconfigureConfig.py
Symlinking /home/jean-pascal/YDAYS_Bras_robot/ws_moveit/devel/lib/python3/dist-packages/moveit_planners_ompl/cfg/__init__.py
Symlinking /home/jean-pascal/YDAYS_Bras_robot/ws_moveit/devel/lib/pkgconfig/moveit_planners_ompl.pc
Cleaning: (/home/jean-pascal/ws_moveit/devel/.private/moveit_planners_ompl/cmake.lock, /home/jean-pascal/ws_moveit/devel/./cmake.lock)
Cleaning: (/home/jean-pascal/ws_moveit/devel/.private/moveit_planners_ompl/include/moveit_planners_ompl/OMPLDynamicReconfigureConfig.h, /home/jean-pascal/ws_moveit/devel/include/moveit_planners_ompl/OMPLDynamicReconfigureConfig.h)
Cleaning: (/home/jean-pascal/ws_moveit/devel/.private/moveit_planners_ompl/share/moveit_planners_ompl/docs/OMPLDynamicReconfigureConfig.dox, /home/jean-pascal/ws_moveit/devel/share/moveit_planners_ompl/docs/OMPLDynamicReconfigureConfig.dox)
Cleaning: (/home/jean-pascal/ws_moveit/devel/.private/moveit_planners_ompl/share/moveit_planners_ompl/docs/OMPLDynamicReconfigureConfig.wikidoc, /home/jean-pascal/ws_moveit/devel/share/moveit_planners_ompl/docs/OMPLDynamicReconfigureConfig.wikidoc)
Cleaning: (/home/jean-pascal/ws_moveit/devel/.private/moveit_planners_ompl/share/moveit_planners_ompl/docs/OMPLDynamicReconfigureConfig-usage.dox, /home/jean-pascal/ws_moveit/devel/share/moveit_planners_ompl/docs/OMPLDynamicReconfigureConfig-usage.dox)
Cleaning: (/home/jean-pascal/ws_moveit/devel/.private/moveit_planners_ompl/share/moveit_planners_ompl/cmake/moveit_planners_omplConfig-version.cmake, /home/jean-pascal/ws_moveit/devel/share/moveit_planners_ompl/cmake/moveit_planners_omplConfig-version.cmake)
Cleaning: (/home/jean-pascal/ws_moveit/devel/.private/moveit_planners_ompl/share/moveit_planners_ompl/cmake/moveit_planners_omplConfig.cmake, /home/jean-pascal/ws_moveit/devel/share/moveit_planners_ompl/cmake/moveit_planners_omplConfig.cmake)
Cleaning: (/home/jean-pascal/ws_moveit/devel/.private/moveit_planners_ompl/lib/libmoveit_ompl_interface.so.1.1.9, /home/jean-pascal/ws_moveit/devel/lib/libmoveit_ompl_interface.so.1.1.9)
Cleaning: (/home/jean-pascal/ws_moveit/devel/.private/moveit_planners_ompl/lib/libmoveit_ompl_planner_plugin.so.1.1.9, /home/jean-pascal/ws_moveit/devel/lib/libmoveit_ompl_planner_plugin.so.1.1.9)
Cleaning: (/home/jean-pascal/ws_moveit/devel/.private/moveit_planners_ompl/lib/libmoveit_ompl_interface.so, /home/jean-pascal/ws_moveit/devel/lib/libmoveit_ompl_interface.so)
Cleaning: (/home/jean-pascal/ws_moveit/devel/.private/moveit_planners_ompl/lib/libmoveit_ompl_planner_plugin.so, /home/jean-pascal/ws_moveit/devel/lib/libmoveit_ompl_planner_plugin.so)
Cleaning: (/home/jean-pascal/ws_moveit/devel/.private/moveit_planners_ompl/lib/moveit_planners_ompl/generate_state_database, /home/jean-pascal/ws_moveit/devel/lib/moveit_planners_ompl/generate_state_database)
Cleaning: (/home/jean-pascal/ws_moveit/devel/.private/moveit_planners_ompl/lib/python3/dist-packages/moveit_planners_ompl/__init__.py, /home/jean-pascal/ws_moveit/devel/lib/python3/dist-packages/moveit_planners_ompl/__init__.py)
Cleaning: (/home/jean-pascal/ws_moveit/devel/.private/moveit_planners_ompl/lib/python3/dist-packages/moveit_planners_ompl/cfg/OMPLDynamicReconfigureConfig.py, /home/jean-pascal/ws_moveit/devel/lib/python3/dist-packages/moveit_planners_ompl/cfg/OMPLDynamicReconfigureConfig.py)
Cleaning: (/home/jean-pascal/ws_moveit/devel/.private/moveit_planners_ompl/lib/python3/dist-packages/moveit_planners_ompl/cfg/__init__.py, /home/jean-pascal/ws_moveit/devel/lib/python3/dist-packages/moveit_planners_ompl/cfg/__init__.py)
Cleaning: (/home/jean-pascal/ws_moveit/devel/.private/moveit_planners_ompl/lib/pkgconfig/moveit_planners_ompl.pc, /home/jean-pascal/ws_moveit/devel/lib/pkgconfig/moveit_planners_ompl.pc)
Unlinking: /home/jean-pascal/ws_moveit/devel/include/moveit_planners_ompl/OMPLDynamicReconfigureConfig.h
Already unlinked: {}
Unlinking: /home/jean-pascal/ws_moveit/devel/share/moveit_planners_ompl/docs/OMPLDynamicReconfigureConfig.dox
Already unlinked: {}
Unlinking: /home/jean-pascal/ws_moveit/devel/share/moveit_planners_ompl/docs/OMPLDynamicReconfigureConfig.wikidoc
Already unlinked: {}
Unlinking: /home/jean-pascal/ws_moveit/devel/share/moveit_planners_ompl/docs/OMPLDynamicReconfigureConfig-usage.dox
Already unlinked: {}
Unlinking: /home/jean-pascal/ws_moveit/devel/share/moveit_planners_ompl/cmake/moveit_planners_omplConfig-version.cmake
Already unlinked: {}
Unlinking: /home/jean-pascal/ws_moveit/devel/share/moveit_planners_ompl/cmake/moveit_planners_omplConfig.cmake
Already unlinked: {}
Unlinking: /home/jean-pascal/ws_moveit/devel/lib/libmoveit_ompl_interface.so.1.1.9
Already unlinked: {}
Unlinking: /home/jean-pascal/ws_moveit/devel/lib/libmoveit_ompl_planner_plugin.so.1.1.9
Already unlinked: {}
Unlinking: /home/jean-pascal/ws_moveit/devel/lib/libmoveit_ompl_interface.so
Already unlinked: {}
Unlinking: /home/jean-pascal/ws_moveit/devel/lib/libmoveit_ompl_planner_plugin.so
Already unlinked: {}
Unlinking: /home/jean-pascal/ws_moveit/devel/lib/moveit_planners_ompl/generate_state_database
Already unlinked: {}
Unlinking: /home/jean-pascal/ws_moveit/devel/lib/python3/dist-packages/moveit_planners_ompl/__init__.py
Already unlinked: {}
Unlinking: /home/jean-pascal/ws_moveit/devel/lib/python3/dist-packages/moveit_planners_ompl/cfg/OMPLDynamicReconfigureConfig.py
Already unlinked: {}
Unlinking: /home/jean-pascal/ws_moveit/devel/lib/python3/dist-packages/moveit_planners_ompl/cfg/__init__.py
Already unlinked: {}
Unlinking: /home/jean-pascal/ws_moveit/devel/lib/pkgconfig/moveit_planners_ompl.pc
Already unlinked: {}
