Symlinking /home/jean-pascal/YDAYS_Bras_robot/ws_moveit/devel/share/moveit_commander/cmake/moveit_commanderConfig-version.cmake
Symlinking /home/jean-pascal/YDAYS_Bras_robot/ws_moveit/devel/share/moveit_commander/cmake/moveit_commanderConfig.cmake
Symlinking /home/jean-pascal/YDAYS_Bras_robot/ws_moveit/devel/lib/moveit_commander/cmake.lock
Symlinking /home/jean-pascal/YDAYS_Bras_robot/ws_moveit/devel/lib/moveit_commander/moveit_commander_cmdline.py
Symlinking /home/jean-pascal/YDAYS_Bras_robot/ws_moveit/devel/lib/python3/dist-packages/moveit_commander/__init__.py
Symlinking /home/jean-pascal/YDAYS_Bras_robot/ws_moveit/devel/lib/pkgconfig/moveit_commander.pc
Cleaning: (/home/jean-pascal/ws_moveit/devel/.private/moveit_commander/cmake.lock, /home/jean-pascal/ws_moveit/devel/./cmake.lock)
Cleaning: (/home/jean-pascal/ws_moveit/devel/.private/moveit_commander/share/moveit_commander/cmake/moveit_commanderConfig-version.cmake, /home/jean-pascal/ws_moveit/devel/share/moveit_commander/cmake/moveit_commanderConfig-version.cmake)
Cleaning: (/home/jean-pascal/ws_moveit/devel/.private/moveit_commander/share/moveit_commander/cmake/moveit_commanderConfig.cmake, /home/jean-pascal/ws_moveit/devel/share/moveit_commander/cmake/moveit_commanderConfig.cmake)
Cleaning: (/home/jean-pascal/ws_moveit/devel/.private/moveit_commander/lib/moveit_commander/cmake.lock, /home/jean-pascal/ws_moveit/devel/lib/moveit_commander/cmake.lock)
Cleaning: (/home/jean-pascal/ws_moveit/devel/.private/moveit_commander/lib/moveit_commander/moveit_commander_cmdline.py, /home/jean-pascal/ws_moveit/devel/lib/moveit_commander/moveit_commander_cmdline.py)
Cleaning: (/home/jean-pascal/ws_moveit/devel/.private/moveit_commander/lib/python3/dist-packages/moveit_commander/__init__.py, /home/jean-pascal/ws_moveit/devel/lib/python3/dist-packages/moveit_commander/__init__.py)
Cleaning: (/home/jean-pascal/ws_moveit/devel/.private/moveit_commander/lib/pkgconfig/moveit_commander.pc, /home/jean-pascal/ws_moveit/devel/lib/pkgconfig/moveit_commander.pc)
Unlinking: /home/jean-pascal/ws_moveit/devel/share/moveit_commander/cmake/moveit_commanderConfig-version.cmake
Already unlinked: {}
Unlinking: /home/jean-pascal/ws_moveit/devel/share/moveit_commander/cmake/moveit_commanderConfig.cmake
Already unlinked: {}
Unlinking: /home/jean-pascal/ws_moveit/devel/lib/moveit_commander/cmake.lock
Already unlinked: {}
Unlinking: /home/jean-pascal/ws_moveit/devel/lib/moveit_commander/moveit_commander_cmdline.py
Already unlinked: {}
Unlinking: /home/jean-pascal/ws_moveit/devel/lib/python3/dist-packages/moveit_commander/__init__.py
Already unlinked: {}
Unlinking: /home/jean-pascal/ws_moveit/devel/lib/pkgconfig/moveit_commander.pc
Already unlinked: {}
