Symlinking /home/jean-pascal/YDAYS_Bras_robot/ws_moveit/devel/share/moveit_servo/cmake/moveit_servoConfig-version.cmake
Symlinking /home/jean-pascal/YDAYS_Bras_robot/ws_moveit/devel/share/moveit_servo/cmake/moveit_servoConfig.cmake
Symlinking /home/jean-pascal/YDAYS_Bras_robot/ws_moveit/devel/lib/libpose_tracking.so
Symlinking /home/jean-pascal/YDAYS_Bras_robot/ws_moveit/devel/lib/libmoveit_servo_cpp_api.so
Symlinking /home/jean-pascal/YDAYS_Bras_robot/ws_moveit/devel/lib/libmoveit_servo_cpp_api.so.1.1.9
Symlinking /home/jean-pascal/YDAYS_Bras_robot/ws_moveit/devel/lib/moveit_servo/cpp_interface_example
Symlinking /home/jean-pascal/YDAYS_Bras_robot/ws_moveit/devel/lib/moveit_servo/servo_server
Symlinking /home/jean-pascal/YDAYS_Bras_robot/ws_moveit/devel/lib/moveit_servo/pose_tracking_example
Symlinking /home/jean-pascal/YDAYS_Bras_robot/ws_moveit/devel/lib/moveit_servo/spacenav_to_twist
Symlinking /home/jean-pascal/YDAYS_Bras_robot/ws_moveit/devel/lib/pkgconfig/moveit_servo.pc
Cleaning: (/home/jean-pascal/ws_moveit/devel/.private/moveit_servo/cmake.lock, /home/jean-pascal/ws_moveit/devel/./cmake.lock)
Cleaning: (/home/jean-pascal/ws_moveit/devel/.private/moveit_servo/share/moveit_servo/cmake/moveit_servoConfig-version.cmake, /home/jean-pascal/ws_moveit/devel/share/moveit_servo/cmake/moveit_servoConfig-version.cmake)
Cleaning: (/home/jean-pascal/ws_moveit/devel/.private/moveit_servo/share/moveit_servo/cmake/moveit_servoConfig.cmake, /home/jean-pascal/ws_moveit/devel/share/moveit_servo/cmake/moveit_servoConfig.cmake)
Cleaning: (/home/jean-pascal/ws_moveit/devel/.private/moveit_servo/lib/libpose_tracking.so, /home/jean-pascal/ws_moveit/devel/lib/libpose_tracking.so)
Cleaning: (/home/jean-pascal/ws_moveit/devel/.private/moveit_servo/lib/libmoveit_servo_cpp_api.so, /home/jean-pascal/ws_moveit/devel/lib/libmoveit_servo_cpp_api.so)
Cleaning: (/home/jean-pascal/ws_moveit/devel/.private/moveit_servo/lib/libmoveit_servo_cpp_api.so.1.1.9, /home/jean-pascal/ws_moveit/devel/lib/libmoveit_servo_cpp_api.so.1.1.9)
Cleaning: (/home/jean-pascal/ws_moveit/devel/.private/moveit_servo/lib/moveit_servo/cpp_interface_example, /home/jean-pascal/ws_moveit/devel/lib/moveit_servo/cpp_interface_example)
Cleaning: (/home/jean-pascal/ws_moveit/devel/.private/moveit_servo/lib/moveit_servo/servo_server, /home/jean-pascal/ws_moveit/devel/lib/moveit_servo/servo_server)
Cleaning: (/home/jean-pascal/ws_moveit/devel/.private/moveit_servo/lib/moveit_servo/pose_tracking_example, /home/jean-pascal/ws_moveit/devel/lib/moveit_servo/pose_tracking_example)
Cleaning: (/home/jean-pascal/ws_moveit/devel/.private/moveit_servo/lib/moveit_servo/spacenav_to_twist, /home/jean-pascal/ws_moveit/devel/lib/moveit_servo/spacenav_to_twist)
Cleaning: (/home/jean-pascal/ws_moveit/devel/.private/moveit_servo/lib/pkgconfig/moveit_servo.pc, /home/jean-pascal/ws_moveit/devel/lib/pkgconfig/moveit_servo.pc)
Unlinking: /home/jean-pascal/ws_moveit/devel/share/moveit_servo/cmake/moveit_servoConfig-version.cmake
Already unlinked: {}
Unlinking: /home/jean-pascal/ws_moveit/devel/share/moveit_servo/cmake/moveit_servoConfig.cmake
Already unlinked: {}
Unlinking: /home/jean-pascal/ws_moveit/devel/lib/libpose_tracking.so
Already unlinked: {}
Unlinking: /home/jean-pascal/ws_moveit/devel/lib/libmoveit_servo_cpp_api.so
Already unlinked: {}
Unlinking: /home/jean-pascal/ws_moveit/devel/lib/libmoveit_servo_cpp_api.so.1.1.9
Already unlinked: {}
Unlinking: /home/jean-pascal/ws_moveit/devel/lib/moveit_servo/cpp_interface_example
Already unlinked: {}
Unlinking: /home/jean-pascal/ws_moveit/devel/lib/moveit_servo/servo_server
Already unlinked: {}
Unlinking: /home/jean-pascal/ws_moveit/devel/lib/moveit_servo/pose_tracking_example
Already unlinked: {}
Unlinking: /home/jean-pascal/ws_moveit/devel/lib/moveit_servo/spacenav_to_twist
Already unlinked: {}
Unlinking: /home/jean-pascal/ws_moveit/devel/lib/pkgconfig/moveit_servo.pc
Already unlinked: {}
