Symlinking /home/jean-pascal/YDAYS_Bras_robot/ws_moveit/devel/share/moveit_kinematics/cmake/moveit_kinematicsConfig-version.cmake
Symlinking /home/jean-pascal/YDAYS_Bras_robot/ws_moveit/devel/share/moveit_kinematics/cmake/moveit_kinematicsConfig.cmake
Symlinking /home/jean-pascal/YDAYS_Bras_robot/ws_moveit/devel/lib/libmoveit_cached_ik_kinematics_base.so
Symlinking /home/jean-pascal/YDAYS_Bras_robot/ws_moveit/devel/lib/libmoveit_cached_ik_kinematics_plugin.so
Symlinking /home/jean-pascal/YDAYS_Bras_robot/ws_moveit/devel/lib/libmoveit_cached_ik_kinematics_base.so.1.1.9
Symlinking /home/jean-pascal/YDAYS_Bras_robot/ws_moveit/devel/lib/libmoveit_cached_ik_kinematics_plugin.so.1.1.9
Symlinking /home/jean-pascal/YDAYS_Bras_robot/ws_moveit/devel/lib/libmoveit_kdl_kinematics_plugin.so
Symlinking /home/jean-pascal/YDAYS_Bras_robot/ws_moveit/devel/lib/libmoveit_lma_kinematics_plugin.so
Symlinking /home/jean-pascal/YDAYS_Bras_robot/ws_moveit/devel/lib/libmoveit_kdl_kinematics_plugin.so.1.1.9
Symlinking /home/jean-pascal/YDAYS_Bras_robot/ws_moveit/devel/lib/libmoveit_srv_kinematics_plugin.so
Symlinking /home/jean-pascal/YDAYS_Bras_robot/ws_moveit/devel/lib/libmoveit_srv_kinematics_plugin.so.1.1.9
Symlinking /home/jean-pascal/YDAYS_Bras_robot/ws_moveit/devel/lib/libmoveit_lma_kinematics_plugin.so.1.1.9
Symlinking /home/jean-pascal/YDAYS_Bras_robot/ws_moveit/devel/lib/moveit_kinematics/cmake.lock
Symlinking /home/jean-pascal/YDAYS_Bras_robot/ws_moveit/devel/lib/moveit_kinematics/benchmark_ik
Symlinking /home/jean-pascal/YDAYS_Bras_robot/ws_moveit/devel/lib/moveit_kinematics/test_kinematics_plugin
Symlinking /home/jean-pascal/YDAYS_Bras_robot/ws_moveit/devel/lib/moveit_kinematics/create_ikfast_moveit_plugin.py
Symlinking /home/jean-pascal/YDAYS_Bras_robot/ws_moveit/devel/lib/moveit_kinematics/round_collada_numbers.py
Symlinking /home/jean-pascal/YDAYS_Bras_robot/ws_moveit/devel/lib/pkgconfig/moveit_kinematics.pc
Cleaning: (/home/jean-pascal/ws_moveit/devel/.private/moveit_kinematics/cmake.lock, /home/jean-pascal/ws_moveit/devel/./cmake.lock)
Cleaning: (/home/jean-pascal/ws_moveit/devel/.private/moveit_kinematics/share/moveit_kinematics/cmake/moveit_kinematicsConfig-version.cmake, /home/jean-pascal/ws_moveit/devel/share/moveit_kinematics/cmake/moveit_kinematicsConfig-version.cmake)
Cleaning: (/home/jean-pascal/ws_moveit/devel/.private/moveit_kinematics/share/moveit_kinematics/cmake/moveit_kinematicsConfig.cmake, /home/jean-pascal/ws_moveit/devel/share/moveit_kinematics/cmake/moveit_kinematicsConfig.cmake)
Cleaning: (/home/jean-pascal/ws_moveit/devel/.private/moveit_kinematics/lib/libmoveit_cached_ik_kinematics_base.so, /home/jean-pascal/ws_moveit/devel/lib/libmoveit_cached_ik_kinematics_base.so)
Cleaning: (/home/jean-pascal/ws_moveit/devel/.private/moveit_kinematics/lib/libmoveit_cached_ik_kinematics_plugin.so, /home/jean-pascal/ws_moveit/devel/lib/libmoveit_cached_ik_kinematics_plugin.so)
Cleaning: (/home/jean-pascal/ws_moveit/devel/.private/moveit_kinematics/lib/libmoveit_cached_ik_kinematics_base.so.1.1.9, /home/jean-pascal/ws_moveit/devel/lib/libmoveit_cached_ik_kinematics_base.so.1.1.9)
Cleaning: (/home/jean-pascal/ws_moveit/devel/.private/moveit_kinematics/lib/libmoveit_cached_ik_kinematics_plugin.so.1.1.9, /home/jean-pascal/ws_moveit/devel/lib/libmoveit_cached_ik_kinematics_plugin.so.1.1.9)
Cleaning: (/home/jean-pascal/ws_moveit/devel/.private/moveit_kinematics/lib/libmoveit_kdl_kinematics_plugin.so, /home/jean-pascal/ws_moveit/devel/lib/libmoveit_kdl_kinematics_plugin.so)
Cleaning: (/home/jean-pascal/ws_moveit/devel/.private/moveit_kinematics/lib/libmoveit_lma_kinematics_plugin.so, /home/jean-pascal/ws_moveit/devel/lib/libmoveit_lma_kinematics_plugin.so)
Cleaning: (/home/jean-pascal/ws_moveit/devel/.private/moveit_kinematics/lib/libmoveit_kdl_kinematics_plugin.so.1.1.9, /home/jean-pascal/ws_moveit/devel/lib/libmoveit_kdl_kinematics_plugin.so.1.1.9)
Cleaning: (/home/jean-pascal/ws_moveit/devel/.private/moveit_kinematics/lib/libmoveit_srv_kinematics_plugin.so, /home/jean-pascal/ws_moveit/devel/lib/libmoveit_srv_kinematics_plugin.so)
Cleaning: (/home/jean-pascal/ws_moveit/devel/.private/moveit_kinematics/lib/libmoveit_srv_kinematics_plugin.so.1.1.9, /home/jean-pascal/ws_moveit/devel/lib/libmoveit_srv_kinematics_plugin.so.1.1.9)
Cleaning: (/home/jean-pascal/ws_moveit/devel/.private/moveit_kinematics/lib/libmoveit_lma_kinematics_plugin.so.1.1.9, /home/jean-pascal/ws_moveit/devel/lib/libmoveit_lma_kinematics_plugin.so.1.1.9)
Cleaning: (/home/jean-pascal/ws_moveit/devel/.private/moveit_kinematics/lib/moveit_kinematics/cmake.lock, /home/jean-pascal/ws_moveit/devel/lib/moveit_kinematics/cmake.lock)
Cleaning: (/home/jean-pascal/ws_moveit/devel/.private/moveit_kinematics/lib/moveit_kinematics/benchmark_ik, /home/jean-pascal/ws_moveit/devel/lib/moveit_kinematics/benchmark_ik)
Cleaning: (/home/jean-pascal/ws_moveit/devel/.private/moveit_kinematics/lib/moveit_kinematics/test_kinematics_plugin, /home/jean-pascal/ws_moveit/devel/lib/moveit_kinematics/test_kinematics_plugin)
Cleaning: (/home/jean-pascal/ws_moveit/devel/.private/moveit_kinematics/lib/moveit_kinematics/create_ikfast_moveit_plugin.py, /home/jean-pascal/ws_moveit/devel/lib/moveit_kinematics/create_ikfast_moveit_plugin.py)
Cleaning: (/home/jean-pascal/ws_moveit/devel/.private/moveit_kinematics/lib/moveit_kinematics/round_collada_numbers.py, /home/jean-pascal/ws_moveit/devel/lib/moveit_kinematics/round_collada_numbers.py)
Cleaning: (/home/jean-pascal/ws_moveit/devel/.private/moveit_kinematics/lib/pkgconfig/moveit_kinematics.pc, /home/jean-pascal/ws_moveit/devel/lib/pkgconfig/moveit_kinematics.pc)
Unlinking: /home/jean-pascal/ws_moveit/devel/share/moveit_kinematics/cmake/moveit_kinematicsConfig-version.cmake
Already unlinked: {}
Unlinking: /home/jean-pascal/ws_moveit/devel/share/moveit_kinematics/cmake/moveit_kinematicsConfig.cmake
Already unlinked: {}
Unlinking: /home/jean-pascal/ws_moveit/devel/lib/libmoveit_cached_ik_kinematics_base.so
Already unlinked: {}
Unlinking: /home/jean-pascal/ws_moveit/devel/lib/libmoveit_cached_ik_kinematics_plugin.so
Already unlinked: {}
Unlinking: /home/jean-pascal/ws_moveit/devel/lib/libmoveit_cached_ik_kinematics_base.so.1.1.9
Already unlinked: {}
Unlinking: /home/jean-pascal/ws_moveit/devel/lib/libmoveit_cached_ik_kinematics_plugin.so.1.1.9
Already unlinked: {}
Unlinking: /home/jean-pascal/ws_moveit/devel/lib/libmoveit_kdl_kinematics_plugin.so
Already unlinked: {}
Unlinking: /home/jean-pascal/ws_moveit/devel/lib/libmoveit_lma_kinematics_plugin.so
Already unlinked: {}
Unlinking: /home/jean-pascal/ws_moveit/devel/lib/libmoveit_kdl_kinematics_plugin.so.1.1.9
Already unlinked: {}
Unlinking: /home/jean-pascal/ws_moveit/devel/lib/libmoveit_srv_kinematics_plugin.so
Already unlinked: {}
Unlinking: /home/jean-pascal/ws_moveit/devel/lib/libmoveit_srv_kinematics_plugin.so.1.1.9
Already unlinked: {}
Unlinking: /home/jean-pascal/ws_moveit/devel/lib/libmoveit_lma_kinematics_plugin.so.1.1.9
Already unlinked: {}
Unlinking: /home/jean-pascal/ws_moveit/devel/lib/moveit_kinematics/cmake.lock
Already unlinked: {}
Unlinking: /home/jean-pascal/ws_moveit/devel/lib/moveit_kinematics/benchmark_ik
Already unlinked: {}
Unlinking: /home/jean-pascal/ws_moveit/devel/lib/moveit_kinematics/test_kinematics_plugin
Already unlinked: {}
Unlinking: /home/jean-pascal/ws_moveit/devel/lib/moveit_kinematics/create_ikfast_moveit_plugin.py
Already unlinked: {}
Unlinking: /home/jean-pascal/ws_moveit/devel/lib/moveit_kinematics/round_collada_numbers.py
Already unlinked: {}
Unlinking: /home/jean-pascal/ws_moveit/devel/lib/pkgconfig/moveit_kinematics.pc
Already unlinked: {}
