Symlinking /home/jean-pascal/YDAYS_Bras_robot/ws_moveit/devel/share/chomp_motion_planner/cmake/chomp_motion_plannerConfig.cmake
Symlinking /home/jean-pascal/YDAYS_Bras_robot/ws_moveit/devel/share/chomp_motion_planner/cmake/chomp_motion_plannerConfig-version.cmake
Symlinking /home/jean-pascal/YDAYS_Bras_robot/ws_moveit/devel/lib/libchomp_motion_planner.so
Symlinking /home/jean-pascal/YDAYS_Bras_robot/ws_moveit/devel/lib/libchomp_motion_planner.so.1.1.9
Symlinking /home/jean-pascal/YDAYS_Bras_robot/ws_moveit/devel/lib/pkgconfig/chomp_motion_planner.pc
Cleaning: (/home/jean-pascal/ws_moveit/devel/.private/chomp_motion_planner/cmake.lock, /home/jean-pascal/ws_moveit/devel/./cmake.lock)
Cleaning: (/home/jean-pascal/ws_moveit/devel/.private/chomp_motion_planner/share/chomp_motion_planner/cmake/chomp_motion_plannerConfig.cmake, /home/jean-pascal/ws_moveit/devel/share/chomp_motion_planner/cmake/chomp_motion_plannerConfig.cmake)
Cleaning: (/home/jean-pascal/ws_moveit/devel/.private/chomp_motion_planner/share/chomp_motion_planner/cmake/chomp_motion_plannerConfig-version.cmake, /home/jean-pascal/ws_moveit/devel/share/chomp_motion_planner/cmake/chomp_motion_plannerConfig-version.cmake)
Cleaning: (/home/jean-pascal/ws_moveit/devel/.private/chomp_motion_planner/lib/libchomp_motion_planner.so, /home/jean-pascal/ws_moveit/devel/lib/libchomp_motion_planner.so)
Cleaning: (/home/jean-pascal/ws_moveit/devel/.private/chomp_motion_planner/lib/libchomp_motion_planner.so.1.1.9, /home/jean-pascal/ws_moveit/devel/lib/libchomp_motion_planner.so.1.1.9)
Cleaning: (/home/jean-pascal/ws_moveit/devel/.private/chomp_motion_planner/lib/pkgconfig/chomp_motion_planner.pc, /home/jean-pascal/ws_moveit/devel/lib/pkgconfig/chomp_motion_planner.pc)
Unlinking: /home/jean-pascal/ws_moveit/devel/share/chomp_motion_planner/cmake/chomp_motion_plannerConfig.cmake
Already unlinked: {}
Unlinking: /home/jean-pascal/ws_moveit/devel/share/chomp_motion_planner/cmake/chomp_motion_plannerConfig-version.cmake
Already unlinked: {}
Unlinking: /home/jean-pascal/ws_moveit/devel/lib/libchomp_motion_planner.so
Already unlinked: {}
Unlinking: /home/jean-pascal/ws_moveit/devel/lib/libchomp_motion_planner.so.1.1.9
Already unlinked: {}
Unlinking: /home/jean-pascal/ws_moveit/devel/lib/pkgconfig/chomp_motion_planner.pc
Already unlinked: {}
