Symlinking /home/jean-pascal/YDAYS_Bras_robot/ws_moveit/devel/share/moveit_chomp_optimizer_adapter/cmake/moveit_chomp_optimizer_adapterConfig.cmake
Symlinking /home/jean-pascal/YDAYS_Bras_robot/ws_moveit/devel/share/moveit_chomp_optimizer_adapter/cmake/moveit_chomp_optimizer_adapterConfig-version.cmake
Symlinking /home/jean-pascal/YDAYS_Bras_robot/ws_moveit/devel/lib/libmoveit_chomp_optimizer_adapter.so.1.1.9
Symlinking /home/jean-pascal/YDAYS_Bras_robot/ws_moveit/devel/lib/libmoveit_chomp_optimizer_adapter.so
Symlinking /home/jean-pascal/YDAYS_Bras_robot/ws_moveit/devel/lib/pkgconfig/moveit_chomp_optimizer_adapter.pc
Cleaning: (/home/jean-pascal/ws_moveit/devel/.private/moveit_chomp_optimizer_adapter/cmake.lock, /home/jean-pascal/ws_moveit/devel/./cmake.lock)
Cleaning: (/home/jean-pascal/ws_moveit/devel/.private/moveit_chomp_optimizer_adapter/share/moveit_chomp_optimizer_adapter/cmake/moveit_chomp_optimizer_adapterConfig.cmake, /home/jean-pascal/ws_moveit/devel/share/moveit_chomp_optimizer_adapter/cmake/moveit_chomp_optimizer_adapterConfig.cmake)
Cleaning: (/home/jean-pascal/ws_moveit/devel/.private/moveit_chomp_optimizer_adapter/share/moveit_chomp_optimizer_adapter/cmake/moveit_chomp_optimizer_adapterConfig-version.cmake, /home/jean-pascal/ws_moveit/devel/share/moveit_chomp_optimizer_adapter/cmake/moveit_chomp_optimizer_adapterConfig-version.cmake)
Cleaning: (/home/jean-pascal/ws_moveit/devel/.private/moveit_chomp_optimizer_adapter/lib/libmoveit_chomp_optimizer_adapter.so.1.1.9, /home/jean-pascal/ws_moveit/devel/lib/libmoveit_chomp_optimizer_adapter.so.1.1.9)
Cleaning: (/home/jean-pascal/ws_moveit/devel/.private/moveit_chomp_optimizer_adapter/lib/libmoveit_chomp_optimizer_adapter.so, /home/jean-pascal/ws_moveit/devel/lib/libmoveit_chomp_optimizer_adapter.so)
Cleaning: (/home/jean-pascal/ws_moveit/devel/.private/moveit_chomp_optimizer_adapter/lib/pkgconfig/moveit_chomp_optimizer_adapter.pc, /home/jean-pascal/ws_moveit/devel/lib/pkgconfig/moveit_chomp_optimizer_adapter.pc)
Unlinking: /home/jean-pascal/ws_moveit/devel/share/moveit_chomp_optimizer_adapter/cmake/moveit_chomp_optimizer_adapterConfig.cmake
Already unlinked: {}
Unlinking: /home/jean-pascal/ws_moveit/devel/share/moveit_chomp_optimizer_adapter/cmake/moveit_chomp_optimizer_adapterConfig-version.cmake
Already unlinked: {}
Unlinking: /home/jean-pascal/ws_moveit/devel/lib/libmoveit_chomp_optimizer_adapter.so.1.1.9
Already unlinked: {}
Unlinking: /home/jean-pascal/ws_moveit/devel/lib/libmoveit_chomp_optimizer_adapter.so
Already unlinked: {}
Unlinking: /home/jean-pascal/ws_moveit/devel/lib/pkgconfig/moveit_chomp_optimizer_adapter.pc
Already unlinked: {}
